<?xml version="1.0" encoding="UTF-8" ?>
<testsuite failures="0" time="171.487" errors="2" skipped="0" tests="2" name="com.sugarcrm.test.accounts.Accounts_17651">
  <properties>
[...]
</properties>
  <testcase time="85.743" classname="com.sugarcrm.test.accounts.Accounts_17651" name="execute">
    <error type="com.sugarcrm.sugar.UnfoundElementException">com.sugarcrm.sugar.UnfoundElementException
	at com.sugarcrm.sugar.VoodooControl.waitForElement(VoodooControl.java:138)
	at com.sugarcrm.sugar.VoodooControl.waitForElement(VoodooControl.java:79)
	at com.sugarcrm.sugar.VoodooControl.waitForVisible(VoodooControl.java:181)
	at com.sugarcrm.sugar.VoodooControl.waitForVisible(VoodooControl.java:150)
	at com.sugarcrm.sugar.VoodooControl.click(VoodooControl.java:327)
	at com.sugarcrm.sugar.views.Navbar.navToModule(Navbar.java:108)
	at com.sugarcrm.sugar.views.Navbar.selectMenuItem(Navbar.java:60)
	at com.sugarcrm.test.accounts.Accounts_17651.execute(Accounts_17651.java:22)
	at sun.reflect.NativeMethodAccessorImpl.invoke0(Native Method)
	at sun.reflect.NativeMethodAccessorImpl.invoke(NativeMethodAccessorImpl.java:57)
	at sun.reflect.DelegatingMethodAccessorImpl.invoke(DelegatingMethodAccessorImpl.java:43)
	at java.lang.reflect.Method.invoke(Method.java:606)
	at org.junit.runners.model.FrameworkMethod$1.runReflectiveCall(FrameworkMethod.java:44)
	at org.junit.internal.runners.model.ReflectiveCallable.run(ReflectiveCallable.java:15)
	at org.junit.runners.model.FrameworkMethod.invokeExplosively(FrameworkMethod.java:41)
	at org.junit.internal.runners.statements.InvokeMethod.evaluate(InvokeMethod.java:20)
	at org.junit.internal.runners.statements.RunBefores.evaluate(RunBefores.java:28)
	at org.junit.internal.runners.statements.RunAfters.evaluate(RunAfters.java:31)
	at org.junit.runners.BlockJUnit4ClassRunner.runChild(BlockJUnit4ClassRunner.java:76)
	at org.junit.runners.BlockJUnit4ClassRunner.runChild(BlockJUnit4ClassRunner.java:50)
	at org.junit.runners.ParentRunner$3.run(ParentRunner.java:193)
	at org.junit.runners.ParentRunner$1.schedule(ParentRunner.java:52)
	at org.junit.runners.ParentRunner.runChildren(ParentRunner.java:191)
	at org.junit.runners.ParentRunner.access$000(ParentRunner.java:42)
	at org.junit.runners.ParentRunner$2.evaluate(ParentRunner.java:184)
	at org.junit.internal.runners.statements.RunBefores.evaluate(RunBefores.java:28)
	at org.junit.internal.runners.statements.RunAfters.evaluate(RunAfters.java:31)
	at org.junit.runners.ParentRunner.run(ParentRunner.java:236)
	at org.apache.maven.surefire.junit4.JUnit4Provider.execute(JUnit4Provider.java:252)
	at org.apache.maven.surefire.junit4.JUnit4Provider.executeTestSet(JUnit4Provider.java:141)
	at org.apache.maven.surefire.junit4.JUnit4Provider.invoke(JUnit4Provider.java:112)
	at sun.reflect.NativeMethodAccessorImpl.invoke0(Native Method)
	at sun.reflect.NativeMethodAccessorImpl.invoke(NativeMethodAccessorImpl.java:57)
	at sun.reflect.DelegatingMethodAccessorImpl.invoke(DelegatingMethodAccessorImpl.java:43)
	at java.lang.reflect.Method.invoke(Method.java:606)
	at org.apache.maven.surefire.util.ReflectionUtils.invokeMethodWithArray(ReflectionUtils.java:189)
	at org.apache.maven.surefire.booter.ProviderFactory$ProviderProxy.invoke(ProviderFactory.java:165)
	at org.apache.maven.surefire.booter.ProviderFactory.invokeProvider(ProviderFactory.java:85)
	at org.apache.maven.surefire.booter.ForkedBooter.runSuitesInProcess(ForkedBooter.java:115)
	at org.apache.maven.surefire.booter.ForkedBooter.main(ForkedBooter.java:75)
</error>
    <system-err>Dec 18, 2013 5:10:01 PM com.sugarcrm.test.SugarTest baseSetup
INFO: Setting up SugarTest...
Dec 18, 2013 5:10:01 PM com.sugarcrm.sugar.VoodooUtils launchApp
INFO: Launching app...
Dec 18, 2013 5:10:01 PM com.sugarcrm.candybean.automation.VInterface start
INFO: Starting automation interface with type: CHROME
Dec 18, 2013 5:10:01 PM com.sugarcrm.candybean.automation.VInterface getWebDriver
INFO: chromeDriverLogPath: ./log/chromedriver.log
Dec 18, 2013 5:10:01 PM com.sugarcrm.candybean.automation.VInterface getWebDriver
INFO: chromeDriverPath: ./lib/chromedriver-linux32
Dec 18, 2013 5:10:01 PM com.sugarcrm.candybean.automation.VInterface getWebDriver
INFO: Instantiating Chrome with:
    log path:./log/chromedriver.log
    driver path: ./lib/chromedriver-linux32
Starting ChromeDriver (v2.2) on port 18075
Dec 18, 2013 5:10:03 PM com.sugarcrm.candybean.automation.VInterface go
INFO: Going to URL and switching to window: http://172.30.2.44/SugarUlt
Dec 18, 2013 5:10:05 PM com.sugarcrm.candybean.automation.VInterface maximize
INFO: Maximizing window
Dec 18, 2013 5:10:05 PM com.sugarcrm.sugar.VoodooUtils launchApp
INFO: App launched.
Dec 18, 2013 5:10:05 PM com.sugarcrm.sugar.modules.AccountsModule init
INFO: Init Accounts...
Dec 18, 2013 5:10:05 PM com.sugarcrm.sugar.modules.BugsModule init
INFO: Init Bugs...
Dec 18, 2013 5:10:05 PM com.sugarcrm.sugar.modules.ContactsModule init
INFO: Init Contacts...
Dec 18, 2013 5:10:05 PM com.sugarcrm.sugar.modules.OpportunitiesModule init
INFO: Init Opportunities...
Dec 18, 2013 5:10:05 PM com.sugarcrm.sugar.modules.RevLineItemsModule init
INFO: Init Revenue Line Items...
Dec 18, 2013 5:10:05 PM com.sugarcrm.sugar.modules.LeadsModule init
INFO: Init Leads...
Dec 18, 2013 5:10:05 PM com.sugarcrm.sugar.modules.TargetsModule init
INFO: Init Targets...
Dec 18, 2013 5:10:05 PM com.sugarcrm.sugar.modules.TargetListsModule init
INFO: Init TargetLists...
Dec 18, 2013 5:10:05 PM com.sugarcrm.sugar.modules.CasesModule init
INFO: Init Cases...
Dec 18, 2013 5:10:05 PM com.sugarcrm.sugar.modules.TasksModule init
INFO: Init Tasks...
Dec 18, 2013 5:10:05 PM com.sugarcrm.sugar.modules.NotesModule init
INFO: Init Notes...
Dec 18, 2013 5:10:05 PM com.sugarcrm.sugar.modules.CampaignsModule init
INFO: Init Campaigns...
Dec 18, 2013 5:10:05 PM com.sugarcrm.sugar.modules.DocumentsModule init
INFO: Init Documents...
Dec 18, 2013 5:10:05 PM com.sugarcrm.sugar.modules.QuotesModule init
INFO: Init Quotes...
Dec 18, 2013 5:10:05 PM com.sugarcrm.sugar.modules.MeetingsModule init
INFO: Init Campaigns...
Dec 18, 2013 5:10:05 PM com.sugarcrm.sugar.modules.CallsModule init
INFO: Init Calls...
Dec 18, 2013 5:10:05 PM com.sugarcrm.sugar.modules.AccountsModule init
INFO: Init Accounts...
Dec 18, 2013 5:10:05 PM com.sugarcrm.sugar.modules.BugsModule init
INFO: Init Bugs...
Dec 18, 2013 5:10:05 PM com.sugarcrm.sugar.modules.ContactsModule init
INFO: Init Contacts...
Dec 18, 2013 5:10:05 PM com.sugarcrm.sugar.modules.OpportunitiesModule init
INFO: Init Opportunities...
Dec 18, 2013 5:10:05 PM com.sugarcrm.sugar.modules.RevLineItemsModule init
INFO: Init Revenue Line Items...
Dec 18, 2013 5:10:05 PM com.sugarcrm.sugar.modules.LeadsModule init
INFO: Init Leads...
Dec 18, 2013 5:10:05 PM com.sugarcrm.sugar.modules.TargetsModule init
INFO: Init Targets...
Dec 18, 2013 5:10:05 PM com.sugarcrm.sugar.modules.TargetListsModule init
INFO: Init TargetLists...
Dec 18, 2013 5:10:05 PM com.sugarcrm.sugar.modules.CasesModule init
INFO: Init Cases...
Dec 18, 2013 5:10:05 PM com.sugarcrm.sugar.modules.TasksModule init
INFO: Init Tasks...
Dec 18, 2013 5:10:05 PM com.sugarcrm.sugar.modules.NotesModule init
INFO: Init Notes...
Dec 18, 2013 5:10:05 PM com.sugarcrm.sugar.modules.CampaignsModule init
INFO: Init Campaigns...
Dec 18, 2013 5:10:05 PM com.sugarcrm.sugar.modules.DocumentsModule init
INFO: Init Documents...
Dec 18, 2013 5:10:05 PM com.sugarcrm.sugar.modules.QuotesModule init
INFO: Init Quotes...
Dec 18, 2013 5:10:05 PM com.sugarcrm.sugar.modules.MeetingsModule init
INFO: Init Campaigns...
Dec 18, 2013 5:10:05 PM com.sugarcrm.sugar.modules.CallsModule init
INFO: Init Calls...
Dec 18, 2013 5:10:05 PM com.sugarcrm.sugar.modules.AccountsModule init
INFO: Init Accounts...
Dec 18, 2013 5:10:05 PM com.sugarcrm.sugar.modules.BugsModule init
INFO: Init Bugs...
Dec 18, 2013 5:10:05 PM com.sugarcrm.sugar.modules.ContactsModule init
INFO: Init Contacts...
Dec 18, 2013 5:10:05 PM com.sugarcrm.sugar.modules.OpportunitiesModule init
INFO: Init Opportunities...
Dec 18, 2013 5:10:05 PM com.sugarcrm.sugar.modules.RevLineItemsModule init
INFO: Init Revenue Line Items...
Dec 18, 2013 5:10:05 PM com.sugarcrm.sugar.modules.LeadsModule init
INFO: Init Leads...
Dec 18, 2013 5:10:05 PM com.sugarcrm.sugar.modules.TargetsModule init
INFO: Init Targets...
Dec 18, 2013 5:10:05 PM com.sugarcrm.sugar.modules.TargetListsModule init
INFO: Init TargetLists...
Dec 18, 2013 5:10:05 PM com.sugarcrm.sugar.modules.CasesModule init
INFO: Init Cases...
Dec 18, 2013 5:10:05 PM com.sugarcrm.sugar.modules.TasksModule init
INFO: Init Tasks...
Dec 18, 2013 5:10:05 PM com.sugarcrm.sugar.modules.NotesModule init
INFO: Init Notes...
Dec 18, 2013 5:10:05 PM com.sugarcrm.sugar.modules.CampaignsModule init
INFO: Init Campaigns...
Dec 18, 2013 5:10:05 PM com.sugarcrm.sugar.modules.DocumentsModule init
INFO: Init Documents...
Dec 18, 2013 5:10:05 PM com.sugarcrm.sugar.modules.QuotesModule init
INFO: Init Quotes...
Dec 18, 2013 5:10:05 PM com.sugarcrm.sugar.modules.MeetingsModule init
INFO: Init Campaigns...
Dec 18, 2013 5:10:05 PM com.sugarcrm.sugar.modules.CallsModule init
INFO: Init Calls...
Dec 18, 2013 5:10:05 PM com.sugarcrm.sugar.modules.AccountsModule init
INFO: Init Accounts...
Dec 18, 2013 5:10:05 PM com.sugarcrm.sugar.modules.BugsModule init
INFO: Init Bugs...
Dec 18, 2013 5:10:05 PM com.sugarcrm.sugar.modules.ContactsModule init
INFO: Init Contacts...
Dec 18, 2013 5:10:05 PM com.sugarcrm.sugar.modules.OpportunitiesModule init
INFO: Init Opportunities...
Dec 18, 2013 5:10:05 PM com.sugarcrm.sugar.modules.RevLineItemsModule init
INFO: Init Revenue Line Items...
Dec 18, 2013 5:10:05 PM com.sugarcrm.sugar.modules.LeadsModule init
INFO: Init Leads...
Dec 18, 2013 5:10:05 PM com.sugarcrm.sugar.modules.TargetsModule init
INFO: Init Targets...
Dec 18, 2013 5:10:05 PM com.sugarcrm.sugar.modules.TargetListsModule init
INFO: Init TargetLists...
Dec 18, 2013 5:10:05 PM com.sugarcrm.sugar.modules.CasesModule init
INFO: Init Cases...
Dec 18, 2013 5:10:05 PM com.sugarcrm.sugar.modules.TasksModule init
INFO: Init Tasks...
Dec 18, 2013 5:10:05 PM com.sugarcrm.sugar.modules.NotesModule init
INFO: Init Notes...
Dec 18, 2013 5:10:05 PM com.sugarcrm.sugar.modules.CampaignsModule init
INFO: Init Campaigns...
Dec 18, 2013 5:10:05 PM com.sugarcrm.sugar.modules.DocumentsModule init
INFO: Init Documents...
Dec 18, 2013 5:10:05 PM com.sugarcrm.sugar.modules.QuotesModule init
INFO: Init Quotes...
Dec 18, 2013 5:10:05 PM com.sugarcrm.sugar.modules.MeetingsModule init
INFO: Init Campaigns...
Dec 18, 2013 5:10:05 PM com.sugarcrm.sugar.modules.CallsModule init
INFO: Init Calls...
Dec 18, 2013 5:10:05 PM com.sugarcrm.sugar.modules.AccountsModule init
INFO: Init Accounts...
Dec 18, 2013 5:10:05 PM com.sugarcrm.sugar.modules.BugsModule init
INFO: Init Bugs...
Dec 18, 2013 5:10:05 PM com.sugarcrm.sugar.modules.ContactsModule init
INFO: Init Contacts...
Dec 18, 2013 5:10:05 PM com.sugarcrm.sugar.modules.OpportunitiesModule init
INFO: Init Opportunities...
Dec 18, 2013 5:10:05 PM com.sugarcrm.sugar.modules.RevLineItemsModule init
INFO: Init Revenue Line Items...
Dec 18, 2013 5:10:05 PM com.sugarcrm.sugar.modules.LeadsModule init
INFO: Init Leads...
Dec 18, 2013 5:10:05 PM com.sugarcrm.sugar.modules.TargetsModule init
INFO: Init Targets...
Dec 18, 2013 5:10:05 PM com.sugarcrm.sugar.modules.TargetListsModule init
INFO: Init TargetLists...
Dec 18, 2013 5:10:05 PM com.sugarcrm.sugar.modules.CasesModule init
INFO: Init Cases...
Dec 18, 2013 5:10:05 PM com.sugarcrm.sugar.modules.TasksModule init
INFO: Init Tasks...
Dec 18, 2013 5:10:05 PM com.sugarcrm.sugar.modules.NotesModule init
INFO: Init Notes...
Dec 18, 2013 5:10:05 PM com.sugarcrm.sugar.modules.CampaignsModule init
INFO: Init Campaigns...
Dec 18, 2013 5:10:05 PM com.sugarcrm.sugar.modules.DocumentsModule init
INFO: Init Documents...
Dec 18, 2013 5:10:05 PM com.sugarcrm.sugar.modules.QuotesModule init
INFO: Init Quotes...
Dec 18, 2013 5:10:05 PM com.sugarcrm.sugar.modules.MeetingsModule init
INFO: Init Campaigns...
Dec 18, 2013 5:10:05 PM com.sugarcrm.sugar.modules.CallsModule init
INFO: Init Calls...
Dec 18, 2013 5:10:05 PM com.sugarcrm.sugar.modules.AccountsModule init
INFO: Init Accounts...
Dec 18, 2013 5:10:05 PM com.sugarcrm.sugar.modules.BugsModule init
INFO: Init Bugs...
Dec 18, 2013 5:10:05 PM com.sugarcrm.sugar.modules.ContactsModule init
INFO: Init Contacts...
Dec 18, 2013 5:10:05 PM com.sugarcrm.sugar.modules.OpportunitiesModule init
INFO: Init Opportunities...
Dec 18, 2013 5:10:05 PM com.sugarcrm.sugar.modules.RevLineItemsModule init
INFO: Init Revenue Line Items...
Dec 18, 2013 5:10:05 PM com.sugarcrm.sugar.modules.LeadsModule init
INFO: Init Leads...
Dec 18, 2013 5:10:05 PM com.sugarcrm.sugar.modules.TargetsModule init
INFO: Init Targets...
Dec 18, 2013 5:10:05 PM com.sugarcrm.sugar.modules.TargetListsModule init
INFO: Init TargetLists...
Dec 18, 2013 5:10:05 PM com.sugarcrm.sugar.modules.CasesModule init
INFO: Init Cases...
Dec 18, 2013 5:10:05 PM com.sugarcrm.sugar.modules.TasksModule init
INFO: Init Tasks...
Dec 18, 2013 5:10:05 PM com.sugarcrm.sugar.modules.NotesModule init
INFO: Init Notes...
Dec 18, 2013 5:10:05 PM com.sugarcrm.sugar.modules.CampaignsModule init
INFO: Init Campaigns...
Dec 18, 2013 5:10:05 PM com.sugarcrm.sugar.modules.DocumentsModule init
INFO: Init Documents...
Dec 18, 2013 5:10:05 PM com.sugarcrm.sugar.modules.QuotesModule init
INFO: Init Quotes...
Dec 18, 2013 5:10:05 PM com.sugarcrm.sugar.modules.MeetingsModule init
INFO: Init Campaigns...
Dec 18, 2013 5:10:05 PM com.sugarcrm.sugar.modules.CallsModule init
INFO: Init Calls...
Dec 18, 2013 5:10:05 PM com.sugarcrm.sugar.modules.AccountsModule init
INFO: Init Accounts...
Dec 18, 2013 5:10:05 PM com.sugarcrm.sugar.modules.BugsModule init
INFO: Init Bugs...
Dec 18, 2013 5:10:05 PM com.sugarcrm.sugar.modules.ContactsModule init
INFO: Init Contacts...
Dec 18, 2013 5:10:05 PM com.sugarcrm.sugar.modules.OpportunitiesModule init
INFO: Init Opportunities...
Dec 18, 2013 5:10:05 PM com.sugarcrm.sugar.modules.RevLineItemsModule init
INFO: Init Revenue Line Items...
Dec 18, 2013 5:10:05 PM com.sugarcrm.sugar.modules.LeadsModule init
INFO: Init Leads...
Dec 18, 2013 5:10:05 PM com.sugarcrm.sugar.modules.TargetsModule init
INFO: Init Targets...
Dec 18, 2013 5:10:05 PM com.sugarcrm.sugar.modules.TargetListsModule init
INFO: Init TargetLists...
Dec 18, 2013 5:10:05 PM com.sugarcrm.sugar.modules.CasesModule init
INFO: Init Cases...
Dec 18, 2013 5:10:05 PM com.sugarcrm.sugar.modules.TasksModule init
INFO: Init Tasks...
Dec 18, 2013 5:10:05 PM com.sugarcrm.sugar.modules.NotesModule init
INFO: Init Notes...
Dec 18, 2013 5:10:05 PM com.sugarcrm.sugar.modules.CampaignsModule init
INFO: Init Campaigns...
Dec 18, 2013 5:10:05 PM com.sugarcrm.sugar.modules.DocumentsModule init
INFO: Init Documents...
Dec 18, 2013 5:10:05 PM com.sugarcrm.sugar.modules.QuotesModule init
INFO: Init Quotes...
Dec 18, 2013 5:10:05 PM com.sugarcrm.sugar.modules.MeetingsModule init
INFO: Init Campaigns...
Dec 18, 2013 5:10:05 PM com.sugarcrm.sugar.modules.CallsModule init
INFO: Init Calls...
Dec 18, 2013 5:10:05 PM com.sugarcrm.sugar.modules.AccountsModule init
INFO: Init Accounts...
Dec 18, 2013 5:10:05 PM com.sugarcrm.sugar.modules.BugsModule init
INFO: Init Bugs...
Dec 18, 2013 5:10:05 PM com.sugarcrm.sugar.modules.ContactsModule init
INFO: Init Contacts...
Dec 18, 2013 5:10:05 PM com.sugarcrm.sugar.modules.OpportunitiesModule init
INFO: Init Opportunities...
Dec 18, 2013 5:10:05 PM com.sugarcrm.sugar.modules.RevLineItemsModule init
INFO: Init Revenue Line Items...
Dec 18, 2013 5:10:05 PM com.sugarcrm.sugar.modules.LeadsModule init
INFO: Init Leads...
Dec 18, 2013 5:10:05 PM com.sugarcrm.sugar.modules.TargetsModule init
INFO: Init Targets...
Dec 18, 2013 5:10:05 PM com.sugarcrm.sugar.modules.TargetListsModule init
INFO: Init TargetLists...
Dec 18, 2013 5:10:05 PM com.sugarcrm.sugar.modules.CasesModule init
INFO: Init Cases...
Dec 18, 2013 5:10:05 PM com.sugarcrm.sugar.modules.TasksModule init
INFO: Init Tasks...
Dec 18, 2013 5:10:05 PM com.sugarcrm.sugar.modules.NotesModule init
INFO: Init Notes...
Dec 18, 2013 5:10:05 PM com.sugarcrm.sugar.modules.CampaignsModule init
INFO: Init Campaigns...
Dec 18, 2013 5:10:05 PM com.sugarcrm.sugar.modules.DocumentsModule init
INFO: Init Documents...
Dec 18, 2013 5:10:05 PM com.sugarcrm.sugar.modules.QuotesModule init
INFO: Init Quotes...
Dec 18, 2013 5:10:05 PM com.sugarcrm.sugar.modules.MeetingsModule init
INFO: Init Campaigns...
Dec 18, 2013 5:10:05 PM com.sugarcrm.sugar.modules.CallsModule init
INFO: Init Calls...
Dec 18, 2013 5:10:05 PM com.sugarcrm.sugar.modules.AccountsModule init
INFO: Init Accounts...
Dec 18, 2013 5:10:05 PM com.sugarcrm.sugar.modules.BugsModule init
INFO: Init Bugs...
Dec 18, 2013 5:10:05 PM com.sugarcrm.sugar.modules.ContactsModule init
INFO: Init Contacts...
Dec 18, 2013 5:10:05 PM com.sugarcrm.sugar.modules.OpportunitiesModule init
INFO: Init Opportunities...
Dec 18, 2013 5:10:05 PM com.sugarcrm.sugar.modules.RevLineItemsModule init
INFO: Init Revenue Line Items...
Dec 18, 2013 5:10:05 PM com.sugarcrm.sugar.modules.LeadsModule init
INFO: Init Leads...
Dec 18, 2013 5:10:05 PM com.sugarcrm.sugar.modules.TargetsModule init
INFO: Init Targets...
Dec 18, 2013 5:10:05 PM com.sugarcrm.sugar.modules.TargetListsModule init
INFO: Init TargetLists...
Dec 18, 2013 5:10:05 PM com.sugarcrm.sugar.modules.CasesModule init
INFO: Init Cases...
Dec 18, 2013 5:10:05 PM com.sugarcrm.sugar.modules.TasksModule init
INFO: Init Tasks...
Dec 18, 2013 5:10:05 PM com.sugarcrm.sugar.modules.NotesModule init
INFO: Init Notes...
Dec 18, 2013 5:10:05 PM com.sugarcrm.sugar.modules.CampaignsModule init
INFO: Init Campaigns...
Dec 18, 2013 5:10:05 PM com.sugarcrm.sugar.modules.DocumentsModule init
INFO: Init Documents...
Dec 18, 2013 5:10:05 PM com.sugarcrm.sugar.modules.QuotesModule init
INFO: Init Quotes...
Dec 18, 2013 5:10:05 PM com.sugarcrm.sugar.modules.MeetingsModule init
INFO: Init Campaigns...
Dec 18, 2013 5:10:05 PM com.sugarcrm.sugar.modules.CallsModule init
INFO: Init Calls...
Dec 18, 2013 5:10:05 PM com.sugarcrm.sugar.modules.AccountsModule init
INFO: Init Accounts...
Dec 18, 2013 5:10:05 PM com.sugarcrm.sugar.modules.BugsModule init
INFO: Init Bugs...
Dec 18, 2013 5:10:05 PM com.sugarcrm.sugar.modules.ContactsModule init
INFO: Init Contacts...
Dec 18, 2013 5:10:05 PM com.sugarcrm.sugar.modules.OpportunitiesModule init
INFO: Init Opportunities...
Dec 18, 2013 5:10:05 PM com.sugarcrm.sugar.modules.RevLineItemsModule init
INFO: Init Revenue Line Items...
Dec 18, 2013 5:10:05 PM com.sugarcrm.sugar.modules.LeadsModule init
INFO: Init Leads...
Dec 18, 2013 5:10:05 PM com.sugarcrm.sugar.modules.TargetsModule init
INFO: Init Targets...
Dec 18, 2013 5:10:05 PM com.sugarcrm.sugar.modules.TargetListsModule init
INFO: Init TargetLists...
Dec 18, 2013 5:10:05 PM com.sugarcrm.sugar.modules.CasesModule init
INFO: Init Cases...
Dec 18, 2013 5:10:05 PM com.sugarcrm.sugar.modules.TasksModule init
INFO: Init Tasks...
Dec 18, 2013 5:10:05 PM com.sugarcrm.sugar.modules.NotesModule init
INFO: Init Notes...
Dec 18, 2013 5:10:05 PM com.sugarcrm.sugar.modules.CampaignsModule init
INFO: Init Campaigns...
Dec 18, 2013 5:10:05 PM com.sugarcrm.sugar.modules.DocumentsModule init
INFO: Init Documents...
Dec 18, 2013 5:10:05 PM com.sugarcrm.sugar.modules.QuotesModule init
INFO: Init Quotes...
Dec 18, 2013 5:10:05 PM com.sugarcrm.sugar.modules.MeetingsModule init
INFO: Init Campaigns...
Dec 18, 2013 5:10:05 PM com.sugarcrm.sugar.modules.CallsModule init
INFO: Init Calls...
Dec 18, 2013 5:10:05 PM com.sugarcrm.test.SugarTest baseSetup
INFO: Setting up Accounts_17651...
Dec 18, 2013 5:10:05 PM com.sugarcrm.candybean.configuration.Configuration setValue
INFO: Set key value property: {datasource.csv.baseDir, src/test/resources/data}
Dec 18, 2013 5:10:05 PM com.sugarcrm.test.SugarTest baseSetup
WARNING: The file Accounts_17651 does not exist, or is misspelled!
Dec 18, 2013 5:10:10 PM com.sugarcrm.sugar.VoodooControl waitForElement
INFO: Waited 5011ms, 5011ms elapsed so far.
Dec 18, 2013 5:10:15 PM com.sugarcrm.sugar.VoodooControl waitForElement
INFO: Waited 5014ms, 10026ms elapsed so far.
Dec 18, 2013 5:10:20 PM com.sugarcrm.sugar.VoodooControl waitForElement
INFO: Waited 5004ms, 15030ms elapsed so far.
Dec 18, 2013 5:10:20 PM com.sugarcrm.sugar.VoodooControl waitForElement
INFO: Waited 15030ms for &lt;a css=&quot;#userActions a&quot; /&gt;.
Dec 18, 2013 5:10:20 PM com.sugarcrm.sugar.VoodooControl waitForElement
INFO: Find took 13ms.
Dec 18, 2013 5:10:20 PM com.sugarcrm.sugar.VoodooControl waitForElement
INFO: Find took 6ms.
Dec 18, 2013 5:10:20 PM com.sugarcrm.candybean.automation.control.VControl isDisplayed
INFO: Selenium: determining if control is visible: VControl(VHook(NAME,username))
Dec 18, 2013 5:10:20 PM com.sugarcrm.sugar.VoodooControl waitForElement
INFO: Find took 5ms.
Dec 18, 2013 5:10:20 PM com.sugarcrm.candybean.automation.control.VControl isDisplayed
INFO: Selenium: determining if control is visible: VControl(VHook(NAME,username))
Dec 18, 2013 5:10:20 PM com.sugarcrm.sugar.VoodooControl waitForVisible
INFO: &lt;input name=&quot;username&quot; /&gt; became visible in 43ms.
Dec 18, 2013 5:10:20 PM com.sugarcrm.sugar.VoodooControl set
INFO: Setting &lt;input name=&quot;username&quot; /&gt; to admin
Dec 18, 2013 5:10:20 PM com.sugarcrm.sugar.VoodooControl waitForElement
INFO: Find took 5ms.
Dec 18, 2013 5:10:20 PM com.sugarcrm.sugar.VoodooControl waitForElement
INFO: Find took 5ms.
Dec 18, 2013 5:10:20 PM com.sugarcrm.candybean.automation.control.VControl isDisplayed
INFO: Selenium: determining if control is visible: VControl(VHook(NAME,username))
Dec 18, 2013 5:10:20 PM com.sugarcrm.sugar.VoodooControl waitForElement
INFO: Find took 5ms.
Dec 18, 2013 5:10:20 PM com.sugarcrm.candybean.automation.control.VControl isDisplayed
INFO: Selenium: determining if control is visible: VControl(VHook(NAME,username))
Dec 18, 2013 5:10:20 PM com.sugarcrm.sugar.VoodooControl waitForVisible
INFO: &lt;input name=&quot;username&quot; /&gt; became visible in 28ms.
Dec 18, 2013 5:10:20 PM com.sugarcrm.sugar.VoodooControl waitForElement
INFO: Find took 5ms.
Dec 18, 2013 5:10:20 PM com.sugarcrm.sugar.VoodooControl waitForElement
INFO: Find took 5ms.
Dec 18, 2013 5:10:20 PM com.sugarcrm.candybean.automation.control.VControl isDisplayed
INFO: Selenium: determining if control is visible: VControl(VHook(NAME,username))
Dec 18, 2013 5:10:20 PM com.sugarcrm.sugar.VoodooControl waitForElement
INFO: Find took 5ms.
Dec 18, 2013 5:10:20 PM com.sugarcrm.candybean.automation.control.VControl isDisplayed
INFO: Selenium: determining if control is visible: VControl(VHook(NAME,username))
Dec 18, 2013 5:10:20 PM com.sugarcrm.sugar.VoodooControl waitForVisible
INFO: &lt;input name=&quot;username&quot; /&gt; became visible in 26ms.
Dec 18, 2013 5:10:20 PM com.sugarcrm.candybean.automation.control.VControl getAttribute
INFO: Selenium: getting attribute: type for control: VControl(VHook(NAME,username))
Dec 18, 2013 5:10:20 PM com.sugarcrm.sugar.VoodooControl waitForElement
INFO: Find took 5ms.
Dec 18, 2013 5:10:20 PM com.sugarcrm.sugar.VoodooControl waitForElement
INFO: Find took 8ms.
Dec 18, 2013 5:10:20 PM com.sugarcrm.candybean.automation.control.VControl isDisplayed
INFO: Selenium: determining if control is visible: VControl(VHook(NAME,username))
Dec 18, 2013 5:10:20 PM com.sugarcrm.sugar.VoodooControl waitForElement
INFO: Find took 4ms.
Dec 18, 2013 5:10:20 PM com.sugarcrm.candybean.automation.control.VControl isDisplayed
INFO: Selenium: determining if control is visible: VControl(VHook(NAME,username))
Dec 18, 2013 5:10:20 PM com.sugarcrm.sugar.VoodooControl waitForVisible
INFO: &lt;input name=&quot;username&quot; /&gt; became visible in 28ms.
Dec 18, 2013 5:10:20 PM com.sugarcrm.candybean.automation.control.VControl sendString
INFO: Selenium: sending string: admin to control: VControl(VHook(NAME,username))
Dec 18, 2013 5:10:20 PM com.sugarcrm.sugar.VoodooControl set
INFO: Setting &lt;input name=&quot;password&quot; /&gt; to asdf
Dec 18, 2013 5:10:20 PM com.sugarcrm.sugar.VoodooControl waitForElement
INFO: Find took 16ms.
Dec 18, 2013 5:10:20 PM com.sugarcrm.sugar.VoodooControl waitForElement
INFO: Find took 8ms.
Dec 18, 2013 5:10:20 PM com.sugarcrm.candybean.automation.control.VControl isDisplayed
INFO: Selenium: determining if control is visible: VControl(VHook(NAME,password))
Dec 18, 2013 5:10:20 PM com.sugarcrm.sugar.VoodooControl waitForElement
INFO: Find took 5ms.
Dec 18, 2013 5:10:20 PM com.sugarcrm.candybean.automation.control.VControl isDisplayed
INFO: Selenium: determining if control is visible: VControl(VHook(NAME,password))
Dec 18, 2013 5:10:20 PM com.sugarcrm.sugar.VoodooControl waitForVisible
INFO: &lt;input name=&quot;password&quot; /&gt; became visible in 69ms.
Dec 18, 2013 5:10:20 PM com.sugarcrm.sugar.VoodooControl waitForElement
INFO: Find took 5ms.
Dec 18, 2013 5:10:20 PM com.sugarcrm.sugar.VoodooControl waitForElement
INFO: Find took 5ms.
Dec 18, 2013 5:10:20 PM com.sugarcrm.candybean.automation.control.VControl isDisplayed
INFO: Selenium: determining if control is visible: VControl(VHook(NAME,password))
Dec 18, 2013 5:10:20 PM com.sugarcrm.sugar.VoodooControl waitForElement
INFO: Find took 4ms.
Dec 18, 2013 5:10:20 PM com.sugarcrm.candybean.automation.control.VControl isDisplayed
INFO: Selenium: determining if control is visible: VControl(VHook(NAME,password))
Dec 18, 2013 5:10:20 PM com.sugarcrm.sugar.VoodooControl waitForVisible
INFO: &lt;input name=&quot;password&quot; /&gt; became visible in 26ms.
Dec 18, 2013 5:10:20 PM com.sugarcrm.candybean.automation.control.VControl getAttribute
INFO: Selenium: getting attribute: type for control: VControl(VHook(NAME,password))
Dec 18, 2013 5:10:20 PM com.sugarcrm.sugar.VoodooControl waitForElement
INFO: Find took 5ms.
Dec 18, 2013 5:10:20 PM com.sugarcrm.sugar.VoodooControl waitForElement
INFO: Find took 4ms.
Dec 18, 2013 5:10:20 PM com.sugarcrm.candybean.automation.control.VControl isDisplayed
INFO: Selenium: determining if control is visible: VControl(VHook(NAME,password))
Dec 18, 2013 5:10:20 PM com.sugarcrm.sugar.VoodooControl waitForElement
INFO: Find took 6ms.
Dec 18, 2013 5:10:20 PM com.sugarcrm.candybean.automation.control.VControl isDisplayed
INFO: Selenium: determining if control is visible: VControl(VHook(NAME,password))
Dec 18, 2013 5:10:20 PM com.sugarcrm.sugar.VoodooControl waitForVisible
INFO: &lt;input name=&quot;password&quot; /&gt; became visible in 29ms.
Dec 18, 2013 5:10:20 PM com.sugarcrm.candybean.automation.control.VControl sendString
INFO: Selenium: sending string: asdf to control: VControl(VHook(NAME,password))
Dec 18, 2013 5:10:20 PM com.sugarcrm.sugar.VoodooControl click
INFO: Clicking &lt;a name=&quot;login_button&quot; /&gt;.
Dec 18, 2013 5:10:20 PM com.sugarcrm.sugar.VoodooControl waitForElement
INFO: Find took 14ms.
Dec 18, 2013 5:10:20 PM com.sugarcrm.sugar.VoodooControl waitForElement
INFO: Find took 5ms.
Dec 18, 2013 5:10:20 PM com.sugarcrm.candybean.automation.control.VControl isDisplayed
INFO: Selenium: determining if control is visible: VControl(VHook(NAME,login_button))
Dec 18, 2013 5:10:20 PM com.sugarcrm.sugar.VoodooControl waitForElement
INFO: Find took 5ms.
Dec 18, 2013 5:10:20 PM com.sugarcrm.candybean.automation.control.VControl isDisplayed
INFO: Selenium: determining if control is visible: VControl(VHook(NAME,login_button))
Dec 18, 2013 5:10:20 PM com.sugarcrm.sugar.VoodooControl waitForVisible
INFO: &lt;a name=&quot;login_button&quot; /&gt; became visible in 50ms.
Dec 18, 2013 5:10:20 PM com.sugarcrm.candybean.automation.control.VControl click
INFO: Selenium: clicking on control: VControl(VHook(NAME,login_button))
Dec 18, 2013 5:10:20 PM com.sugarcrm.sugar.VoodooControl waitForElement
INFO: Find took 13ms.
Dec 18, 2013 5:10:20 PM com.sugarcrm.candybean.automation.control.VControl isDisplayed
INFO: Selenium: determining if control is visible: VControl(VHook(CSS,#alerts))
Dec 18, 2013 5:10:20 PM com.sugarcrm.candybean.automation.VInterface pause
INFO: Pausing for 250ms via thread sleep.
Dec 18, 2013 5:10:21 PM com.sugarcrm.sugar.VoodooControl waitForElement
INFO: Find took 6ms.
Dec 18, 2013 5:10:21 PM com.sugarcrm.candybean.automation.control.VControl isDisplayed
INFO: Selenium: determining if control is visible: VControl(VHook(CSS,#alerts))
Dec 18, 2013 5:10:21 PM com.sugarcrm.candybean.automation.VInterface pause
INFO: Pausing for 250ms via thread sleep.
Dec 18, 2013 5:10:21 PM com.sugarcrm.sugar.VoodooControl waitForElement
INFO: Find took 8ms.
Dec 18, 2013 5:10:21 PM com.sugarcrm.candybean.automation.control.VControl isDisplayed
INFO: Selenium: determining if control is visible: VControl(VHook(CSS,#alerts))
Dec 18, 2013 5:10:21 PM com.sugarcrm.candybean.automation.VInterface pause
INFO: Pausing for 250ms via thread sleep.
Dec 18, 2013 5:10:21 PM com.sugarcrm.sugar.VoodooControl waitForElement
INFO: Find took 12ms.
Dec 18, 2013 5:10:21 PM com.sugarcrm.candybean.automation.control.VControl isDisplayed
INFO: Selenium: determining if control is visible: VControl(VHook(CSS,#alerts))
Dec 18, 2013 5:10:21 PM com.sugarcrm.candybean.automation.VInterface pause
INFO: Pausing for 250ms via thread sleep.
Dec 18, 2013 5:10:22 PM com.sugarcrm.sugar.VoodooControl waitForElement
INFO: Find took 8ms.
Dec 18, 2013 5:10:22 PM com.sugarcrm.candybean.automation.control.VControl isDisplayed
INFO: Selenium: determining if control is visible: VControl(VHook(CSS,#alerts))
Dec 18, 2013 5:10:22 PM com.sugarcrm.candybean.automation.VInterface pause
INFO: Pausing for 250ms via thread sleep.
Dec 18, 2013 5:10:22 PM com.sugarcrm.sugar.VoodooControl waitForElement
INFO: Find took 99ms.
Dec 18, 2013 5:10:22 PM com.sugarcrm.candybean.automation.control.VControl isDisplayed
INFO: Selenium: determining if control is visible: VControl(VHook(CSS,#alerts))
Dec 18, 2013 5:10:22 PM com.sugarcrm.candybean.automation.VInterface pause
INFO: Pausing for 250ms via thread sleep.
Dec 18, 2013 5:10:22 PM com.sugarcrm.sugar.VoodooControl waitForElement
INFO: Find took 336ms.
Dec 18, 2013 5:10:22 PM com.sugarcrm.candybean.automation.control.VControl isDisplayed
INFO: Selenium: determining if control is visible: VControl(VHook(CSS,#alerts))
Dec 18, 2013 5:10:23 PM com.sugarcrm.candybean.automation.VInterface pause
INFO: Pausing for 250ms via thread sleep.
Dec 18, 2013 5:10:23 PM com.sugarcrm.sugar.VoodooControl waitForElement
INFO: Find took 90ms.
Dec 18, 2013 5:10:23 PM com.sugarcrm.candybean.automation.control.VControl isDisplayed
INFO: Selenium: determining if control is visible: VControl(VHook(CSS,#alerts))
Dec 18, 2013 5:10:23 PM com.sugarcrm.candybean.automation.VInterface pause
INFO: Pausing for 250ms via thread sleep.
Dec 18, 2013 5:10:23 PM com.sugarcrm.sugar.VoodooControl waitForElement
INFO: Find took 6ms.
Dec 18, 2013 5:10:23 PM com.sugarcrm.candybean.automation.control.VControl isDisplayed
INFO: Selenium: determining if control is visible: VControl(VHook(CSS,#alerts))
Dec 18, 2013 5:10:23 PM com.sugarcrm.candybean.automation.VInterface pause
INFO: Pausing for 250ms via thread sleep.
Dec 18, 2013 5:10:24 PM com.sugarcrm.sugar.VoodooControl waitForElement
INFO: Find took 347ms.
Dec 18, 2013 5:10:24 PM com.sugarcrm.candybean.automation.control.VControl isDisplayed
INFO: Selenium: determining if control is visible: VControl(VHook(CSS,#alerts))
Dec 18, 2013 5:10:24 PM com.sugarcrm.candybean.automation.VInterface pause
INFO: Pausing for 250ms via thread sleep.
Dec 18, 2013 5:10:24 PM com.sugarcrm.sugar.VoodooControl waitForElement
INFO: Find took 6ms.
Dec 18, 2013 5:10:24 PM com.sugarcrm.candybean.automation.control.VControl isDisplayed
INFO: Selenium: determining if control is visible: VControl(VHook(CSS,#alerts))
Dec 18, 2013 5:10:24 PM com.sugarcrm.candybean.automation.VInterface pause
INFO: Pausing for 250ms via thread sleep.
Dec 18, 2013 5:10:24 PM com.sugarcrm.sugar.VoodooControl waitForElement
INFO: Find took 10ms.
Dec 18, 2013 5:10:24 PM com.sugarcrm.candybean.automation.control.VControl isDisplayed
INFO: Selenium: determining if control is visible: VControl(VHook(CSS,#alerts))
Dec 18, 2013 5:10:24 PM com.sugarcrm.candybean.automation.VInterface pause
INFO: Pausing for 250ms via thread sleep.
Dec 18, 2013 5:10:25 PM com.sugarcrm.sugar.VoodooControl waitForElement
INFO: Find took 6ms.
Dec 18, 2013 5:10:25 PM com.sugarcrm.candybean.automation.control.VControl isDisplayed
INFO: Selenium: determining if control is visible: VControl(VHook(CSS,#alerts))
Dec 18, 2013 5:10:25 PM com.sugarcrm.candybean.automation.VInterface pause
INFO: Pausing for 250ms via thread sleep.
Dec 18, 2013 5:10:25 PM com.sugarcrm.sugar.VoodooControl waitForElement
INFO: Find took 5ms.
Dec 18, 2013 5:10:25 PM com.sugarcrm.candybean.automation.control.VControl isDisplayed
INFO: Selenium: determining if control is visible: VControl(VHook(CSS,#alerts))
Dec 18, 2013 5:10:25 PM com.sugarcrm.candybean.automation.VInterface pause
INFO: Pausing for 250ms via thread sleep.
Dec 18, 2013 5:10:25 PM com.sugarcrm.sugar.VoodooControl waitForElement
INFO: Find took 6ms.
Dec 18, 2013 5:10:25 PM com.sugarcrm.candybean.automation.control.VControl isDisplayed
INFO: Selenium: determining if control is visible: VControl(VHook(CSS,#alerts))
Dec 18, 2013 5:10:25 PM com.sugarcrm.candybean.automation.VInterface pause
INFO: Pausing for 250ms via thread sleep.
Dec 18, 2013 5:10:25 PM com.sugarcrm.sugar.VoodooControl waitForElement
INFO: Find took 4ms.
Dec 18, 2013 5:10:25 PM com.sugarcrm.candybean.automation.control.VControl isDisplayed
INFO: Selenium: determining if control is visible: VControl(VHook(CSS,#alerts))
Dec 18, 2013 5:10:25 PM com.sugarcrm.candybean.automation.VInterface pause
INFO: Pausing for 250ms via thread sleep.
Dec 18, 2013 5:10:26 PM com.sugarcrm.sugar.VoodooControl waitForElement
INFO: Find took 5ms.
Dec 18, 2013 5:10:26 PM com.sugarcrm.candybean.automation.control.VControl isDisplayed
INFO: Selenium: determining if control is visible: VControl(VHook(CSS,#alerts))
Dec 18, 2013 5:10:26 PM com.sugarcrm.candybean.automation.VInterface pause
INFO: Pausing for 250ms via thread sleep.
Dec 18, 2013 5:10:26 PM com.sugarcrm.sugar.VoodooControl waitForElement
INFO: Find took 5ms.
Dec 18, 2013 5:10:26 PM com.sugarcrm.candybean.automation.control.VControl isDisplayed
INFO: Selenium: determining if control is visible: VControl(VHook(CSS,#alerts))
Dec 18, 2013 5:10:26 PM com.sugarcrm.candybean.automation.VInterface pause
INFO: Pausing for 250ms via thread sleep.
Dec 18, 2013 5:10:26 PM com.sugarcrm.sugar.VoodooControl waitForElement
INFO: Find took 5ms.
Dec 18, 2013 5:10:26 PM com.sugarcrm.candybean.automation.control.VControl isDisplayed
INFO: Selenium: determining if control is visible: VControl(VHook(CSS,#alerts))
Dec 18, 2013 5:10:26 PM com.sugarcrm.candybean.automation.VInterface pause
INFO: Pausing for 250ms via thread sleep.
Dec 18, 2013 5:10:26 PM com.sugarcrm.sugar.VoodooControl waitForElement
INFO: Find took 6ms.
Dec 18, 2013 5:10:26 PM com.sugarcrm.candybean.automation.control.VControl isDisplayed
INFO: Selenium: determining if control is visible: VControl(VHook(CSS,#alerts))
Dec 18, 2013 5:10:26 PM com.sugarcrm.candybean.automation.VInterface pause
INFO: Pausing for 250ms via thread sleep.
Dec 18, 2013 5:10:27 PM com.sugarcrm.sugar.VoodooControl waitForElement
INFO: Find took 6ms.
Dec 18, 2013 5:10:27 PM com.sugarcrm.candybean.automation.control.VControl isDisplayed
INFO: Selenium: determining if control is visible: VControl(VHook(CSS,#alerts))
Dec 18, 2013 5:10:27 PM com.sugarcrm.candybean.automation.VInterface pause
INFO: Pausing for 250ms via thread sleep.
Dec 18, 2013 5:10:27 PM com.sugarcrm.sugar.VoodooControl waitForElement
INFO: Find took 5ms.
Dec 18, 2013 5:10:27 PM com.sugarcrm.candybean.automation.control.VControl isDisplayed
INFO: Selenium: determining if control is visible: VControl(VHook(CSS,#alerts))
Dec 18, 2013 5:10:27 PM com.sugarcrm.candybean.automation.VInterface pause
INFO: Pausing for 250ms via thread sleep.
Dec 18, 2013 5:10:27 PM com.sugarcrm.sugar.VoodooControl waitForElement
INFO: Find took 4ms.
Dec 18, 2013 5:10:27 PM com.sugarcrm.candybean.automation.control.VControl isDisplayed
INFO: Selenium: determining if control is visible: VControl(VHook(CSS,#alerts))
Dec 18, 2013 5:10:27 PM com.sugarcrm.candybean.automation.VInterface pause
INFO: Pausing for 250ms via thread sleep.
Dec 18, 2013 5:10:28 PM com.sugarcrm.sugar.VoodooControl waitForElement
INFO: Find took 4ms.
Dec 18, 2013 5:10:28 PM com.sugarcrm.candybean.automation.control.VControl isDisplayed
INFO: Selenium: determining if control is visible: VControl(VHook(CSS,#alerts))
Dec 18, 2013 5:10:28 PM com.sugarcrm.candybean.automation.VInterface pause
INFO: Pausing for 250ms via thread sleep.
Dec 18, 2013 5:10:28 PM com.sugarcrm.sugar.VoodooControl waitForElement
INFO: Find took 5ms.
Dec 18, 2013 5:10:28 PM com.sugarcrm.candybean.automation.control.VControl isDisplayed
INFO: Selenium: determining if control is visible: VControl(VHook(CSS,#alerts))
Dec 18, 2013 5:10:28 PM com.sugarcrm.candybean.automation.VInterface pause
INFO: Pausing for 250ms via thread sleep.
Dec 18, 2013 5:10:28 PM com.sugarcrm.sugar.VoodooControl waitForElement
INFO: Find took 5ms.
Dec 18, 2013 5:10:28 PM com.sugarcrm.candybean.automation.control.VControl isDisplayed
INFO: Selenium: determining if control is visible: VControl(VHook(CSS,#alerts))
Dec 18, 2013 5:10:28 PM com.sugarcrm.candybean.automation.VInterface pause
INFO: Pausing for 250ms via thread sleep.
Dec 18, 2013 5:10:28 PM com.sugarcrm.sugar.VoodooControl waitForElement
INFO: Find took 5ms.
Dec 18, 2013 5:10:28 PM com.sugarcrm.candybean.automation.control.VControl isDisplayed
INFO: Selenium: determining if control is visible: VControl(VHook(CSS,#alerts))
Dec 18, 2013 5:10:28 PM com.sugarcrm.candybean.automation.VInterface pause
INFO: Pausing for 250ms via thread sleep.
Dec 18, 2013 5:10:29 PM com.sugarcrm.sugar.VoodooControl waitForElement
INFO: Find took 5ms.
Dec 18, 2013 5:10:29 PM com.sugarcrm.candybean.automation.control.VControl isDisplayed
INFO: Selenium: determining if control is visible: VControl(VHook(CSS,#alerts))
Dec 18, 2013 5:10:29 PM com.sugarcrm.candybean.automation.VInterface pause
INFO: Pausing for 250ms via thread sleep.
Dec 18, 2013 5:10:29 PM com.sugarcrm.sugar.VoodooControl waitForElement
INFO: Find took 5ms.
Dec 18, 2013 5:10:29 PM com.sugarcrm.candybean.automation.control.VControl isDisplayed
INFO: Selenium: determining if control is visible: VControl(VHook(CSS,#alerts))
Dec 18, 2013 5:10:29 PM com.sugarcrm.candybean.automation.VInterface pause
INFO: Pausing for 250ms via thread sleep.
Dec 18, 2013 5:10:29 PM com.sugarcrm.sugar.VoodooControl waitForElement
INFO: Find took 6ms.
Dec 18, 2013 5:10:29 PM com.sugarcrm.candybean.automation.control.VControl isDisplayed
INFO: Selenium: determining if control is visible: VControl(VHook(CSS,#alerts))
Dec 18, 2013 5:10:29 PM com.sugarcrm.candybean.automation.VInterface pause
INFO: Pausing for 250ms via thread sleep.
Dec 18, 2013 5:10:29 PM com.sugarcrm.sugar.VoodooControl waitForElement
INFO: Find took 5ms.
Dec 18, 2013 5:10:29 PM com.sugarcrm.candybean.automation.control.VControl isDisplayed
INFO: Selenium: determining if control is visible: VControl(VHook(CSS,#alerts))
Dec 18, 2013 5:10:29 PM com.sugarcrm.candybean.automation.VInterface pause
INFO: Pausing for 250ms via thread sleep.
Dec 18, 2013 5:10:30 PM com.sugarcrm.sugar.VoodooControl waitForElement
INFO: Find took 5ms.
Dec 18, 2013 5:10:30 PM com.sugarcrm.candybean.automation.control.VControl isDisplayed
INFO: Selenium: determining if control is visible: VControl(VHook(CSS,#alerts))
Dec 18, 2013 5:10:30 PM com.sugarcrm.candybean.automation.VInterface pause
INFO: Pausing for 250ms via thread sleep.
Dec 18, 2013 5:10:30 PM com.sugarcrm.sugar.VoodooControl waitForElement
INFO: Find took 5ms.
Dec 18, 2013 5:10:30 PM com.sugarcrm.candybean.automation.control.VControl isDisplayed
INFO: Selenium: determining if control is visible: VControl(VHook(CSS,#alerts))
Dec 18, 2013 5:10:30 PM com.sugarcrm.candybean.automation.VInterface pause
INFO: Pausing for 250ms via thread sleep.
Dec 18, 2013 5:10:30 PM com.sugarcrm.sugar.VoodooControl waitForElement
INFO: Find took 5ms.
Dec 18, 2013 5:10:30 PM com.sugarcrm.candybean.automation.control.VControl isDisplayed
INFO: Selenium: determining if control is visible: VControl(VHook(CSS,#alerts))
Dec 18, 2013 5:10:30 PM com.sugarcrm.candybean.automation.VInterface pause
INFO: Pausing for 250ms via thread sleep.
Dec 18, 2013 5:10:30 PM com.sugarcrm.sugar.VoodooControl waitForElement
INFO: Find took 5ms.
Dec 18, 2013 5:10:30 PM com.sugarcrm.candybean.automation.control.VControl isDisplayed
INFO: Selenium: determining if control is visible: VControl(VHook(CSS,#alerts))
Dec 18, 2013 5:10:30 PM com.sugarcrm.candybean.automation.VInterface pause
INFO: Pausing for 250ms via thread sleep.
Dec 18, 2013 5:10:31 PM com.sugarcrm.sugar.VoodooControl waitForElement
INFO: Find took 5ms.
Dec 18, 2013 5:10:31 PM com.sugarcrm.candybean.automation.control.VControl isDisplayed
INFO: Selenium: determining if control is visible: VControl(VHook(CSS,#alerts))
Dec 18, 2013 5:10:31 PM com.sugarcrm.candybean.automation.VInterface pause
INFO: Pausing for 250ms via thread sleep.
Dec 18, 2013 5:10:31 PM com.sugarcrm.sugar.VoodooControl waitForElement
INFO: Find took 5ms.
Dec 18, 2013 5:10:31 PM com.sugarcrm.candybean.automation.control.VControl isDisplayed
INFO: Selenium: determining if control is visible: VControl(VHook(CSS,#alerts))
Dec 18, 2013 5:10:31 PM com.sugarcrm.candybean.automation.VInterface pause
INFO: Pausing for 250ms via thread sleep.
Dec 18, 2013 5:10:31 PM com.sugarcrm.sugar.VoodooControl waitForElement
INFO: Find took 5ms.
Dec 18, 2013 5:10:31 PM com.sugarcrm.candybean.automation.control.VControl isDisplayed
INFO: Selenium: determining if control is visible: VControl(VHook(CSS,#alerts))
Dec 18, 2013 5:10:31 PM com.sugarcrm.candybean.automation.VInterface pause
INFO: Pausing for 250ms via thread sleep.
Dec 18, 2013 5:10:31 PM com.sugarcrm.sugar.VoodooControl waitForElement
INFO: Find took 5ms.
Dec 18, 2013 5:10:31 PM com.sugarcrm.candybean.automation.control.VControl isDisplayed
INFO: Selenium: determining if control is visible: VControl(VHook(CSS,#alerts))
Dec 18, 2013 5:10:31 PM com.sugarcrm.candybean.automation.VInterface pause
INFO: Pausing for 250ms via thread sleep.
Dec 18, 2013 5:10:32 PM com.sugarcrm.sugar.VoodooControl waitForElement
INFO: Find took 5ms.
Dec 18, 2013 5:10:32 PM com.sugarcrm.candybean.automation.control.VControl isDisplayed
INFO: Selenium: determining if control is visible: VControl(VHook(CSS,#alerts))
Dec 18, 2013 5:10:32 PM com.sugarcrm.candybean.automation.VInterface pause
INFO: Pausing for 250ms via thread sleep.
Dec 18, 2013 5:10:32 PM com.sugarcrm.sugar.VoodooControl waitForElement
INFO: Find took 5ms.
Dec 18, 2013 5:10:32 PM com.sugarcrm.candybean.automation.control.VControl isDisplayed
INFO: Selenium: determining if control is visible: VControl(VHook(CSS,#alerts))
Dec 18, 2013 5:10:32 PM com.sugarcrm.candybean.automation.VInterface pause
INFO: Pausing for 250ms via thread sleep.
Dec 18, 2013 5:10:32 PM com.sugarcrm.sugar.VoodooControl waitForElement
INFO: Find took 5ms.
Dec 18, 2013 5:10:32 PM com.sugarcrm.candybean.automation.control.VControl isDisplayed
INFO: Selenium: determining if control is visible: VControl(VHook(CSS,#alerts))
Dec 18, 2013 5:10:32 PM com.sugarcrm.candybean.automation.VInterface pause
INFO: Pausing for 250ms via thread sleep.
Dec 18, 2013 5:10:32 PM com.sugarcrm.sugar.VoodooControl waitForElement
INFO: Find took 5ms.
Dec 18, 2013 5:10:32 PM com.sugarcrm.candybean.automation.control.VControl isDisplayed
INFO: Selenium: determining if control is visible: VControl(VHook(CSS,#alerts))
Dec 18, 2013 5:10:32 PM com.sugarcrm.candybean.automation.VInterface pause
INFO: Pausing for 250ms via thread sleep.
Dec 18, 2013 5:10:33 PM com.sugarcrm.sugar.VoodooControl waitForElement
INFO: Find took 6ms.
Dec 18, 2013 5:10:33 PM com.sugarcrm.candybean.automation.control.VControl isDisplayed
INFO: Selenium: determining if control is visible: VControl(VHook(CSS,#alerts))
Dec 18, 2013 5:10:33 PM com.sugarcrm.candybean.automation.VInterface pause
INFO: Pausing for 250ms via thread sleep.
Dec 18, 2013 5:10:33 PM com.sugarcrm.sugar.VoodooControl waitForElement
INFO: Find took 5ms.
Dec 18, 2013 5:10:33 PM com.sugarcrm.candybean.automation.control.VControl isDisplayed
INFO: Selenium: determining if control is visible: VControl(VHook(CSS,#alerts))
Dec 18, 2013 5:10:33 PM com.sugarcrm.candybean.automation.VInterface pause
INFO: Pausing for 250ms via thread sleep.
Dec 18, 2013 5:10:33 PM com.sugarcrm.sugar.VoodooControl waitForElement
INFO: Find took 11ms.
Dec 18, 2013 5:10:33 PM com.sugarcrm.candybean.automation.control.VControl isDisplayed
INFO: Selenium: determining if control is visible: VControl(VHook(CSS,#alerts))
Dec 18, 2013 5:10:33 PM com.sugarcrm.candybean.automation.VInterface pause
INFO: Pausing for 250ms via thread sleep.
Dec 18, 2013 5:10:34 PM com.sugarcrm.sugar.VoodooControl waitForElement
INFO: Find took 6ms.
Dec 18, 2013 5:10:34 PM com.sugarcrm.candybean.automation.control.VControl isDisplayed
INFO: Selenium: determining if control is visible: VControl(VHook(CSS,#alerts))
Dec 18, 2013 5:10:34 PM com.sugarcrm.candybean.automation.VInterface pause
INFO: Pausing for 250ms via thread sleep.
Dec 18, 2013 5:10:34 PM com.sugarcrm.sugar.VoodooControl waitForElement
INFO: Find took 10ms.
Dec 18, 2013 5:10:34 PM com.sugarcrm.candybean.automation.control.VControl isDisplayed
INFO: Selenium: determining if control is visible: VControl(VHook(CSS,#alerts))
Dec 18, 2013 5:10:34 PM com.sugarcrm.candybean.automation.VInterface pause
INFO: Pausing for 250ms via thread sleep.
Dec 18, 2013 5:10:34 PM com.sugarcrm.sugar.VoodooControl waitForElement
INFO: Find took 5ms.
Dec 18, 2013 5:10:34 PM com.sugarcrm.candybean.automation.control.VControl isDisplayed
INFO: Selenium: determining if control is visible: VControl(VHook(CSS,#alerts))
Dec 18, 2013 5:10:34 PM com.sugarcrm.candybean.automation.VInterface pause
INFO: Pausing for 250ms via thread sleep.
Dec 18, 2013 5:10:34 PM com.sugarcrm.sugar.VoodooControl waitForElement
INFO: Find took 5ms.
Dec 18, 2013 5:10:34 PM com.sugarcrm.candybean.automation.control.VControl isDisplayed
INFO: Selenium: determining if control is visible: VControl(VHook(CSS,#alerts))
Dec 18, 2013 5:10:34 PM com.sugarcrm.candybean.automation.VInterface pause
INFO: Pausing for 250ms via thread sleep.
Dec 18, 2013 5:10:35 PM com.sugarcrm.sugar.VoodooControl waitForElement
INFO: Find took 10ms.
Dec 18, 2013 5:10:35 PM com.sugarcrm.candybean.automation.control.VControl isDisplayed
INFO: Selenium: determining if control is visible: VControl(VHook(CSS,#alerts))
Dec 18, 2013 5:10:35 PM com.sugarcrm.candybean.automation.VInterface pause
INFO: Pausing for 250ms via thread sleep.
Dec 18, 2013 5:10:35 PM com.sugarcrm.sugar.VoodooControl waitForElement
INFO: Find took 6ms.
Dec 18, 2013 5:10:35 PM com.sugarcrm.candybean.automation.control.VControl isDisplayed
INFO: Selenium: determining if control is visible: VControl(VHook(CSS,#alerts))
Dec 18, 2013 5:10:35 PM com.sugarcrm.candybean.automation.VInterface pause
INFO: Pausing for 250ms via thread sleep.
Dec 18, 2013 5:10:35 PM com.sugarcrm.sugar.VoodooControl waitForElement
INFO: Find took 11ms.
Dec 18, 2013 5:10:35 PM com.sugarcrm.candybean.automation.control.VControl isDisplayed
INFO: Selenium: determining if control is visible: VControl(VHook(CSS,#alerts))
Dec 18, 2013 5:10:35 PM com.sugarcrm.candybean.automation.VInterface pause
INFO: Pausing for 250ms via thread sleep.
Dec 18, 2013 5:10:35 PM com.sugarcrm.sugar.VoodooControl waitForElement
INFO: Find took 11ms.
Dec 18, 2013 5:10:35 PM com.sugarcrm.candybean.automation.control.VControl isDisplayed
INFO: Selenium: determining if control is visible: VControl(VHook(CSS,#alerts))
Dec 18, 2013 5:10:35 PM com.sugarcrm.candybean.automation.VInterface pause
INFO: Pausing for 250ms via thread sleep.
Dec 18, 2013 5:10:36 PM com.sugarcrm.sugar.VoodooControl waitForElement
INFO: Find took 5ms.
Dec 18, 2013 5:10:36 PM com.sugarcrm.candybean.automation.control.VControl isDisplayed
INFO: Selenium: determining if control is visible: VControl(VHook(CSS,#alerts))
Dec 18, 2013 5:10:36 PM com.sugarcrm.candybean.automation.VInterface pause
INFO: Pausing for 250ms via thread sleep.
Dec 18, 2013 5:10:36 PM com.sugarcrm.sugar.VoodooControl waitForElement
INFO: Find took 5ms.
Dec 18, 2013 5:10:36 PM com.sugarcrm.candybean.automation.control.VControl isDisplayed
INFO: Selenium: determining if control is visible: VControl(VHook(CSS,#alerts))
Dec 18, 2013 5:10:36 PM com.sugarcrm.candybean.automation.VInterface pause
INFO: Pausing for 250ms via thread sleep.
Dec 18, 2013 5:10:36 PM com.sugarcrm.sugar.VoodooControl waitForElement
INFO: Find took 5ms.
Dec 18, 2013 5:10:36 PM com.sugarcrm.candybean.automation.control.VControl isDisplayed
INFO: Selenium: determining if control is visible: VControl(VHook(CSS,#alerts))
Dec 18, 2013 5:10:36 PM com.sugarcrm.candybean.automation.VInterface pause
INFO: Pausing for 250ms via thread sleep.
Dec 18, 2013 5:10:36 PM com.sugarcrm.sugar.VoodooControl waitForElement
INFO: Find took 5ms.
Dec 18, 2013 5:10:36 PM com.sugarcrm.candybean.automation.control.VControl isDisplayed
INFO: Selenium: determining if control is visible: VControl(VHook(CSS,#alerts))
Dec 18, 2013 5:10:36 PM com.sugarcrm.candybean.automation.VInterface pause
INFO: Pausing for 250ms via thread sleep.
Dec 18, 2013 5:10:37 PM com.sugarcrm.sugar.VoodooControl waitForElement
INFO: Find took 6ms.
Dec 18, 2013 5:10:37 PM com.sugarcrm.candybean.automation.control.VControl isDisplayed
INFO: Selenium: determining if control is visible: VControl(VHook(CSS,#alerts))
Dec 18, 2013 5:10:37 PM com.sugarcrm.candybean.automation.VInterface pause
INFO: Pausing for 250ms via thread sleep.
Dec 18, 2013 5:10:37 PM com.sugarcrm.sugar.VoodooControl waitForElement
INFO: Find took 5ms.
Dec 18, 2013 5:10:37 PM com.sugarcrm.candybean.automation.control.VControl isDisplayed
INFO: Selenium: determining if control is visible: VControl(VHook(CSS,#alerts))
Dec 18, 2013 5:10:37 PM com.sugarcrm.candybean.automation.VInterface pause
INFO: Pausing for 250ms via thread sleep.
Dec 18, 2013 5:10:37 PM com.sugarcrm.sugar.VoodooControl waitForElement
INFO: Find took 5ms.
Dec 18, 2013 5:10:37 PM com.sugarcrm.candybean.automation.control.VControl isDisplayed
INFO: Selenium: determining if control is visible: VControl(VHook(CSS,#alerts))
Dec 18, 2013 5:10:37 PM com.sugarcrm.candybean.automation.VInterface pause
INFO: Pausing for 250ms via thread sleep.
Dec 18, 2013 5:10:37 PM com.sugarcrm.sugar.VoodooControl waitForElement
INFO: Find took 6ms.
Dec 18, 2013 5:10:37 PM com.sugarcrm.candybean.automation.control.VControl isDisplayed
INFO: Selenium: determining if control is visible: VControl(VHook(CSS,#alerts))
Dec 18, 2013 5:10:37 PM com.sugarcrm.candybean.automation.VInterface pause
INFO: Pausing for 250ms via thread sleep.
Dec 18, 2013 5:10:38 PM com.sugarcrm.sugar.VoodooControl waitForElement
INFO: Find took 5ms.
Dec 18, 2013 5:10:38 PM com.sugarcrm.candybean.automation.control.VControl isDisplayed
INFO: Selenium: determining if control is visible: VControl(VHook(CSS,#alerts))
Dec 18, 2013 5:10:38 PM com.sugarcrm.candybean.automation.VInterface pause
INFO: Pausing for 250ms via thread sleep.
Dec 18, 2013 5:10:38 PM com.sugarcrm.sugar.VoodooControl waitForElement
INFO: Find took 5ms.
Dec 18, 2013 5:10:38 PM com.sugarcrm.candybean.automation.control.VControl isDisplayed
INFO: Selenium: determining if control is visible: VControl(VHook(CSS,#alerts))
Dec 18, 2013 5:10:38 PM com.sugarcrm.candybean.automation.VInterface pause
INFO: Pausing for 250ms via thread sleep.
Dec 18, 2013 5:10:38 PM com.sugarcrm.sugar.VoodooControl waitForElement
INFO: Find took 12ms.
Dec 18, 2013 5:10:38 PM com.sugarcrm.candybean.automation.control.VControl isDisplayed
INFO: Selenium: determining if control is visible: VControl(VHook(CSS,#alerts))
Dec 18, 2013 5:10:38 PM com.sugarcrm.candybean.automation.VInterface pause
INFO: Pausing for 250ms via thread sleep.
Dec 18, 2013 5:10:39 PM com.sugarcrm.sugar.VoodooControl waitForElement
INFO: Find took 13ms.
Dec 18, 2013 5:10:39 PM com.sugarcrm.candybean.automation.control.VControl isDisplayed
INFO: Selenium: determining if control is visible: VControl(VHook(CSS,#alerts))
Dec 18, 2013 5:10:39 PM com.sugarcrm.candybean.automation.VInterface pause
INFO: Pausing for 250ms via thread sleep.
Dec 18, 2013 5:10:39 PM com.sugarcrm.sugar.VoodooControl waitForElement
INFO: Find took 12ms.
Dec 18, 2013 5:10:39 PM com.sugarcrm.candybean.automation.control.VControl isDisplayed
INFO: Selenium: determining if control is visible: VControl(VHook(CSS,#alerts))
Dec 18, 2013 5:10:39 PM com.sugarcrm.candybean.automation.VInterface pause
INFO: Pausing for 250ms via thread sleep.
Dec 18, 2013 5:10:39 PM com.sugarcrm.sugar.VoodooControl waitForElement
INFO: Find took 11ms.
Dec 18, 2013 5:10:39 PM com.sugarcrm.candybean.automation.control.VControl isDisplayed
INFO: Selenium: determining if control is visible: VControl(VHook(CSS,#alerts))
Dec 18, 2013 5:10:39 PM com.sugarcrm.candybean.automation.VInterface pause
INFO: Pausing for 250ms via thread sleep.
Dec 18, 2013 5:10:39 PM com.sugarcrm.sugar.VoodooControl waitForElement
INFO: Find took 11ms.
Dec 18, 2013 5:10:39 PM com.sugarcrm.candybean.automation.control.VControl isDisplayed
INFO: Selenium: determining if control is visible: VControl(VHook(CSS,#alerts))
Dec 18, 2013 5:10:39 PM com.sugarcrm.candybean.automation.VInterface pause
INFO: Pausing for 250ms via thread sleep.
Dec 18, 2013 5:10:40 PM com.sugarcrm.sugar.VoodooControl waitForElement
INFO: Find took 10ms.
Dec 18, 2013 5:10:40 PM com.sugarcrm.candybean.automation.control.VControl isDisplayed
INFO: Selenium: determining if control is visible: VControl(VHook(CSS,#alerts))
Dec 18, 2013 5:10:40 PM com.sugarcrm.candybean.automation.VInterface pause
INFO: Pausing for 250ms via thread sleep.
Dec 18, 2013 5:10:40 PM com.sugarcrm.sugar.VoodooControl waitForElement
INFO: Find took 11ms.
Dec 18, 2013 5:10:40 PM com.sugarcrm.candybean.automation.control.VControl isDisplayed
INFO: Selenium: determining if control is visible: VControl(VHook(CSS,#alerts))
Dec 18, 2013 5:10:40 PM com.sugarcrm.candybean.automation.VInterface pause
INFO: Pausing for 250ms via thread sleep.
Dec 18, 2013 5:10:40 PM com.sugarcrm.sugar.VoodooControl waitForElement
INFO: Find took 5ms.
Dec 18, 2013 5:10:40 PM com.sugarcrm.candybean.automation.control.VControl isDisplayed
INFO: Selenium: determining if control is visible: VControl(VHook(CSS,#alerts))
Dec 18, 2013 5:10:40 PM com.sugarcrm.candybean.automation.VInterface pause
INFO: Pausing for 250ms via thread sleep.
Dec 18, 2013 5:10:40 PM com.sugarcrm.sugar.VoodooControl waitForElement
INFO: Find took 5ms.
Dec 18, 2013 5:10:40 PM com.sugarcrm.candybean.automation.control.VControl isDisplayed
INFO: Selenium: determining if control is visible: VControl(VHook(CSS,#alerts))
Dec 18, 2013 5:10:40 PM com.sugarcrm.candybean.automation.VInterface pause
INFO: Pausing for 250ms via thread sleep.
Dec 18, 2013 5:10:41 PM com.sugarcrm.sugar.VoodooControl waitForElement
INFO: Find took 7ms.
Dec 18, 2013 5:10:41 PM com.sugarcrm.candybean.automation.control.VControl isDisplayed
INFO: Selenium: determining if control is visible: VControl(VHook(CSS,#alerts))
Dec 18, 2013 5:10:41 PM com.sugarcrm.candybean.automation.VInterface pause
INFO: Pausing for 250ms via thread sleep.
Dec 18, 2013 5:10:41 PM com.sugarcrm.sugar.VoodooControl waitForElement
INFO: Find took 6ms.
Dec 18, 2013 5:10:41 PM com.sugarcrm.candybean.automation.control.VControl isDisplayed
INFO: Selenium: determining if control is visible: VControl(VHook(CSS,#alerts))
Dec 18, 2013 5:10:41 PM com.sugarcrm.candybean.automation.VInterface pause
INFO: Pausing for 250ms via thread sleep.
Dec 18, 2013 5:10:41 PM com.sugarcrm.sugar.VoodooControl waitForElement
INFO: Find took 6ms.
Dec 18, 2013 5:10:41 PM com.sugarcrm.candybean.automation.control.VControl isDisplayed
INFO: Selenium: determining if control is visible: VControl(VHook(CSS,#alerts))
Dec 18, 2013 5:10:41 PM com.sugarcrm.candybean.automation.VInterface pause
INFO: Pausing for 250ms via thread sleep.
Dec 18, 2013 5:10:41 PM com.sugarcrm.sugar.VoodooControl waitForElement
INFO: Find took 5ms.
Dec 18, 2013 5:10:41 PM com.sugarcrm.candybean.automation.control.VControl isDisplayed
INFO: Selenium: determining if control is visible: VControl(VHook(CSS,#alerts))
Dec 18, 2013 5:10:41 PM com.sugarcrm.candybean.automation.VInterface pause
INFO: Pausing for 250ms via thread sleep.
Dec 18, 2013 5:10:42 PM com.sugarcrm.sugar.VoodooControl waitForElement
INFO: Find took 6ms.
Dec 18, 2013 5:10:42 PM com.sugarcrm.candybean.automation.control.VControl isDisplayed
INFO: Selenium: determining if control is visible: VControl(VHook(CSS,#alerts))
Dec 18, 2013 5:10:42 PM com.sugarcrm.candybean.automation.VInterface pause
INFO: Pausing for 250ms via thread sleep.
Dec 18, 2013 5:10:42 PM com.sugarcrm.sugar.VoodooControl waitForElement
INFO: Find took 6ms.
Dec 18, 2013 5:10:42 PM com.sugarcrm.candybean.automation.control.VControl isDisplayed
INFO: Selenium: determining if control is visible: VControl(VHook(CSS,#alerts))
Dec 18, 2013 5:10:42 PM com.sugarcrm.candybean.automation.VInterface pause
INFO: Pausing for 250ms via thread sleep.
Dec 18, 2013 5:10:42 PM com.sugarcrm.sugar.VoodooControl waitForElement
INFO: Find took 6ms.
Dec 18, 2013 5:10:42 PM com.sugarcrm.candybean.automation.control.VControl isDisplayed
INFO: Selenium: determining if control is visible: VControl(VHook(CSS,#alerts))
Dec 18, 2013 5:10:42 PM com.sugarcrm.candybean.automation.VInterface pause
INFO: Pausing for 250ms via thread sleep.
Dec 18, 2013 5:10:43 PM com.sugarcrm.sugar.VoodooControl waitForElement
INFO: Find took 5ms.
Dec 18, 2013 5:10:43 PM com.sugarcrm.candybean.automation.control.VControl isDisplayed
INFO: Selenium: determining if control is visible: VControl(VHook(CSS,#alerts))
Dec 18, 2013 5:10:43 PM com.sugarcrm.candybean.automation.VInterface pause
INFO: Pausing for 250ms via thread sleep.
Dec 18, 2013 5:10:43 PM com.sugarcrm.sugar.VoodooControl waitForElement
INFO: Find took 6ms.
Dec 18, 2013 5:10:43 PM com.sugarcrm.candybean.automation.control.VControl isDisplayed
INFO: Selenium: determining if control is visible: VControl(VHook(CSS,#alerts))
Dec 18, 2013 5:10:43 PM com.sugarcrm.candybean.automation.VInterface pause
INFO: Pausing for 250ms via thread sleep.
Dec 18, 2013 5:10:43 PM com.sugarcrm.sugar.VoodooControl waitForElement
INFO: Find took 5ms.
Dec 18, 2013 5:10:43 PM com.sugarcrm.candybean.automation.control.VControl isDisplayed
INFO: Selenium: determining if control is visible: VControl(VHook(CSS,#alerts))
Dec 18, 2013 5:10:43 PM com.sugarcrm.candybean.automation.VInterface pause
INFO: Pausing for 250ms via thread sleep.
Dec 18, 2013 5:10:43 PM com.sugarcrm.sugar.VoodooControl waitForElement
INFO: Find took 5ms.
Dec 18, 2013 5:10:43 PM com.sugarcrm.candybean.automation.control.VControl isDisplayed
INFO: Selenium: determining if control is visible: VControl(VHook(CSS,#alerts))
Dec 18, 2013 5:10:43 PM com.sugarcrm.candybean.automation.VInterface pause
INFO: Pausing for 250ms via thread sleep.
Dec 18, 2013 5:10:44 PM com.sugarcrm.sugar.VoodooControl waitForElement
INFO: Find took 5ms.
Dec 18, 2013 5:10:44 PM com.sugarcrm.candybean.automation.control.VControl isDisplayed
INFO: Selenium: determining if control is visible: VControl(VHook(CSS,#alerts))
Dec 18, 2013 5:10:44 PM com.sugarcrm.candybean.automation.VInterface pause
INFO: Pausing for 250ms via thread sleep.
Dec 18, 2013 5:10:44 PM com.sugarcrm.sugar.VoodooControl waitForElement
INFO: Find took 5ms.
Dec 18, 2013 5:10:44 PM com.sugarcrm.candybean.automation.control.VControl isDisplayed
INFO: Selenium: determining if control is visible: VControl(VHook(CSS,#alerts))
Dec 18, 2013 5:10:44 PM com.sugarcrm.candybean.automation.VInterface pause
INFO: Pausing for 250ms via thread sleep.
Dec 18, 2013 5:10:44 PM com.sugarcrm.sugar.VoodooControl waitForElement
INFO: Find took 5ms.
Dec 18, 2013 5:10:44 PM com.sugarcrm.candybean.automation.control.VControl isDisplayed
INFO: Selenium: determining if control is visible: VControl(VHook(CSS,#alerts))
Dec 18, 2013 5:10:44 PM com.sugarcrm.candybean.automation.VInterface pause
INFO: Pausing for 250ms via thread sleep.
Dec 18, 2013 5:10:44 PM com.sugarcrm.sugar.VoodooControl waitForElement
INFO: Find took 5ms.
Dec 18, 2013 5:10:44 PM com.sugarcrm.candybean.automation.control.VControl isDisplayed
INFO: Selenium: determining if control is visible: VControl(VHook(CSS,#alerts))
Dec 18, 2013 5:10:44 PM com.sugarcrm.candybean.automation.VInterface pause
INFO: Pausing for 250ms via thread sleep.
Dec 18, 2013 5:10:45 PM com.sugarcrm.sugar.VoodooControl waitForElement
INFO: Find took 5ms.
Dec 18, 2013 5:10:45 PM com.sugarcrm.candybean.automation.control.VControl isDisplayed
INFO: Selenium: determining if control is visible: VControl(VHook(CSS,#alerts))
Dec 18, 2013 5:10:45 PM com.sugarcrm.candybean.automation.VInterface pause
INFO: Pausing for 250ms via thread sleep.
Dec 18, 2013 5:10:45 PM com.sugarcrm.sugar.VoodooControl waitForElement
INFO: Find took 5ms.
Dec 18, 2013 5:10:45 PM com.sugarcrm.candybean.automation.control.VControl isDisplayed
INFO: Selenium: determining if control is visible: VControl(VHook(CSS,#alerts))
Dec 18, 2013 5:10:45 PM com.sugarcrm.candybean.automation.VInterface pause
INFO: Pausing for 250ms via thread sleep.
Dec 18, 2013 5:10:45 PM com.sugarcrm.sugar.VoodooControl waitForElement
INFO: Find took 5ms.
Dec 18, 2013 5:10:45 PM com.sugarcrm.candybean.automation.control.VControl isDisplayed
INFO: Selenium: determining if control is visible: VControl(VHook(CSS,#alerts))
Dec 18, 2013 5:10:45 PM com.sugarcrm.candybean.automation.VInterface pause
INFO: Pausing for 250ms via thread sleep.
Dec 18, 2013 5:10:45 PM com.sugarcrm.sugar.VoodooControl waitForElement
INFO: Find took 5ms.
Dec 18, 2013 5:10:45 PM com.sugarcrm.candybean.automation.control.VControl isDisplayed
INFO: Selenium: determining if control is visible: VControl(VHook(CSS,#alerts))
Dec 18, 2013 5:10:45 PM com.sugarcrm.candybean.automation.VInterface pause
INFO: Pausing for 250ms via thread sleep.
Dec 18, 2013 5:10:46 PM com.sugarcrm.sugar.VoodooControl waitForElement
INFO: Find took 5ms.
Dec 18, 2013 5:10:46 PM com.sugarcrm.candybean.automation.control.VControl isDisplayed
INFO: Selenium: determining if control is visible: VControl(VHook(CSS,#alerts))
Dec 18, 2013 5:10:46 PM com.sugarcrm.candybean.automation.VInterface pause
INFO: Pausing for 250ms via thread sleep.
Dec 18, 2013 5:10:46 PM com.sugarcrm.sugar.VoodooControl waitForElement
INFO: Find took 5ms.
Dec 18, 2013 5:10:46 PM com.sugarcrm.candybean.automation.control.VControl isDisplayed
INFO: Selenium: determining if control is visible: VControl(VHook(CSS,#alerts))
Dec 18, 2013 5:10:46 PM com.sugarcrm.candybean.automation.VInterface pause
INFO: Pausing for 250ms via thread sleep.
Dec 18, 2013 5:10:46 PM com.sugarcrm.sugar.VoodooControl waitForElement
INFO: Find took 5ms.
Dec 18, 2013 5:10:46 PM com.sugarcrm.candybean.automation.control.VControl isDisplayed
INFO: Selenium: determining if control is visible: VControl(VHook(CSS,#alerts))
Dec 18, 2013 5:10:46 PM com.sugarcrm.candybean.automation.VInterface pause
INFO: Pausing for 250ms via thread sleep.
Dec 18, 2013 5:10:46 PM com.sugarcrm.sugar.VoodooControl waitForElement
INFO: Find took 24ms.
Dec 18, 2013 5:10:46 PM com.sugarcrm.candybean.automation.control.VControl isDisplayed
INFO: Selenium: determining if control is visible: VControl(VHook(CSS,#alerts))
Dec 18, 2013 5:10:46 PM com.sugarcrm.candybean.automation.VInterface pause
INFO: Pausing for 250ms via thread sleep.
Dec 18, 2013 5:10:47 PM com.sugarcrm.sugar.VoodooControl waitForElement
INFO: Find took 5ms.
Dec 18, 2013 5:10:47 PM com.sugarcrm.candybean.automation.control.VControl isDisplayed
INFO: Selenium: determining if control is visible: VControl(VHook(CSS,#alerts))
Dec 18, 2013 5:10:47 PM com.sugarcrm.candybean.automation.VInterface pause
INFO: Pausing for 250ms via thread sleep.
Dec 18, 2013 5:10:47 PM com.sugarcrm.sugar.VoodooControl waitForElement
INFO: Find took 5ms.
Dec 18, 2013 5:10:47 PM com.sugarcrm.candybean.automation.control.VControl isDisplayed
INFO: Selenium: determining if control is visible: VControl(VHook(CSS,#alerts))
Dec 18, 2013 5:10:47 PM com.sugarcrm.candybean.automation.VInterface pause
INFO: Pausing for 250ms via thread sleep.
Dec 18, 2013 5:10:47 PM com.sugarcrm.sugar.VoodooControl waitForElement
INFO: Find took 6ms.
Dec 18, 2013 5:10:47 PM com.sugarcrm.candybean.automation.control.VControl isDisplayed
INFO: Selenium: determining if control is visible: VControl(VHook(CSS,#alerts))
Dec 18, 2013 5:10:47 PM com.sugarcrm.candybean.automation.VInterface pause
INFO: Pausing for 250ms via thread sleep.
Dec 18, 2013 5:10:48 PM com.sugarcrm.sugar.VoodooControl waitForElement
INFO: Find took 5ms.
Dec 18, 2013 5:10:48 PM com.sugarcrm.candybean.automation.control.VControl isDisplayed
INFO: Selenium: determining if control is visible: VControl(VHook(CSS,#alerts))
Dec 18, 2013 5:10:48 PM com.sugarcrm.candybean.automation.VInterface pause
INFO: Pausing for 250ms via thread sleep.
Dec 18, 2013 5:10:48 PM com.sugarcrm.sugar.VoodooControl waitForElement
INFO: Find took 5ms.
Dec 18, 2013 5:10:48 PM com.sugarcrm.candybean.automation.control.VControl isDisplayed
INFO: Selenium: determining if control is visible: VControl(VHook(CSS,#alerts))
Dec 18, 2013 5:10:48 PM com.sugarcrm.candybean.automation.VInterface pause
INFO: Pausing for 250ms via thread sleep.
Dec 18, 2013 5:10:48 PM com.sugarcrm.sugar.VoodooControl waitForElement
INFO: Find took 5ms.
Dec 18, 2013 5:10:48 PM com.sugarcrm.candybean.automation.control.VControl isDisplayed
INFO: Selenium: determining if control is visible: VControl(VHook(CSS,#alerts))
Dec 18, 2013 5:10:48 PM com.sugarcrm.candybean.automation.VInterface pause
INFO: Pausing for 250ms via thread sleep.
Dec 18, 2013 5:10:48 PM com.sugarcrm.sugar.VoodooControl waitForElement
INFO: Find took 5ms.
Dec 18, 2013 5:10:48 PM com.sugarcrm.candybean.automation.control.VControl isDisplayed
INFO: Selenium: determining if control is visible: VControl(VHook(CSS,#alerts))
Dec 18, 2013 5:10:48 PM com.sugarcrm.candybean.automation.VInterface pause
INFO: Pausing for 250ms via thread sleep.
Dec 18, 2013 5:10:49 PM com.sugarcrm.sugar.VoodooControl waitForElement
INFO: Find took 6ms.
Dec 18, 2013 5:10:49 PM com.sugarcrm.candybean.automation.control.VControl isDisplayed
INFO: Selenium: determining if control is visible: VControl(VHook(CSS,#alerts))
Dec 18, 2013 5:10:49 PM com.sugarcrm.candybean.automation.VInterface pause
INFO: Pausing for 250ms via thread sleep.
Dec 18, 2013 5:10:49 PM com.sugarcrm.sugar.VoodooControl waitForElement
INFO: Find took 7ms.
Dec 18, 2013 5:10:49 PM com.sugarcrm.candybean.automation.control.VControl isDisplayed
INFO: Selenium: determining if control is visible: VControl(VHook(CSS,#alerts))
Dec 18, 2013 5:10:49 PM com.sugarcrm.candybean.automation.VInterface pause
INFO: Pausing for 250ms via thread sleep.
Dec 18, 2013 5:10:49 PM com.sugarcrm.sugar.VoodooControl waitForElement
INFO: Find took 5ms.
Dec 18, 2013 5:10:49 PM com.sugarcrm.candybean.automation.control.VControl isDisplayed
INFO: Selenium: determining if control is visible: VControl(VHook(CSS,#alerts))
Dec 18, 2013 5:10:49 PM com.sugarcrm.candybean.automation.VInterface pause
INFO: Pausing for 250ms via thread sleep.
Dec 18, 2013 5:10:49 PM com.sugarcrm.sugar.VoodooControl waitForElement
INFO: Find took 6ms.
Dec 18, 2013 5:10:49 PM com.sugarcrm.candybean.automation.control.VControl isDisplayed
INFO: Selenium: determining if control is visible: VControl(VHook(CSS,#alerts))
Dec 18, 2013 5:10:49 PM com.sugarcrm.candybean.automation.VInterface pause
INFO: Pausing for 250ms via thread sleep.
Dec 18, 2013 5:10:50 PM com.sugarcrm.sugar.VoodooControl waitForElement
INFO: Find took 5ms.
Dec 18, 2013 5:10:50 PM com.sugarcrm.candybean.automation.control.VControl isDisplayed
INFO: Selenium: determining if control is visible: VControl(VHook(CSS,#alerts))
Dec 18, 2013 5:10:50 PM com.sugarcrm.candybean.automation.VInterface pause
INFO: Pausing for 250ms via thread sleep.
Dec 18, 2013 5:10:50 PM com.sugarcrm.sugar.VoodooControl waitForElement
INFO: Find took 5ms.
Dec 18, 2013 5:10:50 PM com.sugarcrm.candybean.automation.control.VControl isDisplayed
INFO: Selenium: determining if control is visible: VControl(VHook(CSS,#alerts))
Dec 18, 2013 5:10:50 PM com.sugarcrm.candybean.automation.VInterface pause
INFO: Pausing for 250ms via thread sleep.
Dec 18, 2013 5:10:50 PM com.sugarcrm.sugar.VoodooControl waitForElement
INFO: Find took 5ms.
Dec 18, 2013 5:10:50 PM com.sugarcrm.candybean.automation.control.VControl isDisplayed
INFO: Selenium: determining if control is visible: VControl(VHook(CSS,#alerts))
Dec 18, 2013 5:10:50 PM com.sugarcrm.candybean.automation.VInterface pause
INFO: Pausing for 250ms via thread sleep.
Dec 18, 2013 5:10:50 PM com.sugarcrm.sugar.VoodooControl waitForElement
INFO: Find took 5ms.
Dec 18, 2013 5:10:50 PM com.sugarcrm.candybean.automation.control.VControl isDisplayed
INFO: Selenium: determining if control is visible: VControl(VHook(CSS,#alerts))
Dec 18, 2013 5:10:50 PM com.sugarcrm.candybean.automation.VInterface pause
INFO: Pausing for 250ms via thread sleep.
Dec 18, 2013 5:10:51 PM com.sugarcrm.sugar.VoodooControl waitForElement
INFO: Find took 5ms.
Dec 18, 2013 5:10:51 PM com.sugarcrm.candybean.automation.control.VControl isDisplayed
INFO: Selenium: determining if control is visible: VControl(VHook(CSS,#alerts))
Dec 18, 2013 5:10:56 PM com.sugarcrm.sugar.VoodooControl waitForElement
INFO: Waited 5013ms, 5013ms elapsed so far.
Dec 18, 2013 5:11:01 PM com.sugarcrm.sugar.VoodooControl waitForElement
INFO: Waited 5033ms, 10046ms elapsed so far.
Dec 18, 2013 5:11:06 PM com.sugarcrm.sugar.VoodooControl waitForElement
INFO: Waited 5017ms, 15063ms elapsed so far.
Dec 18, 2013 5:11:06 PM com.sugarcrm.sugar.VoodooControl waitForElement
INFO: Waited 15063ms for &lt;div css=&quot;#alerts .cancel&quot; /&gt;.
Dec 18, 2013 5:11:06 PM com.sugarcrm.sugar.VoodooControl waitForElement
INFO: Find took 12ms.
Dec 18, 2013 5:11:06 PM com.sugarcrm.candybean.automation.control.VControl isDisplayed
INFO: Selenium: determining if control is visible: VControl(VHook(CSS,#alerts .close))
Dec 18, 2013 5:11:06 PM com.sugarcrm.sugar.VoodooControl click
INFO: Clicking &lt;a css=&quot;#alerts .close&quot; /&gt;.
Dec 18, 2013 5:11:06 PM com.sugarcrm.sugar.VoodooControl waitForElement
INFO: Find took 5ms.
Dec 18, 2013 5:11:06 PM com.sugarcrm.sugar.VoodooControl waitForElement
INFO: Find took 5ms.
Dec 18, 2013 5:11:06 PM com.sugarcrm.candybean.automation.control.VControl isDisplayed
INFO: Selenium: determining if control is visible: VControl(VHook(CSS,#alerts .close))
Dec 18, 2013 5:11:06 PM com.sugarcrm.sugar.VoodooControl waitForElement
INFO: Find took 5ms.
Dec 18, 2013 5:11:06 PM com.sugarcrm.candybean.automation.control.VControl isDisplayed
INFO: Selenium: determining if control is visible: VControl(VHook(CSS,#alerts .close))
Dec 18, 2013 5:11:06 PM com.sugarcrm.sugar.VoodooControl waitForVisible
INFO: &lt;a css=&quot;#alerts .close&quot; /&gt; became visible in 28ms.
Dec 18, 2013 5:11:06 PM com.sugarcrm.candybean.automation.control.VControl click
INFO: Selenium: clicking on control: VControl(VHook(CSS,#alerts .close))
Dec 18, 2013 5:11:06 PM com.sugarcrm.candybean.automation.VInterface pause
INFO: Pausing for 500ms via thread sleep.
Dec 18, 2013 5:11:06 PM com.sugarcrm.sugar.VoodooControl waitForElement
INFO: Find took 6ms.
Dec 18, 2013 5:11:06 PM com.sugarcrm.candybean.automation.control.VControl isDisplayed
INFO: Selenium: determining if control is visible: VControl(VHook(CSS,#alerts))
Dec 18, 2013 5:11:06 PM com.sugarcrm.sugar.VoodooControl waitForElement
INFO: Find took 5ms.
Dec 18, 2013 5:11:06 PM com.sugarcrm.candybean.automation.control.VControl isDisplayed
INFO: Selenium: determining if control is visible: VControl(VHook(CSS,#alerts))
Dec 18, 2013 5:11:06 PM com.sugarcrm.sugar.VoodooControl waitForElement
INFO: Find took 13ms.
Dec 18, 2013 5:11:06 PM com.sugarcrm.sugar.VoodooControl waitForElement
INFO: Find took 5ms.
Dec 18, 2013 5:11:06 PM com.sugarcrm.candybean.automation.control.VControl isDisplayed
INFO: Selenium: determining if control is visible: VControl(VHook(XPATH,//a[@data-original-title = &apos;Quick Create&apos;]))
Dec 18, 2013 5:11:06 PM com.sugarcrm.sugar.VoodooControl waitForElement
INFO: Find took 5ms.
Dec 18, 2013 5:11:06 PM com.sugarcrm.candybean.automation.control.VControl isDisplayed
INFO: Selenium: determining if control is visible: VControl(VHook(XPATH,//a[@data-original-title = &apos;Quick Create&apos;]))
Dec 18, 2013 5:11:06 PM com.sugarcrm.sugar.VoodooControl waitForVisible
INFO: &lt;a xpath=&quot;//a[@data-original-title = &apos;Quick Create&apos;]&quot; /&gt; became visible in 48ms.
Dec 18, 2013 5:11:06 PM com.sugarcrm.sugar.VoodooControl waitForElement
INFO: Find took 19ms.
Dec 18, 2013 5:11:06 PM com.sugarcrm.sugar.VoodooControl waitForElement
INFO: Find took 5ms.
Dec 18, 2013 5:11:06 PM com.sugarcrm.candybean.automation.control.VControl isDisplayed
INFO: Selenium: determining if control is visible: VControl(VHook(CSS,.headerpane))
Dec 18, 2013 5:11:06 PM com.sugarcrm.sugar.VoodooControl waitForElement
INFO: Find took 7ms.
Dec 18, 2013 5:11:06 PM com.sugarcrm.candybean.automation.control.VControl isDisplayed
INFO: Selenium: determining if control is visible: VControl(VHook(CSS,.headerpane))
Dec 18, 2013 5:11:06 PM com.sugarcrm.sugar.VoodooControl waitForVisible
INFO: &lt;div css=&quot;.headerpane&quot; /&gt; became visible in 56ms.
Dec 18, 2013 5:11:06 PM com.sugarcrm.candybean.automation.VInterface pause
INFO: Pausing for 3000ms via thread sleep.
Dec 18, 2013 5:11:09 PM com.sugarcrm.test.SugarTest baseSetup
INFO: Accounts_17651 setup complete.
Dec 18, 2013 5:11:09 PM com.sugarcrm.test.SugarTest baseSetup
INFO: SugarTest setup complete.
Dec 18, 2013 5:11:09 PM com.sugarcrm.test.accounts.Accounts_17651 execute
INFO: Running Accounts_17651...
Dec 18, 2013 5:11:09 PM com.sugarcrm.sugar.VoodooControl click
INFO: Clicking &lt;a xpath=&quot;//a[@data-original-title = &apos;Quick Create&apos;]&quot; /&gt;.
Dec 18, 2013 5:11:09 PM com.sugarcrm.sugar.VoodooControl waitForElement
INFO: Find took 5ms.
Dec 18, 2013 5:11:09 PM com.sugarcrm.sugar.VoodooControl waitForElement
INFO: Find took 5ms.
Dec 18, 2013 5:11:09 PM com.sugarcrm.candybean.automation.control.VControl isDisplayed
INFO: Selenium: determining if control is visible: VControl(VHook(XPATH,//a[@data-original-title = &apos;Quick Create&apos;]))
Dec 18, 2013 5:11:09 PM com.sugarcrm.sugar.VoodooControl waitForElement
INFO: Find took 5ms.
Dec 18, 2013 5:11:09 PM com.sugarcrm.candybean.automation.control.VControl isDisplayed
INFO: Selenium: determining if control is visible: VControl(VHook(XPATH,//a[@data-original-title = &apos;Quick Create&apos;]))
Dec 18, 2013 5:11:09 PM com.sugarcrm.sugar.VoodooControl waitForVisible
INFO: &lt;a xpath=&quot;//a[@data-original-title = &apos;Quick Create&apos;]&quot; /&gt; became visible in 27ms.
Dec 18, 2013 5:11:09 PM com.sugarcrm.candybean.automation.control.VControl click
INFO: Selenium: clicking on control: VControl(VHook(XPATH,//a[@data-original-title = &apos;Quick Create&apos;]))
Dec 18, 2013 5:11:10 PM com.sugarcrm.sugar.VoodooControl click
INFO: Clicking &lt;a xpath=&quot;//a[@data-module=&apos;Clients&apos;]&quot; /&gt;.
Dec 18, 2013 5:11:15 PM com.sugarcrm.sugar.VoodooControl waitForElement
INFO: Waited 5015ms, 5015ms elapsed so far.
Dec 18, 2013 5:11:20 PM com.sugarcrm.sugar.VoodooControl waitForElement
INFO: Waited 5022ms, 10037ms elapsed so far.
Dec 18, 2013 5:11:25 PM com.sugarcrm.sugar.VoodooControl waitForElement
INFO: Waited 5034ms, 15072ms elapsed so far.
Dec 18, 2013 5:11:25 PM com.sugarcrm.sugar.VoodooControl waitForElement
INFO: Waited 15072ms for &lt;a xpath=&quot;//a[@data-module=&apos;Clients&apos;]&quot; /&gt;.
Dec 18, 2013 5:11:25 PM com.sugarcrm.test.SugarTest baseCleanup
INFO: Cleaning up SugarTest...
Dec 18, 2013 5:11:25 PM com.sugarcrm.test.SugarTest baseCleanup
INFO: Cleaning up Accounts_17651...
Dec 18, 2013 5:11:26 PM com.sugarcrm.sugar.WsRestV10 loadBasicParams
INFO: REST entry point = http://172.30.2.44/SugarUlt/rest/v10
java.lang.RuntimeException: Failed : HTTP error code : 404
	at com.sugarcrm.candybean.webservices.WS.httpErrorSimpleCheckHttp(WS.java:215)
	at com.sugarcrm.candybean.webservices.WS.requestIt(WS.java:139)
	at com.sugarcrm.candybean.webservices.WS.request(WS.java:92)
	at com.sugarcrm.sugar.WsRestV10.postRequest(WsRestV10.java:132)
	at com.sugarcrm.sugar.WsRestV10.getRecords(WsRestV10.java:205)
	at com.sugarcrm.sugar.WsRestV10.getRecordsIds(WsRestV10.java:223)
	at com.sugarcrm.sugar.WsRestV10.getTotalCount(WsRestV10.java:284)
	at com.sugarcrm.sugar.modules.RecordsModule$Api.deleteAll(RecordsModule.java:324)
	at com.sugarcrm.test.accounts.Accounts_17651.cleanup(Accounts_17651.java:31)
	at com.sugarcrm.test.SugarTest.baseCleanup(SugarTest.java:70)
	at sun.reflect.NativeMethodAccessorImpl.invoke0(Native Method)
	at sun.reflect.NativeMethodAccessorImpl.invoke(NativeMethodAccessorImpl.java:57)
	at sun.reflect.DelegatingMethodAccessorImpl.invoke(DelegatingMethodAccessorImpl.java:43)
	at java.lang.reflect.Method.invoke(Method.java:606)
	at org.junit.runners.model.FrameworkMethod$1.runReflectiveCall(FrameworkMethod.java:44)
	at org.junit.internal.runners.model.ReflectiveCallable.run(ReflectiveCallable.java:15)
	at org.junit.runners.model.FrameworkMethod.invokeExplosively(FrameworkMethod.java:41)
	at org.junit.internal.runners.statements.RunAfters.evaluate(RunAfters.java:37)
	at org.junit.runners.BlockJUnit4ClassRunner.runChild(BlockJUnit4ClassRunner.java:76)
	at org.junit.runners.BlockJUnit4ClassRunner.runChild(BlockJUnit4ClassRunner.java:50)
	at org.junit.runners.ParentRunner$3.run(ParentRunner.java:193)
	at org.junit.runners.ParentRunner$1.schedule(ParentRunner.java:52)
	at org.junit.runners.ParentRunner.runChildren(ParentRunner.java:191)
	at org.junit.runners.ParentRunner.access$000(ParentRunner.java:42)
	at org.junit.runners.ParentRunner$2.evaluate(ParentRunner.java:184)
	at org.junit.internal.runners.statements.RunBefores.evaluate(RunBefores.java:28)
	at org.junit.internal.runners.statements.RunAfters.evaluate(RunAfters.java:31)
	at org.junit.runners.ParentRunner.run(ParentRunner.java:236)
	at org.apache.maven.surefire.junit4.JUnit4Provider.execute(JUnit4Provider.java:252)
	at org.apache.maven.surefire.junit4.JUnit4Provider.executeTestSet(JUnit4Provider.java:141)
	at org.apache.maven.surefire.junit4.JUnit4Provider.invoke(JUnit4Provider.java:112)
	at sun.reflect.NativeMethodAccessorImpl.invoke0(Native Method)
	at sun.reflect.NativeMethodAccessorImpl.invoke(NativeMethodAccessorImpl.java:57)
	at sun.reflect.DelegatingMethodAccessorImpl.invoke(DelegatingMethodAccessorImpl.java:43)
	at java.lang.reflect.Method.invoke(Method.java:606)
	at org.apache.maven.surefire.util.ReflectionUtils.invokeMethodWithArray(ReflectionUtils.java:189)
	at org.apache.maven.surefire.booter.ProviderFactory$ProviderProxy.invoke(ProviderFactory.java:165)
	at org.apache.maven.surefire.booter.ProviderFactory.invokeProvider(ProviderFactory.java:85)
	at org.apache.maven.surefire.booter.ForkedBooter.runSuitesInProcess(ForkedBooter.java:115)
	at org.apache.maven.surefire.booter.ForkedBooter.main(ForkedBooter.java:75)
</system-err>
  </testcase>
  <testcase time="85.744" classname="com.sugarcrm.test.accounts.Accounts_17651" name="execute">
    <error type="java.lang.NullPointerException">java.lang.NullPointerException
	at com.sugarcrm.sugar.WsRestV10.getRecords(WsRestV10.java:208)
	at com.sugarcrm.sugar.WsRestV10.getRecordsIds(WsRestV10.java:223)
	at com.sugarcrm.sugar.WsRestV10.getTotalCount(WsRestV10.java:284)
	at com.sugarcrm.sugar.modules.RecordsModule$Api.deleteAll(RecordsModule.java:324)
	at com.sugarcrm.test.accounts.Accounts_17651.cleanup(Accounts_17651.java:31)
	at com.sugarcrm.test.SugarTest.baseCleanup(SugarTest.java:70)
	at sun.reflect.NativeMethodAccessorImpl.invoke0(Native Method)
	at sun.reflect.NativeMethodAccessorImpl.invoke(NativeMethodAccessorImpl.java:57)
	at sun.reflect.DelegatingMethodAccessorImpl.invoke(DelegatingMethodAccessorImpl.java:43)
	at java.lang.reflect.Method.invoke(Method.java:606)
	at org.junit.runners.model.FrameworkMethod$1.runReflectiveCall(FrameworkMethod.java:44)
	at org.junit.internal.runners.model.ReflectiveCallable.run(ReflectiveCallable.java:15)
	at org.junit.runners.model.FrameworkMethod.invokeExplosively(FrameworkMethod.java:41)
	at org.junit.internal.runners.statements.RunAfters.evaluate(RunAfters.java:37)
	at org.junit.runners.BlockJUnit4ClassRunner.runChild(BlockJUnit4ClassRunner.java:76)
	at org.junit.runners.BlockJUnit4ClassRunner.runChild(BlockJUnit4ClassRunner.java:50)
	at org.junit.runners.ParentRunner$3.run(ParentRunner.java:193)
	at org.junit.runners.ParentRunner$1.schedule(ParentRunner.java:52)
	at org.junit.runners.ParentRunner.runChildren(ParentRunner.java:191)
	at org.junit.runners.ParentRunner.access$000(ParentRunner.java:42)
	at org.junit.runners.ParentRunner$2.evaluate(ParentRunner.java:184)
	at org.junit.internal.runners.statements.RunBefores.evaluate(RunBefores.java:28)
	at org.junit.internal.runners.statements.RunAfters.evaluate(RunAfters.java:31)
	at org.junit.runners.ParentRunner.run(ParentRunner.java:236)
	at org.apache.maven.surefire.junit4.JUnit4Provider.execute(JUnit4Provider.java:252)
	at org.apache.maven.surefire.junit4.JUnit4Provider.executeTestSet(JUnit4Provider.java:141)
	at org.apache.maven.surefire.junit4.JUnit4Provider.invoke(JUnit4Provider.java:112)
	at sun.reflect.NativeMethodAccessorImpl.invoke0(Native Method)
	at sun.reflect.NativeMethodAccessorImpl.invoke(NativeMethodAccessorImpl.java:57)
	at sun.reflect.DelegatingMethodAccessorImpl.invoke(DelegatingMethodAccessorImpl.java:43)
	at java.lang.reflect.Method.invoke(Method.java:606)
	at org.apache.maven.surefire.util.ReflectionUtils.invokeMethodWithArray(ReflectionUtils.java:189)
	at org.apache.maven.surefire.booter.ProviderFactory$ProviderProxy.invoke(ProviderFactory.java:165)
	at org.apache.maven.surefire.booter.ProviderFactory.invokeProvider(ProviderFactory.java:85)
	at org.apache.maven.surefire.booter.ForkedBooter.runSuitesInProcess(ForkedBooter.java:115)
	at org.apache.maven.surefire.booter.ForkedBooter.main(ForkedBooter.java:75)
</error>
  </testcase>
</testsuite>