<?xml version="1.0" encoding="UTF-8" ?>
<testsuite failures="0" time="91.668" errors="1" skipped="0" tests="1" name="com.sugarcrm.test.accounts.Accounts_17242">
  <properties>
[...]
</properties>
  <testcase time="91.668" classname="com.sugarcrm.test.accounts.Accounts_17242" name="execute">
    <error type="com.sugarcrm.sugar.UnfoundElementException">com.sugarcrm.sugar.UnfoundElementException
	at com.sugarcrm.sugar.VoodooControl.waitForElement(VoodooControl.java:138)
	at com.sugarcrm.sugar.VoodooControl.waitForElement(VoodooControl.java:79)
	at com.sugarcrm.sugar.VoodooControl.waitForVisible(VoodooControl.java:181)
	at com.sugarcrm.sugar.VoodooControl.waitForVisible(VoodooControl.java:150)
	at com.sugarcrm.sugar.VoodooControl.click(VoodooControl.java:327)
	at com.sugarcrm.sugar.views.ListView.showActivityStream(ListView.java:683)
	at com.sugarcrm.test.accounts.Accounts_17242.execute(Accounts_17242.java:24)
	at sun.reflect.NativeMethodAccessorImpl.invoke0(Native Method)
	at sun.reflect.NativeMethodAccessorImpl.invoke(NativeMethodAccessorImpl.java:57)
	at sun.reflect.DelegatingMethodAccessorImpl.invoke(DelegatingMethodAccessorImpl.java:43)
	at java.lang.reflect.Method.invoke(Method.java:606)
	at org.junit.runners.model.FrameworkMethod$1.runReflectiveCall(FrameworkMethod.java:44)
	at org.junit.internal.runners.model.ReflectiveCallable.run(ReflectiveCallable.java:15)
	at org.junit.runners.model.FrameworkMethod.invokeExplosively(FrameworkMethod.java:41)
	at org.junit.internal.runners.statements.InvokeMethod.evaluate(InvokeMethod.java:20)
	at org.junit.internal.runners.statements.RunBefores.evaluate(RunBefores.java:28)
	at org.junit.internal.runners.statements.RunAfters.evaluate(RunAfters.java:31)
	at org.junit.runners.BlockJUnit4ClassRunner.runChild(BlockJUnit4ClassRunner.java:76)
	at org.junit.runners.BlockJUnit4ClassRunner.runChild(BlockJUnit4ClassRunner.java:50)
	at org.junit.runners.ParentRunner$3.run(ParentRunner.java:193)
	at org.junit.runners.ParentRunner$1.schedule(ParentRunner.java:52)
	at org.junit.runners.ParentRunner.runChildren(ParentRunner.java:191)
	at org.junit.runners.ParentRunner.access$000(ParentRunner.java:42)
	at org.junit.runners.ParentRunner$2.evaluate(ParentRunner.java:184)
	at org.junit.internal.runners.statements.RunBefores.evaluate(RunBefores.java:28)
	at org.junit.internal.runners.statements.RunAfters.evaluate(RunAfters.java:31)
	at org.junit.runners.ParentRunner.run(ParentRunner.java:236)
	at org.apache.maven.surefire.junit4.JUnit4Provider.execute(JUnit4Provider.java:252)
	at org.apache.maven.surefire.junit4.JUnit4Provider.executeTestSet(JUnit4Provider.java:141)
	at org.apache.maven.surefire.junit4.JUnit4Provider.invoke(JUnit4Provider.java:112)
	at sun.reflect.NativeMethodAccessorImpl.invoke0(Native Method)
	at sun.reflect.NativeMethodAccessorImpl.invoke(NativeMethodAccessorImpl.java:57)
	at sun.reflect.DelegatingMethodAccessorImpl.invoke(DelegatingMethodAccessorImpl.java:43)
	at java.lang.reflect.Method.invoke(Method.java:606)
	at org.apache.maven.surefire.util.ReflectionUtils.invokeMethodWithArray(ReflectionUtils.java:189)
	at org.apache.maven.surefire.booter.ProviderFactory$ProviderProxy.invoke(ProviderFactory.java:165)
	at org.apache.maven.surefire.booter.ProviderFactory.invokeProvider(ProviderFactory.java:85)
	at org.apache.maven.surefire.booter.ForkedBooter.runSuitesInProcess(ForkedBooter.java:115)
	at org.apache.maven.surefire.booter.ForkedBooter.main(ForkedBooter.java:75)
</error>
    <system-out>AccountsModuleFields
BugsModuleFields
ContactsModuleFields
OpportunitiesModuleFields
RevLineItemsModuleFields
LeadsModuleFields
TargetsModuleFields
CasesModuleFields
TasksModuleFields
NotesModuleFields
UsersModuleFields
CampaignsModuleFields
DocumentsModuleFields
QuotesModuleFields
MeetingsModuleFields
CallsModuleFields
</system-out>
    <system-err>Dec 18, 2013 4:58:19 PM com.sugarcrm.test.SugarTest baseSetup
INFO: Setting up SugarTest...
Dec 18, 2013 4:58:19 PM com.sugarcrm.sugar.VoodooUtils launchApp
INFO: Launching app...
Dec 18, 2013 4:58:19 PM com.sugarcrm.candybean.automation.VInterface start
INFO: Starting automation interface with type: CHROME
Dec 18, 2013 4:58:19 PM com.sugarcrm.candybean.automation.VInterface getWebDriver
INFO: chromeDriverLogPath: ./log/chromedriver.log
Dec 18, 2013 4:58:19 PM com.sugarcrm.candybean.automation.VInterface getWebDriver
INFO: chromeDriverPath: ./lib/chromedriver-linux32
Dec 18, 2013 4:58:19 PM com.sugarcrm.candybean.automation.VInterface getWebDriver
INFO: Instantiating Chrome with:
    log path:./log/chromedriver.log
    driver path: ./lib/chromedriver-linux32
Starting ChromeDriver (v2.2) on port 23318
Dec 18, 2013 4:58:22 PM com.sugarcrm.candybean.automation.VInterface go
INFO: Going to URL and switching to window: http://172.30.2.44/SugarUlt
Dec 18, 2013 4:58:23 PM com.sugarcrm.candybean.automation.VInterface maximize
INFO: Maximizing window
Dec 18, 2013 4:58:23 PM com.sugarcrm.sugar.VoodooUtils launchApp
INFO: App launched.
Dec 18, 2013 4:58:24 PM com.sugarcrm.candybean.configuration.Configuration setValue
INFO: Set key value property: {datasource.csv.baseDir, src/main/resources/data}
Dec 18, 2013 4:58:24 PM com.sugarcrm.candybean.configuration.Configuration setValue
INFO: Set key value property: {datasource.csv.baseDir, src/main/resources/data}
Dec 18, 2013 4:58:24 PM com.sugarcrm.candybean.configuration.Configuration setValue
INFO: Set key value property: {datasource.csv.baseDir, src/main/resources/data}
Dec 18, 2013 4:58:24 PM com.sugarcrm.candybean.configuration.Configuration setValue
INFO: Set key value property: {datasource.csv.baseDir, src/main/resources/data}
Dec 18, 2013 4:58:24 PM com.sugarcrm.candybean.configuration.Configuration setValue
INFO: Set key value property: {datasource.csv.baseDir, src/main/resources/data}
Dec 18, 2013 4:58:24 PM com.sugarcrm.candybean.configuration.Configuration setValue
INFO: Set key value property: {datasource.csv.baseDir, src/main/resources/data}
Dec 18, 2013 4:58:24 PM com.sugarcrm.candybean.configuration.Configuration setValue
INFO: Set key value property: {datasource.csv.baseDir, src/main/resources/data}
Dec 18, 2013 4:58:24 PM com.sugarcrm.candybean.configuration.Configuration setValue
INFO: Set key value property: {datasource.csv.baseDir, src/main/resources/data}
Dec 18, 2013 4:58:24 PM com.sugarcrm.candybean.configuration.Configuration setValue
INFO: Set key value property: {datasource.csv.baseDir, src/main/resources/data}
Dec 18, 2013 4:58:24 PM com.sugarcrm.candybean.configuration.Configuration setValue
INFO: Set key value property: {datasource.csv.baseDir, src/main/resources/data}
Dec 18, 2013 4:58:24 PM com.sugarcrm.candybean.configuration.Configuration setValue
INFO: Set key value property: {datasource.csv.baseDir, src/main/resources/data}
Dec 18, 2013 4:58:24 PM com.sugarcrm.candybean.configuration.Configuration setValue
INFO: Set key value property: {datasource.csv.baseDir, src/main/resources/data}
Dec 18, 2013 4:58:24 PM com.sugarcrm.sugar.views.BWCListView setHeaderControls
SEVERE: Method setHeaderControls() not implemented.
Dec 18, 2013 4:58:24 PM com.sugarcrm.sugar.views.BWCListView setHeaderControls
SEVERE: Method setHeaderControls() not implemented.
Dec 18, 2013 4:58:24 PM com.sugarcrm.sugar.views.BWCListView setHeaderControls
SEVERE: Method setHeaderControls() not implemented.
Dec 18, 2013 4:58:24 PM com.sugarcrm.sugar.views.BWCListView setHeaderControls
SEVERE: Method setHeaderControls() not implemented.
Dec 18, 2013 4:58:24 PM com.sugarcrm.sugar.views.BWCListView setHeaderControls
SEVERE: Method setHeaderControls() not implemented.
Dec 18, 2013 4:58:24 PM com.sugarcrm.sugar.views.BWCListView setHeaderControls
SEVERE: Method setHeaderControls() not implemented.
Dec 18, 2013 4:58:24 PM com.sugarcrm.candybean.configuration.Configuration setValue
INFO: Set key value property: {datasource.csv.baseDir, src/main/resources/data}
Dec 18, 2013 4:58:24 PM com.sugarcrm.sugar.views.BWCListView setHeaderControls
SEVERE: Method setHeaderControls() not implemented.
Dec 18, 2013 4:58:24 PM com.sugarcrm.sugar.views.BWCListView setHeaderControls
SEVERE: Method setHeaderControls() not implemented.
Dec 18, 2013 4:58:24 PM com.sugarcrm.sugar.views.BWCListView setHeaderControls
SEVERE: Method setHeaderControls() not implemented.
Dec 18, 2013 4:58:24 PM com.sugarcrm.sugar.views.BWCListView setHeaderControls
SEVERE: Method setHeaderControls() not implemented.
Dec 18, 2013 4:58:24 PM com.sugarcrm.sugar.views.BWCListView setHeaderControls
SEVERE: Method setHeaderControls() not implemented.
Dec 18, 2013 4:58:24 PM com.sugarcrm.sugar.views.BWCListView setHeaderControls
SEVERE: Method setHeaderControls() not implemented.
Dec 18, 2013 4:58:24 PM com.sugarcrm.candybean.configuration.Configuration setValue
INFO: Set key value property: {datasource.csv.baseDir, src/main/resources/data}
Dec 18, 2013 4:58:24 PM com.sugarcrm.sugar.views.BWCListView setHeaderControls
SEVERE: Method setHeaderControls() not implemented.
Dec 18, 2013 4:58:24 PM com.sugarcrm.sugar.views.BWCListView setHeaderControls
SEVERE: Method setHeaderControls() not implemented.
Dec 18, 2013 4:58:24 PM com.sugarcrm.sugar.views.BWCListView setHeaderControls
SEVERE: Method setHeaderControls() not implemented.
Dec 18, 2013 4:58:24 PM com.sugarcrm.sugar.views.BWCListView setHeaderControls
SEVERE: Method setHeaderControls() not implemented.
Dec 18, 2013 4:58:24 PM com.sugarcrm.sugar.views.BWCListView setHeaderControls
SEVERE: Method setHeaderControls() not implemented.
Dec 18, 2013 4:58:24 PM com.sugarcrm.sugar.views.BWCListView setHeaderControls
SEVERE: Method setHeaderControls() not implemented.
Dec 18, 2013 4:58:24 PM com.sugarcrm.sugar.views.BWCListView setHeaderControls
SEVERE: Method setHeaderControls() not implemented.
Dec 18, 2013 4:58:24 PM com.sugarcrm.sugar.views.BWCListView setHeaderControls
SEVERE: Method setHeaderControls() not implemented.
Dec 18, 2013 4:58:24 PM com.sugarcrm.candybean.configuration.Configuration setValue
INFO: Set key value property: {datasource.csv.baseDir, src/main/resources/data}
Dec 18, 2013 4:58:24 PM com.sugarcrm.sugar.views.BWCListView setHeaderControls
SEVERE: Method setHeaderControls() not implemented.
Dec 18, 2013 4:58:24 PM com.sugarcrm.sugar.views.BWCListView setHeaderControls
SEVERE: Method setHeaderControls() not implemented.
Dec 18, 2013 4:58:24 PM com.sugarcrm.sugar.views.BWCListView setHeaderControls
SEVERE: Method setHeaderControls() not implemented.
Dec 18, 2013 4:58:24 PM com.sugarcrm.sugar.views.BWCListView setHeaderControls
SEVERE: Method setHeaderControls() not implemented.
Dec 18, 2013 4:58:24 PM com.sugarcrm.sugar.views.BWCListView setHeaderControls
SEVERE: Method setHeaderControls() not implemented.
Dec 18, 2013 4:58:24 PM com.sugarcrm.sugar.views.BWCListView setHeaderControls
SEVERE: Method setHeaderControls() not implemented.
Dec 18, 2013 4:58:24 PM com.sugarcrm.candybean.configuration.Configuration setValue
INFO: Set key value property: {datasource.csv.baseDir, src/main/resources/data}
Dec 18, 2013 4:58:24 PM com.sugarcrm.sugar.views.BWCListView setHeaderControls
SEVERE: Method setHeaderControls() not implemented.
Dec 18, 2013 4:58:24 PM com.sugarcrm.sugar.views.BWCListView setHeaderControls
SEVERE: Method setHeaderControls() not implemented.
Dec 18, 2013 4:58:24 PM com.sugarcrm.sugar.views.BWCListView setHeaderControls
SEVERE: Method setHeaderControls() not implemented.
Dec 18, 2013 4:58:24 PM com.sugarcrm.sugar.views.BWCListView setHeaderControls
SEVERE: Method setHeaderControls() not implemented.
Dec 18, 2013 4:58:24 PM com.sugarcrm.sugar.views.BWCListView setHeaderControls
SEVERE: Method setHeaderControls() not implemented.
Dec 18, 2013 4:58:24 PM com.sugarcrm.sugar.views.BWCListView setHeaderControls
SEVERE: Method setHeaderControls() not implemented.
Dec 18, 2013 4:58:24 PM com.sugarcrm.sugar.views.BWCListView setHeaderControls
SEVERE: Method setHeaderControls() not implemented.
Dec 18, 2013 4:58:24 PM com.sugarcrm.sugar.modules.AccountsModule init
INFO: Init Accounts...
Dec 18, 2013 4:58:24 PM com.sugarcrm.sugar.modules.BugsModule init
INFO: Init Bugs...
Dec 18, 2013 4:58:24 PM com.sugarcrm.sugar.modules.ContactsModule init
INFO: Init Contacts...
Dec 18, 2013 4:58:24 PM com.sugarcrm.sugar.modules.OpportunitiesModule init
INFO: Init Opportunities...
Dec 18, 2013 4:58:24 PM com.sugarcrm.sugar.modules.RevLineItemsModule init
INFO: Init Revenue Line Items...
Dec 18, 2013 4:58:24 PM com.sugarcrm.sugar.modules.LeadsModule init
INFO: Init Leads...
Dec 18, 2013 4:58:24 PM com.sugarcrm.sugar.modules.TargetsModule init
INFO: Init Targets...
Dec 18, 2013 4:58:24 PM com.sugarcrm.sugar.modules.TargetListsModule init
INFO: Init TargetLists...
Dec 18, 2013 4:58:24 PM com.sugarcrm.sugar.modules.CasesModule init
INFO: Init Cases...
Dec 18, 2013 4:58:24 PM com.sugarcrm.sugar.modules.TasksModule init
INFO: Init Tasks...
Dec 18, 2013 4:58:24 PM com.sugarcrm.sugar.modules.NotesModule init
INFO: Init Notes...
Dec 18, 2013 4:58:24 PM com.sugarcrm.sugar.modules.CampaignsModule init
INFO: Init Campaigns...
Dec 18, 2013 4:58:24 PM com.sugarcrm.sugar.modules.DocumentsModule init
INFO: Init Documents...
Dec 18, 2013 4:58:24 PM com.sugarcrm.sugar.modules.QuotesModule init
INFO: Init Quotes...
Dec 18, 2013 4:58:24 PM com.sugarcrm.sugar.modules.MeetingsModule init
INFO: Init Campaigns...
Dec 18, 2013 4:58:24 PM com.sugarcrm.sugar.modules.CallsModule init
INFO: Init Calls...
Dec 18, 2013 4:58:24 PM com.sugarcrm.candybean.configuration.Configuration setValue
INFO: Set key value property: {datasource.csv.libs.LoginScreen, src/test/resources/libs}
Dec 18, 2013 4:58:24 PM com.sugarcrm.candybean.configuration.Configuration setValue
INFO: Set key value property: {datasource.csv.libs.CreateContactView, src/test/resources/libs}
Dec 18, 2013 4:58:24 PM com.sugarcrm.test.SugarTest baseSetup
INFO: Setting up Accounts_17242...
Dec 18, 2013 4:58:24 PM com.sugarcrm.candybean.configuration.Configuration setValue
INFO: Set key value property: {datasource.csv.baseDir, src/test/resources/data}
Dec 18, 2013 4:58:29 PM com.sugarcrm.sugar.VoodooControl waitForElement
INFO: Waited 5061ms, 5061ms elapsed so far.
Dec 18, 2013 4:58:34 PM com.sugarcrm.sugar.VoodooControl waitForElement
INFO: Waited 5040ms, 10102ms elapsed so far.
Dec 18, 2013 4:58:39 PM com.sugarcrm.sugar.VoodooControl waitForElement
INFO: Waited 5043ms, 15146ms elapsed so far.
Dec 18, 2013 4:58:39 PM com.sugarcrm.sugar.VoodooControl waitForElement
INFO: Waited 15146ms for &lt;a css=&quot;#userActions a&quot; /&gt;.
Dec 18, 2013 4:58:39 PM com.sugarcrm.sugar.VoodooControl waitForElement
INFO: Find took 16ms.
Dec 18, 2013 4:58:39 PM com.sugarcrm.sugar.VoodooControl waitForElement
INFO: Find took 7ms.
Dec 18, 2013 4:58:39 PM com.sugarcrm.candybean.automation.control.VControl isDisplayed
INFO: Selenium: determining if control is visible: VControl(VHook(NAME,username))
Dec 18, 2013 4:58:39 PM com.sugarcrm.sugar.VoodooControl waitForElement
INFO: Find took 6ms.
Dec 18, 2013 4:58:39 PM com.sugarcrm.candybean.automation.control.VControl isDisplayed
INFO: Selenium: determining if control is visible: VControl(VHook(NAME,username))
Dec 18, 2013 4:58:39 PM com.sugarcrm.sugar.VoodooControl waitForVisible
INFO: &lt;input name=&quot;username&quot; /&gt; became visible in 57ms.
Dec 18, 2013 4:58:39 PM com.sugarcrm.sugar.VoodooControl set
INFO: Setting &lt;input name=&quot;username&quot; /&gt; to admin
Dec 18, 2013 4:58:39 PM com.sugarcrm.sugar.VoodooControl waitForElement
INFO: Find took 5ms.
Dec 18, 2013 4:58:39 PM com.sugarcrm.sugar.VoodooControl waitForElement
INFO: Find took 7ms.
Dec 18, 2013 4:58:39 PM com.sugarcrm.candybean.automation.control.VControl isDisplayed
INFO: Selenium: determining if control is visible: VControl(VHook(NAME,username))
Dec 18, 2013 4:58:39 PM com.sugarcrm.sugar.VoodooControl waitForElement
INFO: Find took 7ms.
Dec 18, 2013 4:58:39 PM com.sugarcrm.candybean.automation.control.VControl isDisplayed
INFO: Selenium: determining if control is visible: VControl(VHook(NAME,username))
Dec 18, 2013 4:58:39 PM com.sugarcrm.sugar.VoodooControl waitForVisible
INFO: &lt;input name=&quot;username&quot; /&gt; became visible in 45ms.
Dec 18, 2013 4:58:39 PM com.sugarcrm.sugar.VoodooControl waitForElement
INFO: Find took 6ms.
Dec 18, 2013 4:58:39 PM com.sugarcrm.sugar.VoodooControl waitForElement
INFO: Find took 7ms.
Dec 18, 2013 4:58:39 PM com.sugarcrm.candybean.automation.control.VControl isDisplayed
INFO: Selenium: determining if control is visible: VControl(VHook(NAME,username))
Dec 18, 2013 4:58:39 PM com.sugarcrm.sugar.VoodooControl waitForElement
INFO: Find took 9ms.
Dec 18, 2013 4:58:39 PM com.sugarcrm.candybean.automation.control.VControl isDisplayed
INFO: Selenium: determining if control is visible: VControl(VHook(NAME,username))
Dec 18, 2013 4:58:39 PM com.sugarcrm.sugar.VoodooControl waitForVisible
INFO: &lt;input name=&quot;username&quot; /&gt; became visible in 45ms.
Dec 18, 2013 4:58:39 PM com.sugarcrm.candybean.automation.control.VControl getAttribute
INFO: Selenium: getting attribute: type for control: VControl(VHook(NAME,username))
Dec 18, 2013 4:58:39 PM com.sugarcrm.sugar.VoodooControl waitForElement
INFO: Find took 15ms.
Dec 18, 2013 4:58:39 PM com.sugarcrm.sugar.VoodooControl waitForElement
INFO: Find took 13ms.
Dec 18, 2013 4:58:39 PM com.sugarcrm.candybean.automation.control.VControl isDisplayed
INFO: Selenium: determining if control is visible: VControl(VHook(NAME,username))
Dec 18, 2013 4:58:40 PM com.sugarcrm.sugar.VoodooControl waitForElement
INFO: Find took 12ms.
Dec 18, 2013 4:58:40 PM com.sugarcrm.candybean.automation.control.VControl isDisplayed
INFO: Selenium: determining if control is visible: VControl(VHook(NAME,username))
Dec 18, 2013 4:58:40 PM com.sugarcrm.sugar.VoodooControl waitForVisible
INFO: &lt;input name=&quot;username&quot; /&gt; became visible in 77ms.
Dec 18, 2013 4:58:40 PM com.sugarcrm.candybean.automation.control.VControl sendString
INFO: Selenium: sending string: admin to control: VControl(VHook(NAME,username))
Dec 18, 2013 4:58:40 PM com.sugarcrm.sugar.VoodooControl set
INFO: Setting &lt;input name=&quot;password&quot; /&gt; to asdf
Dec 18, 2013 4:58:40 PM com.sugarcrm.sugar.VoodooControl waitForElement
INFO: Find took 15ms.
Dec 18, 2013 4:58:40 PM com.sugarcrm.sugar.VoodooControl waitForElement
INFO: Find took 8ms.
Dec 18, 2013 4:58:40 PM com.sugarcrm.candybean.automation.control.VControl isDisplayed
INFO: Selenium: determining if control is visible: VControl(VHook(NAME,password))
Dec 18, 2013 4:58:40 PM com.sugarcrm.sugar.VoodooControl waitForElement
INFO: Find took 7ms.
Dec 18, 2013 4:58:40 PM com.sugarcrm.candybean.automation.control.VControl isDisplayed
INFO: Selenium: determining if control is visible: VControl(VHook(NAME,password))
Dec 18, 2013 4:58:40 PM com.sugarcrm.sugar.VoodooControl waitForVisible
INFO: &lt;input name=&quot;password&quot; /&gt; became visible in 59ms.
Dec 18, 2013 4:58:40 PM com.sugarcrm.sugar.VoodooControl waitForElement
INFO: Find took 7ms.
Dec 18, 2013 4:58:40 PM com.sugarcrm.sugar.VoodooControl waitForElement
INFO: Find took 9ms.
Dec 18, 2013 4:58:40 PM com.sugarcrm.candybean.automation.control.VControl isDisplayed
INFO: Selenium: determining if control is visible: VControl(VHook(NAME,password))
Dec 18, 2013 4:58:40 PM com.sugarcrm.sugar.VoodooControl waitForElement
INFO: Find took 7ms.
Dec 18, 2013 4:58:40 PM com.sugarcrm.candybean.automation.control.VControl isDisplayed
INFO: Selenium: determining if control is visible: VControl(VHook(NAME,password))
Dec 18, 2013 4:58:40 PM com.sugarcrm.sugar.VoodooControl waitForVisible
INFO: &lt;input name=&quot;password&quot; /&gt; became visible in 42ms.
Dec 18, 2013 4:58:40 PM com.sugarcrm.candybean.automation.control.VControl getAttribute
INFO: Selenium: getting attribute: type for control: VControl(VHook(NAME,password))
Dec 18, 2013 4:58:40 PM com.sugarcrm.sugar.VoodooControl waitForElement
INFO: Find took 6ms.
Dec 18, 2013 4:58:40 PM com.sugarcrm.sugar.VoodooControl waitForElement
INFO: Find took 7ms.
Dec 18, 2013 4:58:40 PM com.sugarcrm.candybean.automation.control.VControl isDisplayed
INFO: Selenium: determining if control is visible: VControl(VHook(NAME,password))
Dec 18, 2013 4:58:40 PM com.sugarcrm.sugar.VoodooControl waitForElement
INFO: Find took 25ms.
Dec 18, 2013 4:58:40 PM com.sugarcrm.candybean.automation.control.VControl isDisplayed
INFO: Selenium: determining if control is visible: VControl(VHook(NAME,password))
Dec 18, 2013 4:58:40 PM com.sugarcrm.sugar.VoodooControl waitForVisible
INFO: &lt;input name=&quot;password&quot; /&gt; became visible in 55ms.
Dec 18, 2013 4:58:40 PM com.sugarcrm.candybean.automation.control.VControl sendString
INFO: Selenium: sending string: asdf to control: VControl(VHook(NAME,password))
Dec 18, 2013 4:58:40 PM com.sugarcrm.sugar.VoodooControl click
INFO: Clicking &lt;a name=&quot;login_button&quot; /&gt;.
Dec 18, 2013 4:58:40 PM com.sugarcrm.sugar.VoodooControl waitForElement
INFO: Find took 13ms.
Dec 18, 2013 4:58:40 PM com.sugarcrm.sugar.VoodooControl waitForElement
INFO: Find took 10ms.
Dec 18, 2013 4:58:40 PM com.sugarcrm.candybean.automation.control.VControl isDisplayed
INFO: Selenium: determining if control is visible: VControl(VHook(NAME,login_button))
Dec 18, 2013 4:58:40 PM com.sugarcrm.sugar.VoodooControl waitForElement
INFO: Find took 6ms.
Dec 18, 2013 4:58:40 PM com.sugarcrm.candybean.automation.control.VControl isDisplayed
INFO: Selenium: determining if control is visible: VControl(VHook(NAME,login_button))
Dec 18, 2013 4:58:40 PM com.sugarcrm.sugar.VoodooControl waitForVisible
INFO: &lt;a name=&quot;login_button&quot; /&gt; became visible in 54ms.
Dec 18, 2013 4:58:40 PM com.sugarcrm.candybean.automation.control.VControl click
INFO: Selenium: clicking on control: VControl(VHook(NAME,login_button))
Dec 18, 2013 4:58:40 PM com.sugarcrm.sugar.VoodooControl waitForElement
INFO: Find took 26ms.
Dec 18, 2013 4:58:40 PM com.sugarcrm.candybean.automation.control.VControl isDisplayed
INFO: Selenium: determining if control is visible: VControl(VHook(CSS,#alerts))
Dec 18, 2013 4:58:40 PM com.sugarcrm.candybean.automation.VInterface pause
INFO: Pausing for 250ms via thread sleep.
Dec 18, 2013 4:58:40 PM com.sugarcrm.sugar.VoodooControl waitForElement
INFO: Find took 6ms.
Dec 18, 2013 4:58:40 PM com.sugarcrm.candybean.automation.control.VControl isDisplayed
INFO: Selenium: determining if control is visible: VControl(VHook(CSS,#alerts))
Dec 18, 2013 4:58:40 PM com.sugarcrm.candybean.automation.VInterface pause
INFO: Pausing for 250ms via thread sleep.
Dec 18, 2013 4:58:41 PM com.sugarcrm.sugar.VoodooControl waitForElement
INFO: Find took 12ms.
Dec 18, 2013 4:58:41 PM com.sugarcrm.candybean.automation.control.VControl isDisplayed
INFO: Selenium: determining if control is visible: VControl(VHook(CSS,#alerts))
Dec 18, 2013 4:58:41 PM com.sugarcrm.candybean.automation.VInterface pause
INFO: Pausing for 250ms via thread sleep.
Dec 18, 2013 4:58:41 PM com.sugarcrm.sugar.VoodooControl waitForElement
INFO: Find took 7ms.
Dec 18, 2013 4:58:41 PM com.sugarcrm.candybean.automation.control.VControl isDisplayed
INFO: Selenium: determining if control is visible: VControl(VHook(CSS,#alerts))
Dec 18, 2013 4:58:41 PM com.sugarcrm.candybean.automation.VInterface pause
INFO: Pausing for 250ms via thread sleep.
Dec 18, 2013 4:58:41 PM com.sugarcrm.sugar.VoodooControl waitForElement
INFO: Find took 8ms.
Dec 18, 2013 4:58:41 PM com.sugarcrm.candybean.automation.control.VControl isDisplayed
INFO: Selenium: determining if control is visible: VControl(VHook(CSS,#alerts))
Dec 18, 2013 4:58:41 PM com.sugarcrm.candybean.automation.VInterface pause
INFO: Pausing for 250ms via thread sleep.
Dec 18, 2013 4:58:41 PM com.sugarcrm.sugar.VoodooControl waitForElement
INFO: Find took 6ms.
Dec 18, 2013 4:58:41 PM com.sugarcrm.candybean.automation.control.VControl isDisplayed
INFO: Selenium: determining if control is visible: VControl(VHook(CSS,#alerts))
Dec 18, 2013 4:58:41 PM com.sugarcrm.candybean.automation.VInterface pause
INFO: Pausing for 250ms via thread sleep.
Dec 18, 2013 4:58:42 PM com.sugarcrm.sugar.VoodooControl waitForElement
INFO: Find took 7ms.
Dec 18, 2013 4:58:42 PM com.sugarcrm.candybean.automation.control.VControl isDisplayed
INFO: Selenium: determining if control is visible: VControl(VHook(CSS,#alerts))
Dec 18, 2013 4:58:42 PM com.sugarcrm.candybean.automation.VInterface pause
INFO: Pausing for 250ms via thread sleep.
Dec 18, 2013 4:58:42 PM com.sugarcrm.sugar.VoodooControl waitForElement
INFO: Find took 7ms.
Dec 18, 2013 4:58:42 PM com.sugarcrm.candybean.automation.control.VControl isDisplayed
INFO: Selenium: determining if control is visible: VControl(VHook(CSS,#alerts))
Dec 18, 2013 4:58:42 PM com.sugarcrm.candybean.automation.VInterface pause
INFO: Pausing for 250ms via thread sleep.
Dec 18, 2013 4:58:42 PM com.sugarcrm.sugar.VoodooControl waitForElement
INFO: Find took 5ms.
Dec 18, 2013 4:58:42 PM com.sugarcrm.candybean.automation.control.VControl isDisplayed
INFO: Selenium: determining if control is visible: VControl(VHook(CSS,#alerts))
Dec 18, 2013 4:58:42 PM com.sugarcrm.candybean.automation.VInterface pause
INFO: Pausing for 250ms via thread sleep.
Dec 18, 2013 4:58:42 PM com.sugarcrm.sugar.VoodooControl waitForElement
INFO: Find took 5ms.
Dec 18, 2013 4:58:42 PM com.sugarcrm.candybean.automation.control.VControl isDisplayed
INFO: Selenium: determining if control is visible: VControl(VHook(CSS,#alerts))
Dec 18, 2013 4:58:42 PM com.sugarcrm.candybean.automation.VInterface pause
INFO: Pausing for 250ms via thread sleep.
Dec 18, 2013 4:58:43 PM com.sugarcrm.sugar.VoodooControl waitForElement
INFO: Find took 73ms.
Dec 18, 2013 4:58:43 PM com.sugarcrm.candybean.automation.control.VControl isDisplayed
INFO: Selenium: determining if control is visible: VControl(VHook(CSS,#alerts))
Dec 18, 2013 4:58:43 PM com.sugarcrm.candybean.automation.VInterface pause
INFO: Pausing for 250ms via thread sleep.
Dec 18, 2013 4:58:43 PM com.sugarcrm.sugar.VoodooControl waitForElement
INFO: Find took 317ms.
Dec 18, 2013 4:58:43 PM com.sugarcrm.candybean.automation.control.VControl isDisplayed
INFO: Selenium: determining if control is visible: VControl(VHook(CSS,#alerts))
Dec 18, 2013 4:58:43 PM com.sugarcrm.candybean.automation.VInterface pause
INFO: Pausing for 250ms via thread sleep.
Dec 18, 2013 4:58:44 PM com.sugarcrm.sugar.VoodooControl waitForElement
INFO: Find took 6ms.
Dec 18, 2013 4:58:44 PM com.sugarcrm.candybean.automation.control.VControl isDisplayed
INFO: Selenium: determining if control is visible: VControl(VHook(CSS,#alerts))
Dec 18, 2013 4:58:44 PM com.sugarcrm.candybean.automation.VInterface pause
INFO: Pausing for 250ms via thread sleep.
Dec 18, 2013 4:58:44 PM com.sugarcrm.sugar.VoodooControl waitForElement
INFO: Find took 27ms.
Dec 18, 2013 4:58:44 PM com.sugarcrm.candybean.automation.control.VControl isDisplayed
INFO: Selenium: determining if control is visible: VControl(VHook(CSS,#alerts))
Dec 18, 2013 4:58:44 PM com.sugarcrm.candybean.automation.VInterface pause
INFO: Pausing for 250ms via thread sleep.
Dec 18, 2013 4:58:44 PM com.sugarcrm.sugar.VoodooControl waitForElement
INFO: Find took 6ms.
Dec 18, 2013 4:58:44 PM com.sugarcrm.candybean.automation.control.VControl isDisplayed
INFO: Selenium: determining if control is visible: VControl(VHook(CSS,#alerts))
Dec 18, 2013 4:58:44 PM com.sugarcrm.candybean.automation.VInterface pause
INFO: Pausing for 250ms via thread sleep.
Dec 18, 2013 4:58:45 PM com.sugarcrm.sugar.VoodooControl waitForElement
INFO: Find took 6ms.
Dec 18, 2013 4:58:45 PM com.sugarcrm.candybean.automation.control.VControl isDisplayed
INFO: Selenium: determining if control is visible: VControl(VHook(CSS,#alerts))
Dec 18, 2013 4:58:45 PM com.sugarcrm.candybean.automation.VInterface pause
INFO: Pausing for 250ms via thread sleep.
Dec 18, 2013 4:58:45 PM com.sugarcrm.sugar.VoodooControl waitForElement
INFO: Find took 297ms.
Dec 18, 2013 4:58:45 PM com.sugarcrm.candybean.automation.control.VControl isDisplayed
INFO: Selenium: determining if control is visible: VControl(VHook(CSS,#alerts))
Dec 18, 2013 4:58:45 PM com.sugarcrm.candybean.automation.VInterface pause
INFO: Pausing for 250ms via thread sleep.
Dec 18, 2013 4:58:45 PM com.sugarcrm.sugar.VoodooControl waitForElement
INFO: Find took 5ms.
Dec 18, 2013 4:58:45 PM com.sugarcrm.candybean.automation.control.VControl isDisplayed
INFO: Selenium: determining if control is visible: VControl(VHook(CSS,#alerts))
Dec 18, 2013 4:58:45 PM com.sugarcrm.candybean.automation.VInterface pause
INFO: Pausing for 250ms via thread sleep.
Dec 18, 2013 4:58:46 PM com.sugarcrm.sugar.VoodooControl waitForElement
INFO: Find took 6ms.
Dec 18, 2013 4:58:46 PM com.sugarcrm.candybean.automation.control.VControl isDisplayed
INFO: Selenium: determining if control is visible: VControl(VHook(CSS,#alerts))
Dec 18, 2013 4:58:46 PM com.sugarcrm.candybean.automation.VInterface pause
INFO: Pausing for 250ms via thread sleep.
Dec 18, 2013 4:58:46 PM com.sugarcrm.sugar.VoodooControl waitForElement
INFO: Find took 6ms.
Dec 18, 2013 4:58:46 PM com.sugarcrm.candybean.automation.control.VControl isDisplayed
INFO: Selenium: determining if control is visible: VControl(VHook(CSS,#alerts))
Dec 18, 2013 4:58:46 PM com.sugarcrm.candybean.automation.VInterface pause
INFO: Pausing for 250ms via thread sleep.
Dec 18, 2013 4:58:46 PM com.sugarcrm.sugar.VoodooControl waitForElement
INFO: Find took 7ms.
Dec 18, 2013 4:58:46 PM com.sugarcrm.candybean.automation.control.VControl isDisplayed
INFO: Selenium: determining if control is visible: VControl(VHook(CSS,#alerts))
Dec 18, 2013 4:58:46 PM com.sugarcrm.candybean.automation.VInterface pause
INFO: Pausing for 250ms via thread sleep.
Dec 18, 2013 4:58:46 PM com.sugarcrm.sugar.VoodooControl waitForElement
INFO: Find took 6ms.
Dec 18, 2013 4:58:46 PM com.sugarcrm.candybean.automation.control.VControl isDisplayed
INFO: Selenium: determining if control is visible: VControl(VHook(CSS,#alerts))
Dec 18, 2013 4:58:46 PM com.sugarcrm.candybean.automation.VInterface pause
INFO: Pausing for 250ms via thread sleep.
Dec 18, 2013 4:58:47 PM com.sugarcrm.sugar.VoodooControl waitForElement
INFO: Find took 5ms.
Dec 18, 2013 4:58:47 PM com.sugarcrm.candybean.automation.control.VControl isDisplayed
INFO: Selenium: determining if control is visible: VControl(VHook(CSS,#alerts))
Dec 18, 2013 4:58:47 PM com.sugarcrm.candybean.automation.VInterface pause
INFO: Pausing for 250ms via thread sleep.
Dec 18, 2013 4:58:47 PM com.sugarcrm.sugar.VoodooControl waitForElement
INFO: Find took 5ms.
Dec 18, 2013 4:58:47 PM com.sugarcrm.candybean.automation.control.VControl isDisplayed
INFO: Selenium: determining if control is visible: VControl(VHook(CSS,#alerts))
Dec 18, 2013 4:58:47 PM com.sugarcrm.candybean.automation.VInterface pause
INFO: Pausing for 250ms via thread sleep.
Dec 18, 2013 4:58:47 PM com.sugarcrm.sugar.VoodooControl waitForElement
INFO: Find took 6ms.
Dec 18, 2013 4:58:47 PM com.sugarcrm.candybean.automation.control.VControl isDisplayed
INFO: Selenium: determining if control is visible: VControl(VHook(CSS,#alerts))
Dec 18, 2013 4:58:47 PM com.sugarcrm.candybean.automation.VInterface pause
INFO: Pausing for 250ms via thread sleep.
Dec 18, 2013 4:58:48 PM com.sugarcrm.sugar.VoodooControl waitForElement
INFO: Find took 6ms.
Dec 18, 2013 4:58:48 PM com.sugarcrm.candybean.automation.control.VControl isDisplayed
INFO: Selenium: determining if control is visible: VControl(VHook(CSS,#alerts))
Dec 18, 2013 4:58:48 PM com.sugarcrm.candybean.automation.VInterface pause
INFO: Pausing for 250ms via thread sleep.
Dec 18, 2013 4:58:48 PM com.sugarcrm.sugar.VoodooControl waitForElement
INFO: Find took 6ms.
Dec 18, 2013 4:58:48 PM com.sugarcrm.candybean.automation.control.VControl isDisplayed
INFO: Selenium: determining if control is visible: VControl(VHook(CSS,#alerts))
Dec 18, 2013 4:58:48 PM com.sugarcrm.candybean.automation.VInterface pause
INFO: Pausing for 250ms via thread sleep.
Dec 18, 2013 4:58:48 PM com.sugarcrm.sugar.VoodooControl waitForElement
INFO: Find took 7ms.
Dec 18, 2013 4:58:48 PM com.sugarcrm.candybean.automation.control.VControl isDisplayed
INFO: Selenium: determining if control is visible: VControl(VHook(CSS,#alerts))
Dec 18, 2013 4:58:48 PM com.sugarcrm.candybean.automation.VInterface pause
INFO: Pausing for 250ms via thread sleep.
Dec 18, 2013 4:58:48 PM com.sugarcrm.sugar.VoodooControl waitForElement
INFO: Find took 6ms.
Dec 18, 2013 4:58:48 PM com.sugarcrm.candybean.automation.control.VControl isDisplayed
INFO: Selenium: determining if control is visible: VControl(VHook(CSS,#alerts))
Dec 18, 2013 4:58:48 PM com.sugarcrm.candybean.automation.VInterface pause
INFO: Pausing for 250ms via thread sleep.
Dec 18, 2013 4:58:49 PM com.sugarcrm.sugar.VoodooControl waitForElement
INFO: Find took 6ms.
Dec 18, 2013 4:58:49 PM com.sugarcrm.candybean.automation.control.VControl isDisplayed
INFO: Selenium: determining if control is visible: VControl(VHook(CSS,#alerts))
Dec 18, 2013 4:58:49 PM com.sugarcrm.candybean.automation.VInterface pause
INFO: Pausing for 250ms via thread sleep.
Dec 18, 2013 4:58:49 PM com.sugarcrm.sugar.VoodooControl waitForElement
INFO: Find took 6ms.
Dec 18, 2013 4:58:49 PM com.sugarcrm.candybean.automation.control.VControl isDisplayed
INFO: Selenium: determining if control is visible: VControl(VHook(CSS,#alerts))
Dec 18, 2013 4:58:49 PM com.sugarcrm.candybean.automation.VInterface pause
INFO: Pausing for 250ms via thread sleep.
Dec 18, 2013 4:58:49 PM com.sugarcrm.sugar.VoodooControl waitForElement
INFO: Find took 6ms.
Dec 18, 2013 4:58:49 PM com.sugarcrm.candybean.automation.control.VControl isDisplayed
INFO: Selenium: determining if control is visible: VControl(VHook(CSS,#alerts))
Dec 18, 2013 4:58:49 PM com.sugarcrm.candybean.automation.VInterface pause
INFO: Pausing for 250ms via thread sleep.
Dec 18, 2013 4:58:49 PM com.sugarcrm.sugar.VoodooControl waitForElement
INFO: Find took 6ms.
Dec 18, 2013 4:58:49 PM com.sugarcrm.candybean.automation.control.VControl isDisplayed
INFO: Selenium: determining if control is visible: VControl(VHook(CSS,#alerts))
Dec 18, 2013 4:58:49 PM com.sugarcrm.candybean.automation.VInterface pause
INFO: Pausing for 250ms via thread sleep.
Dec 18, 2013 4:58:50 PM com.sugarcrm.sugar.VoodooControl waitForElement
INFO: Find took 6ms.
Dec 18, 2013 4:58:50 PM com.sugarcrm.candybean.automation.control.VControl isDisplayed
INFO: Selenium: determining if control is visible: VControl(VHook(CSS,#alerts))
Dec 18, 2013 4:58:50 PM com.sugarcrm.candybean.automation.VInterface pause
INFO: Pausing for 250ms via thread sleep.
Dec 18, 2013 4:58:50 PM com.sugarcrm.sugar.VoodooControl waitForElement
INFO: Find took 6ms.
Dec 18, 2013 4:58:50 PM com.sugarcrm.candybean.automation.control.VControl isDisplayed
INFO: Selenium: determining if control is visible: VControl(VHook(CSS,#alerts))
Dec 18, 2013 4:58:50 PM com.sugarcrm.candybean.automation.VInterface pause
INFO: Pausing for 250ms via thread sleep.
Dec 18, 2013 4:58:50 PM com.sugarcrm.sugar.VoodooControl waitForElement
INFO: Find took 6ms.
Dec 18, 2013 4:58:50 PM com.sugarcrm.candybean.automation.control.VControl isDisplayed
INFO: Selenium: determining if control is visible: VControl(VHook(CSS,#alerts))
Dec 18, 2013 4:58:50 PM com.sugarcrm.candybean.automation.VInterface pause
INFO: Pausing for 250ms via thread sleep.
Dec 18, 2013 4:58:50 PM com.sugarcrm.sugar.VoodooControl waitForElement
INFO: Find took 6ms.
Dec 18, 2013 4:58:50 PM com.sugarcrm.candybean.automation.control.VControl isDisplayed
INFO: Selenium: determining if control is visible: VControl(VHook(CSS,#alerts))
Dec 18, 2013 4:58:50 PM com.sugarcrm.candybean.automation.VInterface pause
INFO: Pausing for 250ms via thread sleep.
Dec 18, 2013 4:58:51 PM com.sugarcrm.sugar.VoodooControl waitForElement
INFO: Find took 6ms.
Dec 18, 2013 4:58:51 PM com.sugarcrm.candybean.automation.control.VControl isDisplayed
INFO: Selenium: determining if control is visible: VControl(VHook(CSS,#alerts))
Dec 18, 2013 4:58:51 PM com.sugarcrm.candybean.automation.VInterface pause
INFO: Pausing for 250ms via thread sleep.
Dec 18, 2013 4:58:51 PM com.sugarcrm.sugar.VoodooControl waitForElement
INFO: Find took 7ms.
Dec 18, 2013 4:58:51 PM com.sugarcrm.candybean.automation.control.VControl isDisplayed
INFO: Selenium: determining if control is visible: VControl(VHook(CSS,#alerts))
Dec 18, 2013 4:58:51 PM com.sugarcrm.candybean.automation.VInterface pause
INFO: Pausing for 250ms via thread sleep.
Dec 18, 2013 4:58:51 PM com.sugarcrm.sugar.VoodooControl waitForElement
INFO: Find took 6ms.
Dec 18, 2013 4:58:51 PM com.sugarcrm.candybean.automation.control.VControl isDisplayed
INFO: Selenium: determining if control is visible: VControl(VHook(CSS,#alerts))
Dec 18, 2013 4:58:51 PM com.sugarcrm.candybean.automation.VInterface pause
INFO: Pausing for 250ms via thread sleep.
Dec 18, 2013 4:58:51 PM com.sugarcrm.sugar.VoodooControl waitForElement
INFO: Find took 6ms.
Dec 18, 2013 4:58:51 PM com.sugarcrm.candybean.automation.control.VControl isDisplayed
INFO: Selenium: determining if control is visible: VControl(VHook(CSS,#alerts))
Dec 18, 2013 4:58:51 PM com.sugarcrm.candybean.automation.VInterface pause
INFO: Pausing for 250ms via thread sleep.
Dec 18, 2013 4:58:52 PM com.sugarcrm.sugar.VoodooControl waitForElement
INFO: Find took 6ms.
Dec 18, 2013 4:58:52 PM com.sugarcrm.candybean.automation.control.VControl isDisplayed
INFO: Selenium: determining if control is visible: VControl(VHook(CSS,#alerts))
Dec 18, 2013 4:58:52 PM com.sugarcrm.candybean.automation.VInterface pause
INFO: Pausing for 250ms via thread sleep.
Dec 18, 2013 4:58:52 PM com.sugarcrm.sugar.VoodooControl waitForElement
INFO: Find took 6ms.
Dec 18, 2013 4:58:52 PM com.sugarcrm.candybean.automation.control.VControl isDisplayed
INFO: Selenium: determining if control is visible: VControl(VHook(CSS,#alerts))
Dec 18, 2013 4:58:52 PM com.sugarcrm.candybean.automation.VInterface pause
INFO: Pausing for 250ms via thread sleep.
Dec 18, 2013 4:58:52 PM com.sugarcrm.sugar.VoodooControl waitForElement
INFO: Find took 6ms.
Dec 18, 2013 4:58:52 PM com.sugarcrm.candybean.automation.control.VControl isDisplayed
INFO: Selenium: determining if control is visible: VControl(VHook(CSS,#alerts))
Dec 18, 2013 4:58:52 PM com.sugarcrm.candybean.automation.VInterface pause
INFO: Pausing for 250ms via thread sleep.
Dec 18, 2013 4:58:53 PM com.sugarcrm.sugar.VoodooControl waitForElement
INFO: Find took 5ms.
Dec 18, 2013 4:58:53 PM com.sugarcrm.candybean.automation.control.VControl isDisplayed
INFO: Selenium: determining if control is visible: VControl(VHook(CSS,#alerts))
Dec 18, 2013 4:58:53 PM com.sugarcrm.candybean.automation.VInterface pause
INFO: Pausing for 250ms via thread sleep.
Dec 18, 2013 4:58:53 PM com.sugarcrm.sugar.VoodooControl waitForElement
INFO: Find took 5ms.
Dec 18, 2013 4:58:53 PM com.sugarcrm.candybean.automation.control.VControl isDisplayed
INFO: Selenium: determining if control is visible: VControl(VHook(CSS,#alerts))
Dec 18, 2013 4:58:53 PM com.sugarcrm.candybean.automation.VInterface pause
INFO: Pausing for 250ms via thread sleep.
Dec 18, 2013 4:58:53 PM com.sugarcrm.sugar.VoodooControl waitForElement
INFO: Find took 6ms.
Dec 18, 2013 4:58:53 PM com.sugarcrm.candybean.automation.control.VControl isDisplayed
INFO: Selenium: determining if control is visible: VControl(VHook(CSS,#alerts))
Dec 18, 2013 4:58:53 PM com.sugarcrm.candybean.automation.VInterface pause
INFO: Pausing for 250ms via thread sleep.
Dec 18, 2013 4:58:53 PM com.sugarcrm.sugar.VoodooControl waitForElement
INFO: Find took 6ms.
Dec 18, 2013 4:58:53 PM com.sugarcrm.candybean.automation.control.VControl isDisplayed
INFO: Selenium: determining if control is visible: VControl(VHook(CSS,#alerts))
Dec 18, 2013 4:58:53 PM com.sugarcrm.candybean.automation.VInterface pause
INFO: Pausing for 250ms via thread sleep.
Dec 18, 2013 4:58:54 PM com.sugarcrm.sugar.VoodooControl waitForElement
INFO: Find took 6ms.
Dec 18, 2013 4:58:54 PM com.sugarcrm.candybean.automation.control.VControl isDisplayed
INFO: Selenium: determining if control is visible: VControl(VHook(CSS,#alerts))
Dec 18, 2013 4:58:54 PM com.sugarcrm.candybean.automation.VInterface pause
INFO: Pausing for 250ms via thread sleep.
Dec 18, 2013 4:58:54 PM com.sugarcrm.sugar.VoodooControl waitForElement
INFO: Find took 6ms.
Dec 18, 2013 4:58:54 PM com.sugarcrm.candybean.automation.control.VControl isDisplayed
INFO: Selenium: determining if control is visible: VControl(VHook(CSS,#alerts))
Dec 18, 2013 4:58:54 PM com.sugarcrm.candybean.automation.VInterface pause
INFO: Pausing for 250ms via thread sleep.
Dec 18, 2013 4:58:54 PM com.sugarcrm.sugar.VoodooControl waitForElement
INFO: Find took 6ms.
Dec 18, 2013 4:58:54 PM com.sugarcrm.candybean.automation.control.VControl isDisplayed
INFO: Selenium: determining if control is visible: VControl(VHook(CSS,#alerts))
Dec 18, 2013 4:58:54 PM com.sugarcrm.candybean.automation.VInterface pause
INFO: Pausing for 250ms via thread sleep.
Dec 18, 2013 4:58:54 PM com.sugarcrm.sugar.VoodooControl waitForElement
INFO: Find took 6ms.
Dec 18, 2013 4:58:54 PM com.sugarcrm.candybean.automation.control.VControl isDisplayed
INFO: Selenium: determining if control is visible: VControl(VHook(CSS,#alerts))
Dec 18, 2013 4:58:54 PM com.sugarcrm.candybean.automation.VInterface pause
INFO: Pausing for 250ms via thread sleep.
Dec 18, 2013 4:58:55 PM com.sugarcrm.sugar.VoodooControl waitForElement
INFO: Find took 6ms.
Dec 18, 2013 4:58:55 PM com.sugarcrm.candybean.automation.control.VControl isDisplayed
INFO: Selenium: determining if control is visible: VControl(VHook(CSS,#alerts))
Dec 18, 2013 4:58:55 PM com.sugarcrm.candybean.automation.VInterface pause
INFO: Pausing for 250ms via thread sleep.
Dec 18, 2013 4:58:55 PM com.sugarcrm.sugar.VoodooControl waitForElement
INFO: Find took 6ms.
Dec 18, 2013 4:58:55 PM com.sugarcrm.candybean.automation.control.VControl isDisplayed
INFO: Selenium: determining if control is visible: VControl(VHook(CSS,#alerts))
Dec 18, 2013 4:58:55 PM com.sugarcrm.candybean.automation.VInterface pause
INFO: Pausing for 250ms via thread sleep.
Dec 18, 2013 4:58:55 PM com.sugarcrm.sugar.VoodooControl waitForElement
INFO: Find took 6ms.
Dec 18, 2013 4:58:55 PM com.sugarcrm.candybean.automation.control.VControl isDisplayed
INFO: Selenium: determining if control is visible: VControl(VHook(CSS,#alerts))
Dec 18, 2013 4:58:55 PM com.sugarcrm.candybean.automation.VInterface pause
INFO: Pausing for 250ms via thread sleep.
Dec 18, 2013 4:58:55 PM com.sugarcrm.sugar.VoodooControl waitForElement
INFO: Find took 5ms.
Dec 18, 2013 4:58:55 PM com.sugarcrm.candybean.automation.control.VControl isDisplayed
INFO: Selenium: determining if control is visible: VControl(VHook(CSS,#alerts))
Dec 18, 2013 4:58:55 PM com.sugarcrm.candybean.automation.VInterface pause
INFO: Pausing for 250ms via thread sleep.
Dec 18, 2013 4:58:56 PM com.sugarcrm.sugar.VoodooControl waitForElement
INFO: Find took 6ms.
Dec 18, 2013 4:58:56 PM com.sugarcrm.candybean.automation.control.VControl isDisplayed
INFO: Selenium: determining if control is visible: VControl(VHook(CSS,#alerts))
Dec 18, 2013 4:58:56 PM com.sugarcrm.candybean.automation.VInterface pause
INFO: Pausing for 250ms via thread sleep.
Dec 18, 2013 4:58:56 PM com.sugarcrm.sugar.VoodooControl waitForElement
INFO: Find took 5ms.
Dec 18, 2013 4:58:56 PM com.sugarcrm.candybean.automation.control.VControl isDisplayed
INFO: Selenium: determining if control is visible: VControl(VHook(CSS,#alerts))
Dec 18, 2013 4:58:56 PM com.sugarcrm.candybean.automation.VInterface pause
INFO: Pausing for 250ms via thread sleep.
Dec 18, 2013 4:58:56 PM com.sugarcrm.sugar.VoodooControl waitForElement
INFO: Find took 6ms.
Dec 18, 2013 4:58:56 PM com.sugarcrm.candybean.automation.control.VControl isDisplayed
INFO: Selenium: determining if control is visible: VControl(VHook(CSS,#alerts))
Dec 18, 2013 4:58:56 PM com.sugarcrm.candybean.automation.VInterface pause
INFO: Pausing for 250ms via thread sleep.
Dec 18, 2013 4:58:56 PM com.sugarcrm.sugar.VoodooControl waitForElement
INFO: Find took 6ms.
Dec 18, 2013 4:58:56 PM com.sugarcrm.candybean.automation.control.VControl isDisplayed
INFO: Selenium: determining if control is visible: VControl(VHook(CSS,#alerts))
Dec 18, 2013 4:58:56 PM com.sugarcrm.candybean.automation.VInterface pause
INFO: Pausing for 250ms via thread sleep.
Dec 18, 2013 4:58:57 PM com.sugarcrm.sugar.VoodooControl waitForElement
INFO: Find took 6ms.
Dec 18, 2013 4:58:57 PM com.sugarcrm.candybean.automation.control.VControl isDisplayed
INFO: Selenium: determining if control is visible: VControl(VHook(CSS,#alerts))
Dec 18, 2013 4:58:57 PM com.sugarcrm.candybean.automation.VInterface pause
INFO: Pausing for 250ms via thread sleep.
Dec 18, 2013 4:58:57 PM com.sugarcrm.sugar.VoodooControl waitForElement
INFO: Find took 6ms.
Dec 18, 2013 4:58:57 PM com.sugarcrm.candybean.automation.control.VControl isDisplayed
INFO: Selenium: determining if control is visible: VControl(VHook(CSS,#alerts))
Dec 18, 2013 4:58:57 PM com.sugarcrm.candybean.automation.VInterface pause
INFO: Pausing for 250ms via thread sleep.
Dec 18, 2013 4:58:57 PM com.sugarcrm.sugar.VoodooControl waitForElement
INFO: Find took 6ms.
Dec 18, 2013 4:58:57 PM com.sugarcrm.candybean.automation.control.VControl isDisplayed
INFO: Selenium: determining if control is visible: VControl(VHook(CSS,#alerts))
Dec 18, 2013 4:58:57 PM com.sugarcrm.candybean.automation.VInterface pause
INFO: Pausing for 250ms via thread sleep.
Dec 18, 2013 4:58:58 PM com.sugarcrm.sugar.VoodooControl waitForElement
INFO: Find took 7ms.
Dec 18, 2013 4:58:58 PM com.sugarcrm.candybean.automation.control.VControl isDisplayed
INFO: Selenium: determining if control is visible: VControl(VHook(CSS,#alerts))
Dec 18, 2013 4:58:58 PM com.sugarcrm.candybean.automation.VInterface pause
INFO: Pausing for 250ms via thread sleep.
Dec 18, 2013 4:58:58 PM com.sugarcrm.sugar.VoodooControl waitForElement
INFO: Find took 6ms.
Dec 18, 2013 4:58:58 PM com.sugarcrm.candybean.automation.control.VControl isDisplayed
INFO: Selenium: determining if control is visible: VControl(VHook(CSS,#alerts))
Dec 18, 2013 4:58:58 PM com.sugarcrm.candybean.automation.VInterface pause
INFO: Pausing for 250ms via thread sleep.
Dec 18, 2013 4:58:58 PM com.sugarcrm.sugar.VoodooControl waitForElement
INFO: Find took 6ms.
Dec 18, 2013 4:58:58 PM com.sugarcrm.candybean.automation.control.VControl isDisplayed
INFO: Selenium: determining if control is visible: VControl(VHook(CSS,#alerts))
Dec 18, 2013 4:58:58 PM com.sugarcrm.candybean.automation.VInterface pause
INFO: Pausing for 250ms via thread sleep.
Dec 18, 2013 4:58:58 PM com.sugarcrm.sugar.VoodooControl waitForElement
INFO: Find took 6ms.
Dec 18, 2013 4:58:58 PM com.sugarcrm.candybean.automation.control.VControl isDisplayed
INFO: Selenium: determining if control is visible: VControl(VHook(CSS,#alerts))
Dec 18, 2013 4:58:58 PM com.sugarcrm.candybean.automation.VInterface pause
INFO: Pausing for 250ms via thread sleep.
Dec 18, 2013 4:58:59 PM com.sugarcrm.sugar.VoodooControl waitForElement
INFO: Find took 6ms.
Dec 18, 2013 4:58:59 PM com.sugarcrm.candybean.automation.control.VControl isDisplayed
INFO: Selenium: determining if control is visible: VControl(VHook(CSS,#alerts))
Dec 18, 2013 4:58:59 PM com.sugarcrm.candybean.automation.VInterface pause
INFO: Pausing for 250ms via thread sleep.
Dec 18, 2013 4:58:59 PM com.sugarcrm.sugar.VoodooControl waitForElement
INFO: Find took 6ms.
Dec 18, 2013 4:58:59 PM com.sugarcrm.candybean.automation.control.VControl isDisplayed
INFO: Selenium: determining if control is visible: VControl(VHook(CSS,#alerts))
Dec 18, 2013 4:58:59 PM com.sugarcrm.candybean.automation.VInterface pause
INFO: Pausing for 250ms via thread sleep.
Dec 18, 2013 4:58:59 PM com.sugarcrm.sugar.VoodooControl waitForElement
INFO: Find took 6ms.
Dec 18, 2013 4:58:59 PM com.sugarcrm.candybean.automation.control.VControl isDisplayed
INFO: Selenium: determining if control is visible: VControl(VHook(CSS,#alerts))
Dec 18, 2013 4:58:59 PM com.sugarcrm.candybean.automation.VInterface pause
INFO: Pausing for 250ms via thread sleep.
Dec 18, 2013 4:58:59 PM com.sugarcrm.sugar.VoodooControl waitForElement
INFO: Find took 6ms.
Dec 18, 2013 4:58:59 PM com.sugarcrm.candybean.automation.control.VControl isDisplayed
INFO: Selenium: determining if control is visible: VControl(VHook(CSS,#alerts))
Dec 18, 2013 4:58:59 PM com.sugarcrm.candybean.automation.VInterface pause
INFO: Pausing for 250ms via thread sleep.
Dec 18, 2013 4:59:00 PM com.sugarcrm.sugar.VoodooControl waitForElement
INFO: Find took 6ms.
Dec 18, 2013 4:59:00 PM com.sugarcrm.candybean.automation.control.VControl isDisplayed
INFO: Selenium: determining if control is visible: VControl(VHook(CSS,#alerts))
Dec 18, 2013 4:59:00 PM com.sugarcrm.candybean.automation.VInterface pause
INFO: Pausing for 250ms via thread sleep.
Dec 18, 2013 4:59:00 PM com.sugarcrm.sugar.VoodooControl waitForElement
INFO: Find took 6ms.
Dec 18, 2013 4:59:00 PM com.sugarcrm.candybean.automation.control.VControl isDisplayed
INFO: Selenium: determining if control is visible: VControl(VHook(CSS,#alerts))
Dec 18, 2013 4:59:00 PM com.sugarcrm.candybean.automation.VInterface pause
INFO: Pausing for 250ms via thread sleep.
Dec 18, 2013 4:59:00 PM com.sugarcrm.sugar.VoodooControl waitForElement
INFO: Find took 5ms.
Dec 18, 2013 4:59:00 PM com.sugarcrm.candybean.automation.control.VControl isDisplayed
INFO: Selenium: determining if control is visible: VControl(VHook(CSS,#alerts))
Dec 18, 2013 4:59:00 PM com.sugarcrm.candybean.automation.VInterface pause
INFO: Pausing for 250ms via thread sleep.
Dec 18, 2013 4:59:00 PM com.sugarcrm.sugar.VoodooControl waitForElement
INFO: Find took 5ms.
Dec 18, 2013 4:59:00 PM com.sugarcrm.candybean.automation.control.VControl isDisplayed
INFO: Selenium: determining if control is visible: VControl(VHook(CSS,#alerts))
Dec 18, 2013 4:59:00 PM com.sugarcrm.candybean.automation.VInterface pause
INFO: Pausing for 250ms via thread sleep.
Dec 18, 2013 4:59:01 PM com.sugarcrm.sugar.VoodooControl waitForElement
INFO: Find took 6ms.
Dec 18, 2013 4:59:01 PM com.sugarcrm.candybean.automation.control.VControl isDisplayed
INFO: Selenium: determining if control is visible: VControl(VHook(CSS,#alerts))
Dec 18, 2013 4:59:01 PM com.sugarcrm.candybean.automation.VInterface pause
INFO: Pausing for 250ms via thread sleep.
Dec 18, 2013 4:59:01 PM com.sugarcrm.sugar.VoodooControl waitForElement
INFO: Find took 9ms.
Dec 18, 2013 4:59:01 PM com.sugarcrm.candybean.automation.control.VControl isDisplayed
INFO: Selenium: determining if control is visible: VControl(VHook(CSS,#alerts))
Dec 18, 2013 4:59:01 PM com.sugarcrm.candybean.automation.VInterface pause
INFO: Pausing for 250ms via thread sleep.
Dec 18, 2013 4:59:01 PM com.sugarcrm.sugar.VoodooControl waitForElement
INFO: Find took 6ms.
Dec 18, 2013 4:59:01 PM com.sugarcrm.candybean.automation.control.VControl isDisplayed
INFO: Selenium: determining if control is visible: VControl(VHook(CSS,#alerts))
Dec 18, 2013 4:59:01 PM com.sugarcrm.candybean.automation.VInterface pause
INFO: Pausing for 250ms via thread sleep.
Dec 18, 2013 4:59:01 PM com.sugarcrm.sugar.VoodooControl waitForElement
INFO: Find took 7ms.
Dec 18, 2013 4:59:01 PM com.sugarcrm.candybean.automation.control.VControl isDisplayed
INFO: Selenium: determining if control is visible: VControl(VHook(CSS,#alerts))
Dec 18, 2013 4:59:01 PM com.sugarcrm.candybean.automation.VInterface pause
INFO: Pausing for 250ms via thread sleep.
Dec 18, 2013 4:59:02 PM com.sugarcrm.sugar.VoodooControl waitForElement
INFO: Find took 6ms.
Dec 18, 2013 4:59:02 PM com.sugarcrm.candybean.automation.control.VControl isDisplayed
INFO: Selenium: determining if control is visible: VControl(VHook(CSS,#alerts))
Dec 18, 2013 4:59:02 PM com.sugarcrm.candybean.automation.VInterface pause
INFO: Pausing for 250ms via thread sleep.
Dec 18, 2013 4:59:02 PM com.sugarcrm.sugar.VoodooControl waitForElement
INFO: Find took 5ms.
Dec 18, 2013 4:59:02 PM com.sugarcrm.candybean.automation.control.VControl isDisplayed
INFO: Selenium: determining if control is visible: VControl(VHook(CSS,#alerts))
Dec 18, 2013 4:59:02 PM com.sugarcrm.candybean.automation.VInterface pause
INFO: Pausing for 250ms via thread sleep.
Dec 18, 2013 4:59:02 PM com.sugarcrm.sugar.VoodooControl waitForElement
INFO: Find took 6ms.
Dec 18, 2013 4:59:02 PM com.sugarcrm.candybean.automation.control.VControl isDisplayed
INFO: Selenium: determining if control is visible: VControl(VHook(CSS,#alerts))
Dec 18, 2013 4:59:02 PM com.sugarcrm.candybean.automation.VInterface pause
INFO: Pausing for 250ms via thread sleep.
Dec 18, 2013 4:59:02 PM com.sugarcrm.sugar.VoodooControl waitForElement
INFO: Find took 6ms.
Dec 18, 2013 4:59:02 PM com.sugarcrm.candybean.automation.control.VControl isDisplayed
INFO: Selenium: determining if control is visible: VControl(VHook(CSS,#alerts))
Dec 18, 2013 4:59:02 PM com.sugarcrm.candybean.automation.VInterface pause
INFO: Pausing for 250ms via thread sleep.
Dec 18, 2013 4:59:03 PM com.sugarcrm.sugar.VoodooControl waitForElement
INFO: Find took 7ms.
Dec 18, 2013 4:59:03 PM com.sugarcrm.candybean.automation.control.VControl isDisplayed
INFO: Selenium: determining if control is visible: VControl(VHook(CSS,#alerts))
Dec 18, 2013 4:59:03 PM com.sugarcrm.candybean.automation.VInterface pause
INFO: Pausing for 250ms via thread sleep.
Dec 18, 2013 4:59:03 PM com.sugarcrm.sugar.VoodooControl waitForElement
INFO: Find took 5ms.
Dec 18, 2013 4:59:03 PM com.sugarcrm.candybean.automation.control.VControl isDisplayed
INFO: Selenium: determining if control is visible: VControl(VHook(CSS,#alerts))
Dec 18, 2013 4:59:03 PM com.sugarcrm.candybean.automation.VInterface pause
INFO: Pausing for 250ms via thread sleep.
Dec 18, 2013 4:59:03 PM com.sugarcrm.sugar.VoodooControl waitForElement
INFO: Find took 6ms.
Dec 18, 2013 4:59:03 PM com.sugarcrm.candybean.automation.control.VControl isDisplayed
INFO: Selenium: determining if control is visible: VControl(VHook(CSS,#alerts))
Dec 18, 2013 4:59:03 PM com.sugarcrm.candybean.automation.VInterface pause
INFO: Pausing for 250ms via thread sleep.
Dec 18, 2013 4:59:04 PM com.sugarcrm.sugar.VoodooControl waitForElement
INFO: Find took 5ms.
Dec 18, 2013 4:59:04 PM com.sugarcrm.candybean.automation.control.VControl isDisplayed
INFO: Selenium: determining if control is visible: VControl(VHook(CSS,#alerts))
Dec 18, 2013 4:59:04 PM com.sugarcrm.candybean.automation.VInterface pause
INFO: Pausing for 250ms via thread sleep.
Dec 18, 2013 4:59:04 PM com.sugarcrm.sugar.VoodooControl waitForElement
INFO: Find took 6ms.
Dec 18, 2013 4:59:04 PM com.sugarcrm.candybean.automation.control.VControl isDisplayed
INFO: Selenium: determining if control is visible: VControl(VHook(CSS,#alerts))
Dec 18, 2013 4:59:04 PM com.sugarcrm.candybean.automation.VInterface pause
INFO: Pausing for 250ms via thread sleep.
Dec 18, 2013 4:59:04 PM com.sugarcrm.sugar.VoodooControl waitForElement
INFO: Find took 6ms.
Dec 18, 2013 4:59:04 PM com.sugarcrm.candybean.automation.control.VControl isDisplayed
INFO: Selenium: determining if control is visible: VControl(VHook(CSS,#alerts))
Dec 18, 2013 4:59:04 PM com.sugarcrm.candybean.automation.VInterface pause
INFO: Pausing for 250ms via thread sleep.
Dec 18, 2013 4:59:04 PM com.sugarcrm.sugar.VoodooControl waitForElement
INFO: Find took 6ms.
Dec 18, 2013 4:59:04 PM com.sugarcrm.candybean.automation.control.VControl isDisplayed
INFO: Selenium: determining if control is visible: VControl(VHook(CSS,#alerts))
Dec 18, 2013 4:59:04 PM com.sugarcrm.candybean.automation.VInterface pause
INFO: Pausing for 250ms via thread sleep.
Dec 18, 2013 4:59:05 PM com.sugarcrm.sugar.VoodooControl waitForElement
INFO: Find took 6ms.
Dec 18, 2013 4:59:05 PM com.sugarcrm.candybean.automation.control.VControl isDisplayed
INFO: Selenium: determining if control is visible: VControl(VHook(CSS,#alerts))
Dec 18, 2013 4:59:05 PM com.sugarcrm.candybean.automation.VInterface pause
INFO: Pausing for 250ms via thread sleep.
Dec 18, 2013 4:59:05 PM com.sugarcrm.sugar.VoodooControl waitForElement
INFO: Find took 6ms.
Dec 18, 2013 4:59:05 PM com.sugarcrm.candybean.automation.control.VControl isDisplayed
INFO: Selenium: determining if control is visible: VControl(VHook(CSS,#alerts))
Dec 18, 2013 4:59:05 PM com.sugarcrm.candybean.automation.VInterface pause
INFO: Pausing for 250ms via thread sleep.
Dec 18, 2013 4:59:05 PM com.sugarcrm.sugar.VoodooControl waitForElement
INFO: Find took 5ms.
Dec 18, 2013 4:59:05 PM com.sugarcrm.candybean.automation.control.VControl isDisplayed
INFO: Selenium: determining if control is visible: VControl(VHook(CSS,#alerts))
Dec 18, 2013 4:59:05 PM com.sugarcrm.candybean.automation.VInterface pause
INFO: Pausing for 250ms via thread sleep.
Dec 18, 2013 4:59:05 PM com.sugarcrm.sugar.VoodooControl waitForElement
INFO: Find took 5ms.
Dec 18, 2013 4:59:05 PM com.sugarcrm.candybean.automation.control.VControl isDisplayed
INFO: Selenium: determining if control is visible: VControl(VHook(CSS,#alerts))
Dec 18, 2013 4:59:05 PM com.sugarcrm.candybean.automation.VInterface pause
INFO: Pausing for 250ms via thread sleep.
Dec 18, 2013 4:59:06 PM com.sugarcrm.sugar.VoodooControl waitForElement
INFO: Find took 6ms.
Dec 18, 2013 4:59:06 PM com.sugarcrm.candybean.automation.control.VControl isDisplayed
INFO: Selenium: determining if control is visible: VControl(VHook(CSS,#alerts))
Dec 18, 2013 4:59:06 PM com.sugarcrm.candybean.automation.VInterface pause
INFO: Pausing for 250ms via thread sleep.
Dec 18, 2013 4:59:06 PM com.sugarcrm.sugar.VoodooControl waitForElement
INFO: Find took 6ms.
Dec 18, 2013 4:59:06 PM com.sugarcrm.candybean.automation.control.VControl isDisplayed
INFO: Selenium: determining if control is visible: VControl(VHook(CSS,#alerts))
Dec 18, 2013 4:59:06 PM com.sugarcrm.candybean.automation.VInterface pause
INFO: Pausing for 250ms via thread sleep.
Dec 18, 2013 4:59:06 PM com.sugarcrm.sugar.VoodooControl waitForElement
INFO: Find took 6ms.
Dec 18, 2013 4:59:06 PM com.sugarcrm.candybean.automation.control.VControl isDisplayed
INFO: Selenium: determining if control is visible: VControl(VHook(CSS,#alerts))
Dec 18, 2013 4:59:06 PM com.sugarcrm.candybean.automation.VInterface pause
INFO: Pausing for 250ms via thread sleep.
Dec 18, 2013 4:59:06 PM com.sugarcrm.sugar.VoodooControl waitForElement
INFO: Find took 5ms.
Dec 18, 2013 4:59:06 PM com.sugarcrm.candybean.automation.control.VControl isDisplayed
INFO: Selenium: determining if control is visible: VControl(VHook(CSS,#alerts))
Dec 18, 2013 4:59:06 PM com.sugarcrm.candybean.automation.VInterface pause
INFO: Pausing for 250ms via thread sleep.
Dec 18, 2013 4:59:07 PM com.sugarcrm.sugar.VoodooControl waitForElement
INFO: Find took 6ms.
Dec 18, 2013 4:59:07 PM com.sugarcrm.candybean.automation.control.VControl isDisplayed
INFO: Selenium: determining if control is visible: VControl(VHook(CSS,#alerts))
Dec 18, 2013 4:59:07 PM com.sugarcrm.candybean.automation.VInterface pause
INFO: Pausing for 250ms via thread sleep.
Dec 18, 2013 4:59:07 PM com.sugarcrm.sugar.VoodooControl waitForElement
INFO: Find took 8ms.
Dec 18, 2013 4:59:07 PM com.sugarcrm.candybean.automation.control.VControl isDisplayed
INFO: Selenium: determining if control is visible: VControl(VHook(CSS,#alerts))
Dec 18, 2013 4:59:07 PM com.sugarcrm.candybean.automation.VInterface pause
INFO: Pausing for 250ms via thread sleep.
Dec 18, 2013 4:59:07 PM com.sugarcrm.sugar.VoodooControl waitForElement
INFO: Find took 11ms.
Dec 18, 2013 4:59:07 PM com.sugarcrm.candybean.automation.control.VControl isDisplayed
INFO: Selenium: determining if control is visible: VControl(VHook(CSS,#alerts))
Dec 18, 2013 4:59:07 PM com.sugarcrm.candybean.automation.VInterface pause
INFO: Pausing for 250ms via thread sleep.
Dec 18, 2013 4:59:07 PM com.sugarcrm.sugar.VoodooControl waitForElement
INFO: Find took 6ms.
Dec 18, 2013 4:59:07 PM com.sugarcrm.candybean.automation.control.VControl isDisplayed
INFO: Selenium: determining if control is visible: VControl(VHook(CSS,#alerts))
Dec 18, 2013 4:59:07 PM com.sugarcrm.candybean.automation.VInterface pause
INFO: Pausing for 250ms via thread sleep.
Dec 18, 2013 4:59:08 PM com.sugarcrm.sugar.VoodooControl waitForElement
INFO: Find took 7ms.
Dec 18, 2013 4:59:08 PM com.sugarcrm.candybean.automation.control.VControl isDisplayed
INFO: Selenium: determining if control is visible: VControl(VHook(CSS,#alerts))
Dec 18, 2013 4:59:08 PM com.sugarcrm.candybean.automation.VInterface pause
INFO: Pausing for 250ms via thread sleep.
Dec 18, 2013 4:59:08 PM com.sugarcrm.sugar.VoodooControl waitForElement
INFO: Find took 7ms.
Dec 18, 2013 4:59:08 PM com.sugarcrm.candybean.automation.control.VControl isDisplayed
INFO: Selenium: determining if control is visible: VControl(VHook(CSS,#alerts))
Dec 18, 2013 4:59:08 PM com.sugarcrm.candybean.automation.VInterface pause
INFO: Pausing for 250ms via thread sleep.
Dec 18, 2013 4:59:08 PM com.sugarcrm.sugar.VoodooControl waitForElement
INFO: Find took 5ms.
Dec 18, 2013 4:59:08 PM com.sugarcrm.candybean.automation.control.VControl isDisplayed
INFO: Selenium: determining if control is visible: VControl(VHook(CSS,#alerts))
Dec 18, 2013 4:59:08 PM com.sugarcrm.candybean.automation.VInterface pause
INFO: Pausing for 250ms via thread sleep.
Dec 18, 2013 4:59:09 PM com.sugarcrm.sugar.VoodooControl waitForElement
INFO: Find took 6ms.
Dec 18, 2013 4:59:09 PM com.sugarcrm.candybean.automation.control.VControl isDisplayed
INFO: Selenium: determining if control is visible: VControl(VHook(CSS,#alerts))
Dec 18, 2013 4:59:09 PM com.sugarcrm.candybean.automation.VInterface pause
INFO: Pausing for 250ms via thread sleep.
Dec 18, 2013 4:59:09 PM com.sugarcrm.sugar.VoodooControl waitForElement
INFO: Find took 7ms.
Dec 18, 2013 4:59:09 PM com.sugarcrm.candybean.automation.control.VControl isDisplayed
INFO: Selenium: determining if control is visible: VControl(VHook(CSS,#alerts))
Dec 18, 2013 4:59:09 PM com.sugarcrm.candybean.automation.VInterface pause
INFO: Pausing for 250ms via thread sleep.
Dec 18, 2013 4:59:09 PM com.sugarcrm.sugar.VoodooControl waitForElement
INFO: Find took 5ms.
Dec 18, 2013 4:59:09 PM com.sugarcrm.candybean.automation.control.VControl isDisplayed
INFO: Selenium: determining if control is visible: VControl(VHook(CSS,#alerts))
Dec 18, 2013 4:59:09 PM com.sugarcrm.candybean.automation.VInterface pause
INFO: Pausing for 250ms via thread sleep.
Dec 18, 2013 4:59:09 PM com.sugarcrm.sugar.VoodooControl waitForElement
INFO: Find took 5ms.
Dec 18, 2013 4:59:09 PM com.sugarcrm.candybean.automation.control.VControl isDisplayed
INFO: Selenium: determining if control is visible: VControl(VHook(CSS,#alerts))
Dec 18, 2013 4:59:09 PM com.sugarcrm.candybean.automation.VInterface pause
INFO: Pausing for 250ms via thread sleep.
Dec 18, 2013 4:59:10 PM com.sugarcrm.sugar.VoodooControl waitForElement
INFO: Find took 6ms.
Dec 18, 2013 4:59:10 PM com.sugarcrm.candybean.automation.control.VControl isDisplayed
INFO: Selenium: determining if control is visible: VControl(VHook(CSS,#alerts))
Dec 18, 2013 4:59:10 PM com.sugarcrm.candybean.automation.VInterface pause
INFO: Pausing for 250ms via thread sleep.
Dec 18, 2013 4:59:10 PM com.sugarcrm.sugar.VoodooControl waitForElement
INFO: Find took 5ms.
Dec 18, 2013 4:59:10 PM com.sugarcrm.candybean.automation.control.VControl isDisplayed
INFO: Selenium: determining if control is visible: VControl(VHook(CSS,#alerts))
Dec 18, 2013 4:59:10 PM com.sugarcrm.candybean.automation.VInterface pause
INFO: Pausing for 250ms via thread sleep.
Dec 18, 2013 4:59:10 PM com.sugarcrm.sugar.VoodooControl waitForElement
INFO: Find took 6ms.
Dec 18, 2013 4:59:10 PM com.sugarcrm.candybean.automation.control.VControl isDisplayed
INFO: Selenium: determining if control is visible: VControl(VHook(CSS,#alerts))
Dec 18, 2013 4:59:15 PM com.sugarcrm.sugar.VoodooControl waitForElement
INFO: Waited 5060ms, 5060ms elapsed so far.
Dec 18, 2013 4:59:20 PM com.sugarcrm.sugar.VoodooControl waitForElement
INFO: Waited 5010ms, 10071ms elapsed so far.
Dec 18, 2013 4:59:25 PM com.sugarcrm.sugar.VoodooControl waitForElement
INFO: Waited 5009ms, 15080ms elapsed so far.
Dec 18, 2013 4:59:25 PM com.sugarcrm.sugar.VoodooControl waitForElement
INFO: Waited 15080ms for &lt;div css=&quot;#alerts .cancel&quot; /&gt;.
Dec 18, 2013 4:59:25 PM com.sugarcrm.sugar.VoodooControl waitForElement
INFO: Find took 27ms.
Dec 18, 2013 4:59:25 PM com.sugarcrm.candybean.automation.control.VControl isDisplayed
INFO: Selenium: determining if control is visible: VControl(VHook(CSS,#alerts .close))
Dec 18, 2013 4:59:25 PM com.sugarcrm.sugar.VoodooControl click
INFO: Clicking &lt;a css=&quot;#alerts .close&quot; /&gt;.
Dec 18, 2013 4:59:25 PM com.sugarcrm.sugar.VoodooControl waitForElement
INFO: Find took 11ms.
Dec 18, 2013 4:59:25 PM com.sugarcrm.sugar.VoodooControl waitForElement
INFO: Find took 12ms.
Dec 18, 2013 4:59:25 PM com.sugarcrm.candybean.automation.control.VControl isDisplayed
INFO: Selenium: determining if control is visible: VControl(VHook(CSS,#alerts .close))
Dec 18, 2013 4:59:25 PM com.sugarcrm.sugar.VoodooControl waitForElement
INFO: Find took 12ms.
Dec 18, 2013 4:59:25 PM com.sugarcrm.candybean.automation.control.VControl isDisplayed
INFO: Selenium: determining if control is visible: VControl(VHook(CSS,#alerts .close))
Dec 18, 2013 4:59:25 PM com.sugarcrm.sugar.VoodooControl waitForVisible
INFO: &lt;a css=&quot;#alerts .close&quot; /&gt; became visible in 63ms.
Dec 18, 2013 4:59:25 PM com.sugarcrm.candybean.automation.control.VControl click
INFO: Selenium: clicking on control: VControl(VHook(CSS,#alerts .close))
Dec 18, 2013 4:59:25 PM com.sugarcrm.candybean.automation.VInterface pause
INFO: Pausing for 500ms via thread sleep.
Dec 18, 2013 4:59:26 PM com.sugarcrm.sugar.VoodooControl waitForElement
INFO: Find took 6ms.
Dec 18, 2013 4:59:26 PM com.sugarcrm.candybean.automation.control.VControl isDisplayed
INFO: Selenium: determining if control is visible: VControl(VHook(CSS,#alerts))
Dec 18, 2013 4:59:26 PM com.sugarcrm.sugar.VoodooControl waitForElement
INFO: Find took 6ms.
Dec 18, 2013 4:59:26 PM com.sugarcrm.candybean.automation.control.VControl isDisplayed
INFO: Selenium: determining if control is visible: VControl(VHook(CSS,#alerts))
Dec 18, 2013 4:59:26 PM com.sugarcrm.sugar.VoodooControl waitForElement
INFO: Find took 13ms.
Dec 18, 2013 4:59:26 PM com.sugarcrm.sugar.VoodooControl waitForElement
INFO: Find took 7ms.
Dec 18, 2013 4:59:26 PM com.sugarcrm.candybean.automation.control.VControl isDisplayed
INFO: Selenium: determining if control is visible: VControl(VHook(XPATH,//a[@data-original-title = &apos;Quick Create&apos;]))
Dec 18, 2013 4:59:26 PM com.sugarcrm.sugar.VoodooControl waitForElement
INFO: Find took 5ms.
Dec 18, 2013 4:59:26 PM com.sugarcrm.candybean.automation.control.VControl isDisplayed
INFO: Selenium: determining if control is visible: VControl(VHook(XPATH,//a[@data-original-title = &apos;Quick Create&apos;]))
Dec 18, 2013 4:59:26 PM com.sugarcrm.sugar.VoodooControl waitForVisible
INFO: &lt;a xpath=&quot;//a[@data-original-title = &apos;Quick Create&apos;]&quot; /&gt; became visible in 49ms.
Dec 18, 2013 4:59:26 PM com.sugarcrm.sugar.VoodooControl waitForElement
INFO: Find took 14ms.
Dec 18, 2013 4:59:26 PM com.sugarcrm.sugar.VoodooControl waitForElement
INFO: Find took 6ms.
Dec 18, 2013 4:59:26 PM com.sugarcrm.candybean.automation.control.VControl isDisplayed
INFO: Selenium: determining if control is visible: VControl(VHook(CSS,.headerpane))
Dec 18, 2013 4:59:26 PM com.sugarcrm.sugar.VoodooControl waitForElement
INFO: Find took 11ms.
Dec 18, 2013 4:59:26 PM com.sugarcrm.candybean.automation.control.VControl isDisplayed
INFO: Selenium: determining if control is visible: VControl(VHook(CSS,.headerpane))
Dec 18, 2013 4:59:26 PM com.sugarcrm.sugar.VoodooControl waitForVisible
INFO: &lt;div css=&quot;.headerpane&quot; /&gt; became visible in 52ms.
Dec 18, 2013 4:59:26 PM com.sugarcrm.candybean.automation.VInterface pause
INFO: Pausing for 3000ms via thread sleep.
Dec 18, 2013 4:59:29 PM com.sugarcrm.sugar.modules.RecordsModule navToListView
INFO: Navigating to Accounts module ListView...
Dec 18, 2013 4:59:29 PM com.sugarcrm.sugar.VoodooControl waitForElement
INFO: Find took 16ms.
Dec 18, 2013 4:59:29 PM com.sugarcrm.candybean.automation.control.VControl isDisplayed
INFO: Selenium: determining if control is visible: VControl(VHook(ID,moreDrop))
Dec 18, 2013 4:59:29 PM com.sugarcrm.sugar.VoodooControl click
INFO: Clicking &lt;a xpath=&quot;//div[@class = &apos;btn-group&apos;]/a[contains(text(),&apos;Clients&apos;)]&quot; /&gt;.
Dec 18, 2013 4:59:29 PM com.sugarcrm.sugar.VoodooControl waitForElement
INFO: Find took 14ms.
Dec 18, 2013 4:59:29 PM com.sugarcrm.sugar.VoodooControl waitForElement
INFO: Find took 6ms.
Dec 18, 2013 4:59:29 PM com.sugarcrm.candybean.automation.control.VControl isDisplayed
INFO: Selenium: determining if control is visible: VControl(VHook(XPATH,//div[@class = &apos;btn-group&apos;]/a[contains(text(),&apos;Clients&apos;)]))
Dec 18, 2013 4:59:29 PM com.sugarcrm.sugar.VoodooControl waitForElement
INFO: Find took 6ms.
Dec 18, 2013 4:59:29 PM com.sugarcrm.candybean.automation.control.VControl isDisplayed
INFO: Selenium: determining if control is visible: VControl(VHook(XPATH,//div[@class = &apos;btn-group&apos;]/a[contains(text(),&apos;Clients&apos;)]))
Dec 18, 2013 4:59:29 PM com.sugarcrm.sugar.VoodooControl waitForVisible
INFO: &lt;a xpath=&quot;//div[@class = &apos;btn-group&apos;]/a[contains(text(),&apos;Clients&apos;)]&quot; /&gt; became visible in 47ms.
Dec 18, 2013 4:59:29 PM com.sugarcrm.candybean.automation.control.VControl click
INFO: Selenium: clicking on control: VControl(VHook(XPATH,//div[@class = &apos;btn-group&apos;]/a[contains(text(),&apos;Clients&apos;)]))
Dec 18, 2013 4:59:30 PM com.sugarcrm.candybean.automation.VInterface pause
INFO: Pausing for 3000ms via thread sleep.
Dec 18, 2013 4:59:33 PM com.sugarcrm.sugar.VoodooControl waitForElement
INFO: Find took 8ms.
Dec 18, 2013 4:59:33 PM com.sugarcrm.candybean.automation.control.VControl isDisplayed
INFO: Selenium: determining if control is visible: VControl(VHook(CSS,#alerts))
Dec 18, 2013 4:59:33 PM com.sugarcrm.test.SugarTest baseSetup
INFO: Accounts_17242 setup complete.
Dec 18, 2013 4:59:33 PM com.sugarcrm.test.SugarTest baseSetup
INFO: SugarTest setup complete.
Dec 18, 2013 4:59:33 PM com.sugarcrm.test.accounts.Accounts_17242 execute
INFO: Running Accounts_17242...
Dec 18, 2013 4:59:33 PM com.sugarcrm.sugar.VoodooControl click
INFO: Clicking &lt;a css=&quot;a[data-view=&apos;activitystream&apos;]&quot; /&gt;.
Dec 18, 2013 4:59:38 PM com.sugarcrm.sugar.VoodooControl waitForElement
INFO: Waited 5041ms, 5041ms elapsed so far.
Dec 18, 2013 4:59:43 PM com.sugarcrm.sugar.VoodooControl waitForElement
INFO: Waited 5029ms, 10070ms elapsed so far.
Dec 18, 2013 4:59:48 PM com.sugarcrm.sugar.VoodooControl waitForElement
INFO: Waited 5025ms, 15095ms elapsed so far.
Dec 18, 2013 4:59:48 PM com.sugarcrm.sugar.VoodooControl waitForElement
INFO: Waited 15095ms for &lt;a css=&quot;a[data-view=&apos;activitystream&apos;]&quot; /&gt;.
Dec 18, 2013 4:59:48 PM com.sugarcrm.test.SugarTest baseCleanup
INFO: Cleaning up SugarTest...
Dec 18, 2013 4:59:48 PM com.sugarcrm.test.SugarTest baseCleanup
INFO: Cleaning up Accounts_17242...
Dec 18, 2013 4:59:48 PM com.sugarcrm.sugar.VoodooControl click
INFO: Clicking &lt;a css=&quot;#userActions a&quot; /&gt;.
Dec 18, 2013 4:59:48 PM com.sugarcrm.sugar.VoodooControl waitForElement
INFO: Find took 16ms.
Dec 18, 2013 4:59:48 PM com.sugarcrm.sugar.VoodooControl waitForElement
INFO: Find took 6ms.
Dec 18, 2013 4:59:48 PM com.sugarcrm.candybean.automation.control.VControl isDisplayed
INFO: Selenium: determining if control is visible: VControl(VHook(CSS,#userActions a))
Dec 18, 2013 4:59:48 PM com.sugarcrm.sugar.VoodooControl waitForElement
INFO: Find took 5ms.
Dec 18, 2013 4:59:48 PM com.sugarcrm.candybean.automation.control.VControl isDisplayed
INFO: Selenium: determining if control is visible: VControl(VHook(CSS,#userActions a))
Dec 18, 2013 4:59:48 PM com.sugarcrm.sugar.VoodooControl waitForVisible
INFO: &lt;a css=&quot;#userActions a&quot; /&gt; became visible in 51ms.
Dec 18, 2013 4:59:48 PM com.sugarcrm.candybean.automation.control.VControl click
INFO: Selenium: clicking on control: VControl(VHook(CSS,#userActions a))
Dec 18, 2013 4:59:49 PM com.sugarcrm.candybean.automation.VInterface pause
INFO: Pausing for 1000ms via thread sleep.
Dec 18, 2013 4:59:50 PM com.sugarcrm.sugar.VoodooControl click
INFO: Clicking &lt;a css=&quot;.profileactions-logout a&quot; /&gt;.
Dec 18, 2013 4:59:50 PM com.sugarcrm.sugar.VoodooControl waitForElement
INFO: Find took 14ms.
Dec 18, 2013 4:59:50 PM com.sugarcrm.sugar.VoodooControl waitForElement
INFO: Find took 6ms.
Dec 18, 2013 4:59:50 PM com.sugarcrm.candybean.automation.control.VControl isDisplayed
INFO: Selenium: determining if control is visible: VControl(VHook(CSS,.profileactions-logout a))
Dec 18, 2013 4:59:50 PM com.sugarcrm.sugar.VoodooControl waitForElement
INFO: Find took 7ms.
Dec 18, 2013 4:59:50 PM com.sugarcrm.candybean.automation.control.VControl isDisplayed
INFO: Selenium: determining if control is visible: VControl(VHook(CSS,.profileactions-logout a))
Dec 18, 2013 4:59:50 PM com.sugarcrm.sugar.VoodooControl waitForVisible
INFO: &lt;a css=&quot;.profileactions-logout a&quot; /&gt; became visible in 50ms.
Dec 18, 2013 4:59:50 PM com.sugarcrm.candybean.automation.control.VControl click
INFO: Selenium: clicking on control: VControl(VHook(CSS,.profileactions-logout a))
Dec 18, 2013 4:59:50 PM com.sugarcrm.test.SugarTest baseCleanup
INFO: Accounts_17242 cleanup complete.
Dec 18, 2013 4:59:50 PM com.sugarcrm.candybean.automation.VInterface stop
INFO: Stopping automation interface with type: CHROME
Dec 18, 2013 4:59:50 PM com.sugarcrm.test.SugarTest baseCleanup
INFO: SugarTest cleanup complete.
</system-err>
  </testcase>
</testsuite>