<?xml version="1.0" encoding="UTF-8" ?>
<testsuite failures="0" time="207.55" errors="2" skipped="0" tests="2" name="com.sugarcrm.test.accounts.Accounts_17289">
  <properties>
[...]
</properties>
  <testcase time="103.774" classname="com.sugarcrm.test.accounts.Accounts_17289" name="execute">
    <error type="com.sugarcrm.sugar.UnfoundElementException">com.sugarcrm.sugar.UnfoundElementException
	at com.sugarcrm.sugar.VoodooControl.waitForElement(VoodooControl.java:138)
	at com.sugarcrm.sugar.VoodooControl.waitForElement(VoodooControl.java:79)
	at com.sugarcrm.sugar.VoodooControl.waitForVisible(VoodooControl.java:181)
	at com.sugarcrm.sugar.VoodooControl.waitForVisible(VoodooControl.java:150)
	at com.sugarcrm.sugar.VoodooControl.click(VoodooControl.java:327)
	at com.sugarcrm.sugar.views.ListView.toggleFavorite(ListView.java:542)
	at com.sugarcrm.test.accounts.Accounts_17289.execute(Accounts_17289.java:35)
	at sun.reflect.NativeMethodAccessorImpl.invoke0(Native Method)
	at sun.reflect.NativeMethodAccessorImpl.invoke(NativeMethodAccessorImpl.java:57)
	at sun.reflect.DelegatingMethodAccessorImpl.invoke(DelegatingMethodAccessorImpl.java:43)
	at java.lang.reflect.Method.invoke(Method.java:606)
	at org.junit.runners.model.FrameworkMethod$1.runReflectiveCall(FrameworkMethod.java:44)
	at org.junit.internal.runners.model.ReflectiveCallable.run(ReflectiveCallable.java:15)
	at org.junit.runners.model.FrameworkMethod.invokeExplosively(FrameworkMethod.java:41)
	at org.junit.internal.runners.statements.InvokeMethod.evaluate(InvokeMethod.java:20)
	at org.junit.internal.runners.statements.RunBefores.evaluate(RunBefores.java:28)
	at org.junit.internal.runners.statements.RunAfters.evaluate(RunAfters.java:31)
	at org.junit.runners.BlockJUnit4ClassRunner.runChild(BlockJUnit4ClassRunner.java:76)
	at org.junit.runners.BlockJUnit4ClassRunner.runChild(BlockJUnit4ClassRunner.java:50)
	at org.junit.runners.ParentRunner$3.run(ParentRunner.java:193)
	at org.junit.runners.ParentRunner$1.schedule(ParentRunner.java:52)
	at org.junit.runners.ParentRunner.runChildren(ParentRunner.java:191)
	at org.junit.runners.ParentRunner.access$000(ParentRunner.java:42)
	at org.junit.runners.ParentRunner$2.evaluate(ParentRunner.java:184)
	at org.junit.internal.runners.statements.RunBefores.evaluate(RunBefores.java:28)
	at org.junit.internal.runners.statements.RunAfters.evaluate(RunAfters.java:31)
	at org.junit.runners.ParentRunner.run(ParentRunner.java:236)
	at org.apache.maven.surefire.junit4.JUnit4Provider.execute(JUnit4Provider.java:252)
	at org.apache.maven.surefire.junit4.JUnit4Provider.executeTestSet(JUnit4Provider.java:141)
	at org.apache.maven.surefire.junit4.JUnit4Provider.invoke(JUnit4Provider.java:112)
	at sun.reflect.NativeMethodAccessorImpl.invoke0(Native Method)
	at sun.reflect.NativeMethodAccessorImpl.invoke(NativeMethodAccessorImpl.java:57)
	at sun.reflect.DelegatingMethodAccessorImpl.invoke(DelegatingMethodAccessorImpl.java:43)
	at java.lang.reflect.Method.invoke(Method.java:606)
	at org.apache.maven.surefire.util.ReflectionUtils.invokeMethodWithArray(ReflectionUtils.java:189)
	at org.apache.maven.surefire.booter.ProviderFactory$ProviderProxy.invoke(ProviderFactory.java:165)
	at org.apache.maven.surefire.booter.ProviderFactory.invokeProvider(ProviderFactory.java:85)
	at org.apache.maven.surefire.booter.ForkedBooter.runSuitesInProcess(ForkedBooter.java:115)
	at org.apache.maven.surefire.booter.ForkedBooter.main(ForkedBooter.java:75)
</error>
    <system-err>Dec 18, 2013 5:02:10 PM com.sugarcrm.test.SugarTest baseSetup
INFO: Setting up SugarTest...
Dec 18, 2013 5:02:10 PM com.sugarcrm.sugar.VoodooUtils launchApp
INFO: Launching app...
Dec 18, 2013 5:02:10 PM com.sugarcrm.candybean.automation.VInterface start
INFO: Starting automation interface with type: CHROME
Dec 18, 2013 5:02:10 PM com.sugarcrm.candybean.automation.VInterface getWebDriver
INFO: chromeDriverLogPath: ./log/chromedriver.log
Dec 18, 2013 5:02:10 PM com.sugarcrm.candybean.automation.VInterface getWebDriver
INFO: chromeDriverPath: ./lib/chromedriver-linux32
Dec 18, 2013 5:02:10 PM com.sugarcrm.candybean.automation.VInterface getWebDriver
INFO: Instantiating Chrome with:
    log path:./log/chromedriver.log
    driver path: ./lib/chromedriver-linux32
Starting ChromeDriver (v2.2) on port 16554
Dec 18, 2013 5:02:12 PM com.sugarcrm.candybean.automation.VInterface go
INFO: Going to URL and switching to window: http://172.30.2.44/SugarUlt
Dec 18, 2013 5:02:13 PM com.sugarcrm.candybean.automation.VInterface maximize
INFO: Maximizing window
Dec 18, 2013 5:02:13 PM com.sugarcrm.sugar.VoodooUtils launchApp
INFO: App launched.
Dec 18, 2013 5:02:13 PM com.sugarcrm.sugar.modules.AccountsModule init
INFO: Init Accounts...
Dec 18, 2013 5:02:13 PM com.sugarcrm.sugar.modules.BugsModule init
INFO: Init Bugs...
Dec 18, 2013 5:02:13 PM com.sugarcrm.sugar.modules.ContactsModule init
INFO: Init Contacts...
Dec 18, 2013 5:02:13 PM com.sugarcrm.sugar.modules.OpportunitiesModule init
INFO: Init Opportunities...
Dec 18, 2013 5:02:13 PM com.sugarcrm.sugar.modules.RevLineItemsModule init
INFO: Init Revenue Line Items...
Dec 18, 2013 5:02:13 PM com.sugarcrm.sugar.modules.LeadsModule init
INFO: Init Leads...
Dec 18, 2013 5:02:13 PM com.sugarcrm.sugar.modules.TargetsModule init
INFO: Init Targets...
Dec 18, 2013 5:02:13 PM com.sugarcrm.sugar.modules.TargetListsModule init
INFO: Init TargetLists...
Dec 18, 2013 5:02:13 PM com.sugarcrm.sugar.modules.CasesModule init
INFO: Init Cases...
Dec 18, 2013 5:02:13 PM com.sugarcrm.sugar.modules.TasksModule init
INFO: Init Tasks...
Dec 18, 2013 5:02:13 PM com.sugarcrm.sugar.modules.NotesModule init
INFO: Init Notes...
Dec 18, 2013 5:02:13 PM com.sugarcrm.sugar.modules.CampaignsModule init
INFO: Init Campaigns...
Dec 18, 2013 5:02:13 PM com.sugarcrm.sugar.modules.DocumentsModule init
INFO: Init Documents...
Dec 18, 2013 5:02:13 PM com.sugarcrm.sugar.modules.QuotesModule init
INFO: Init Quotes...
Dec 18, 2013 5:02:13 PM com.sugarcrm.sugar.modules.MeetingsModule init
INFO: Init Campaigns...
Dec 18, 2013 5:02:13 PM com.sugarcrm.sugar.modules.CallsModule init
INFO: Init Calls...
Dec 18, 2013 5:02:13 PM com.sugarcrm.sugar.modules.AccountsModule init
INFO: Init Accounts...
Dec 18, 2013 5:02:13 PM com.sugarcrm.sugar.modules.BugsModule init
INFO: Init Bugs...
Dec 18, 2013 5:02:13 PM com.sugarcrm.sugar.modules.ContactsModule init
INFO: Init Contacts...
Dec 18, 2013 5:02:13 PM com.sugarcrm.sugar.modules.OpportunitiesModule init
INFO: Init Opportunities...
Dec 18, 2013 5:02:13 PM com.sugarcrm.sugar.modules.RevLineItemsModule init
INFO: Init Revenue Line Items...
Dec 18, 2013 5:02:13 PM com.sugarcrm.sugar.modules.LeadsModule init
INFO: Init Leads...
Dec 18, 2013 5:02:13 PM com.sugarcrm.sugar.modules.TargetsModule init
INFO: Init Targets...
Dec 18, 2013 5:02:13 PM com.sugarcrm.sugar.modules.TargetListsModule init
INFO: Init TargetLists...
Dec 18, 2013 5:02:13 PM com.sugarcrm.sugar.modules.CasesModule init
INFO: Init Cases...
Dec 18, 2013 5:02:13 PM com.sugarcrm.sugar.modules.TasksModule init
INFO: Init Tasks...
Dec 18, 2013 5:02:13 PM com.sugarcrm.sugar.modules.NotesModule init
INFO: Init Notes...
Dec 18, 2013 5:02:13 PM com.sugarcrm.sugar.modules.CampaignsModule init
INFO: Init Campaigns...
Dec 18, 2013 5:02:13 PM com.sugarcrm.sugar.modules.DocumentsModule init
INFO: Init Documents...
Dec 18, 2013 5:02:13 PM com.sugarcrm.sugar.modules.QuotesModule init
INFO: Init Quotes...
Dec 18, 2013 5:02:13 PM com.sugarcrm.sugar.modules.MeetingsModule init
INFO: Init Campaigns...
Dec 18, 2013 5:02:13 PM com.sugarcrm.sugar.modules.CallsModule init
INFO: Init Calls...
Dec 18, 2013 5:02:13 PM com.sugarcrm.sugar.modules.AccountsModule init
INFO: Init Accounts...
Dec 18, 2013 5:02:13 PM com.sugarcrm.sugar.modules.BugsModule init
INFO: Init Bugs...
Dec 18, 2013 5:02:13 PM com.sugarcrm.sugar.modules.ContactsModule init
INFO: Init Contacts...
Dec 18, 2013 5:02:13 PM com.sugarcrm.sugar.modules.OpportunitiesModule init
INFO: Init Opportunities...
Dec 18, 2013 5:02:13 PM com.sugarcrm.sugar.modules.RevLineItemsModule init
INFO: Init Revenue Line Items...
Dec 18, 2013 5:02:13 PM com.sugarcrm.sugar.modules.LeadsModule init
INFO: Init Leads...
Dec 18, 2013 5:02:13 PM com.sugarcrm.sugar.modules.TargetsModule init
INFO: Init Targets...
Dec 18, 2013 5:02:13 PM com.sugarcrm.sugar.modules.TargetListsModule init
INFO: Init TargetLists...
Dec 18, 2013 5:02:13 PM com.sugarcrm.sugar.modules.CasesModule init
INFO: Init Cases...
Dec 18, 2013 5:02:13 PM com.sugarcrm.sugar.modules.TasksModule init
INFO: Init Tasks...
Dec 18, 2013 5:02:13 PM com.sugarcrm.sugar.modules.NotesModule init
INFO: Init Notes...
Dec 18, 2013 5:02:13 PM com.sugarcrm.sugar.modules.CampaignsModule init
INFO: Init Campaigns...
Dec 18, 2013 5:02:13 PM com.sugarcrm.sugar.modules.DocumentsModule init
INFO: Init Documents...
Dec 18, 2013 5:02:13 PM com.sugarcrm.sugar.modules.QuotesModule init
INFO: Init Quotes...
Dec 18, 2013 5:02:13 PM com.sugarcrm.sugar.modules.MeetingsModule init
INFO: Init Campaigns...
Dec 18, 2013 5:02:13 PM com.sugarcrm.sugar.modules.CallsModule init
INFO: Init Calls...
Dec 18, 2013 5:02:13 PM com.sugarcrm.sugar.modules.AccountsModule init
INFO: Init Accounts...
Dec 18, 2013 5:02:13 PM com.sugarcrm.sugar.modules.BugsModule init
INFO: Init Bugs...
Dec 18, 2013 5:02:13 PM com.sugarcrm.sugar.modules.ContactsModule init
INFO: Init Contacts...
Dec 18, 2013 5:02:13 PM com.sugarcrm.sugar.modules.OpportunitiesModule init
INFO: Init Opportunities...
Dec 18, 2013 5:02:13 PM com.sugarcrm.sugar.modules.RevLineItemsModule init
INFO: Init Revenue Line Items...
Dec 18, 2013 5:02:13 PM com.sugarcrm.sugar.modules.LeadsModule init
INFO: Init Leads...
Dec 18, 2013 5:02:13 PM com.sugarcrm.sugar.modules.TargetsModule init
INFO: Init Targets...
Dec 18, 2013 5:02:13 PM com.sugarcrm.sugar.modules.TargetListsModule init
INFO: Init TargetLists...
Dec 18, 2013 5:02:13 PM com.sugarcrm.sugar.modules.CasesModule init
INFO: Init Cases...
Dec 18, 2013 5:02:13 PM com.sugarcrm.sugar.modules.TasksModule init
INFO: Init Tasks...
Dec 18, 2013 5:02:13 PM com.sugarcrm.sugar.modules.NotesModule init
INFO: Init Notes...
Dec 18, 2013 5:02:13 PM com.sugarcrm.sugar.modules.CampaignsModule init
INFO: Init Campaigns...
Dec 18, 2013 5:02:13 PM com.sugarcrm.sugar.modules.DocumentsModule init
INFO: Init Documents...
Dec 18, 2013 5:02:13 PM com.sugarcrm.sugar.modules.QuotesModule init
INFO: Init Quotes...
Dec 18, 2013 5:02:13 PM com.sugarcrm.sugar.modules.MeetingsModule init
INFO: Init Campaigns...
Dec 18, 2013 5:02:13 PM com.sugarcrm.sugar.modules.CallsModule init
INFO: Init Calls...
Dec 18, 2013 5:02:13 PM com.sugarcrm.test.SugarTest baseSetup
INFO: Setting up Accounts_17289...
Dec 18, 2013 5:02:13 PM com.sugarcrm.candybean.configuration.Configuration setValue
INFO: Set key value property: {datasource.csv.baseDir, src/test/resources/data}
Dec 18, 2013 5:02:18 PM com.sugarcrm.sugar.VoodooControl waitForElement
INFO: Waited 5023ms, 5023ms elapsed so far.
Dec 18, 2013 5:02:23 PM com.sugarcrm.sugar.VoodooControl waitForElement
INFO: Waited 5040ms, 10063ms elapsed so far.
Dec 18, 2013 5:02:28 PM com.sugarcrm.sugar.VoodooControl waitForElement
INFO: Waited 5003ms, 15066ms elapsed so far.
Dec 18, 2013 5:02:28 PM com.sugarcrm.sugar.VoodooControl waitForElement
INFO: Waited 15066ms for &lt;a css=&quot;#userActions a&quot; /&gt;.
Dec 18, 2013 5:02:28 PM com.sugarcrm.sugar.VoodooControl waitForElement
INFO: Find took 13ms.
Dec 18, 2013 5:02:28 PM com.sugarcrm.sugar.VoodooControl waitForElement
INFO: Find took 6ms.
Dec 18, 2013 5:02:28 PM com.sugarcrm.candybean.automation.control.VControl isDisplayed
INFO: Selenium: determining if control is visible: VControl(VHook(NAME,username))
Dec 18, 2013 5:02:28 PM com.sugarcrm.sugar.VoodooControl waitForElement
INFO: Find took 5ms.
Dec 18, 2013 5:02:28 PM com.sugarcrm.candybean.automation.control.VControl isDisplayed
INFO: Selenium: determining if control is visible: VControl(VHook(NAME,username))
Dec 18, 2013 5:02:28 PM com.sugarcrm.sugar.VoodooControl waitForVisible
INFO: &lt;input name=&quot;username&quot; /&gt; became visible in 44ms.
Dec 18, 2013 5:02:28 PM com.sugarcrm.sugar.VoodooControl set
INFO: Setting &lt;input name=&quot;username&quot; /&gt; to admin
Dec 18, 2013 5:02:28 PM com.sugarcrm.sugar.VoodooControl waitForElement
INFO: Find took 5ms.
Dec 18, 2013 5:02:28 PM com.sugarcrm.sugar.VoodooControl waitForElement
INFO: Find took 6ms.
Dec 18, 2013 5:02:28 PM com.sugarcrm.candybean.automation.control.VControl isDisplayed
INFO: Selenium: determining if control is visible: VControl(VHook(NAME,username))
Dec 18, 2013 5:02:28 PM com.sugarcrm.sugar.VoodooControl waitForElement
INFO: Find took 5ms.
Dec 18, 2013 5:02:28 PM com.sugarcrm.candybean.automation.control.VControl isDisplayed
INFO: Selenium: determining if control is visible: VControl(VHook(NAME,username))
Dec 18, 2013 5:02:28 PM com.sugarcrm.sugar.VoodooControl waitForVisible
INFO: &lt;input name=&quot;username&quot; /&gt; became visible in 30ms.
Dec 18, 2013 5:02:28 PM com.sugarcrm.sugar.VoodooControl waitForElement
INFO: Find took 4ms.
Dec 18, 2013 5:02:28 PM com.sugarcrm.sugar.VoodooControl waitForElement
INFO: Find took 5ms.
Dec 18, 2013 5:02:28 PM com.sugarcrm.candybean.automation.control.VControl isDisplayed
INFO: Selenium: determining if control is visible: VControl(VHook(NAME,username))
Dec 18, 2013 5:02:28 PM com.sugarcrm.sugar.VoodooControl waitForElement
INFO: Find took 5ms.
Dec 18, 2013 5:02:28 PM com.sugarcrm.candybean.automation.control.VControl isDisplayed
INFO: Selenium: determining if control is visible: VControl(VHook(NAME,username))
Dec 18, 2013 5:02:28 PM com.sugarcrm.sugar.VoodooControl waitForVisible
INFO: &lt;input name=&quot;username&quot; /&gt; became visible in 29ms.
Dec 18, 2013 5:02:28 PM com.sugarcrm.candybean.automation.control.VControl getAttribute
INFO: Selenium: getting attribute: type for control: VControl(VHook(NAME,username))
Dec 18, 2013 5:02:28 PM com.sugarcrm.sugar.VoodooControl waitForElement
INFO: Find took 5ms.
Dec 18, 2013 5:02:28 PM com.sugarcrm.sugar.VoodooControl waitForElement
INFO: Find took 6ms.
Dec 18, 2013 5:02:28 PM com.sugarcrm.candybean.automation.control.VControl isDisplayed
INFO: Selenium: determining if control is visible: VControl(VHook(NAME,username))
Dec 18, 2013 5:02:28 PM com.sugarcrm.sugar.VoodooControl waitForElement
INFO: Find took 5ms.
Dec 18, 2013 5:02:28 PM com.sugarcrm.candybean.automation.control.VControl isDisplayed
INFO: Selenium: determining if control is visible: VControl(VHook(NAME,username))
Dec 18, 2013 5:02:28 PM com.sugarcrm.sugar.VoodooControl waitForVisible
INFO: &lt;input name=&quot;username&quot; /&gt; became visible in 28ms.
Dec 18, 2013 5:02:28 PM com.sugarcrm.candybean.automation.control.VControl sendString
INFO: Selenium: sending string: admin to control: VControl(VHook(NAME,username))
Dec 18, 2013 5:02:29 PM com.sugarcrm.sugar.VoodooControl set
INFO: Setting &lt;input name=&quot;password&quot; /&gt; to asdf
Dec 18, 2013 5:02:29 PM com.sugarcrm.sugar.VoodooControl waitForElement
INFO: Find took 16ms.
Dec 18, 2013 5:02:29 PM com.sugarcrm.sugar.VoodooControl waitForElement
INFO: Find took 6ms.
Dec 18, 2013 5:02:29 PM com.sugarcrm.candybean.automation.control.VControl isDisplayed
INFO: Selenium: determining if control is visible: VControl(VHook(NAME,password))
Dec 18, 2013 5:02:29 PM com.sugarcrm.sugar.VoodooControl waitForElement
INFO: Find took 11ms.
Dec 18, 2013 5:02:29 PM com.sugarcrm.candybean.automation.control.VControl isDisplayed
INFO: Selenium: determining if control is visible: VControl(VHook(NAME,password))
Dec 18, 2013 5:02:29 PM com.sugarcrm.sugar.VoodooControl waitForVisible
INFO: &lt;input name=&quot;password&quot; /&gt; became visible in 54ms.
Dec 18, 2013 5:02:29 PM com.sugarcrm.sugar.VoodooControl waitForElement
INFO: Find took 5ms.
Dec 18, 2013 5:02:29 PM com.sugarcrm.sugar.VoodooControl waitForElement
INFO: Find took 6ms.
Dec 18, 2013 5:02:29 PM com.sugarcrm.candybean.automation.control.VControl isDisplayed
INFO: Selenium: determining if control is visible: VControl(VHook(NAME,password))
Dec 18, 2013 5:02:29 PM com.sugarcrm.sugar.VoodooControl waitForElement
INFO: Find took 7ms.
Dec 18, 2013 5:02:29 PM com.sugarcrm.candybean.automation.control.VControl isDisplayed
INFO: Selenium: determining if control is visible: VControl(VHook(NAME,password))
Dec 18, 2013 5:02:29 PM com.sugarcrm.sugar.VoodooControl waitForVisible
INFO: &lt;input name=&quot;password&quot; /&gt; became visible in 39ms.
Dec 18, 2013 5:02:29 PM com.sugarcrm.candybean.automation.control.VControl getAttribute
INFO: Selenium: getting attribute: type for control: VControl(VHook(NAME,password))
Dec 18, 2013 5:02:29 PM com.sugarcrm.sugar.VoodooControl waitForElement
INFO: Find took 5ms.
Dec 18, 2013 5:02:29 PM com.sugarcrm.sugar.VoodooControl waitForElement
INFO: Find took 7ms.
Dec 18, 2013 5:02:29 PM com.sugarcrm.candybean.automation.control.VControl isDisplayed
INFO: Selenium: determining if control is visible: VControl(VHook(NAME,password))
Dec 18, 2013 5:02:29 PM com.sugarcrm.sugar.VoodooControl waitForElement
INFO: Find took 5ms.
Dec 18, 2013 5:02:29 PM com.sugarcrm.candybean.automation.control.VControl isDisplayed
INFO: Selenium: determining if control is visible: VControl(VHook(NAME,password))
Dec 18, 2013 5:02:29 PM com.sugarcrm.sugar.VoodooControl waitForVisible
INFO: &lt;input name=&quot;password&quot; /&gt; became visible in 32ms.
Dec 18, 2013 5:02:29 PM com.sugarcrm.candybean.automation.control.VControl sendString
INFO: Selenium: sending string: asdf to control: VControl(VHook(NAME,password))
Dec 18, 2013 5:02:29 PM com.sugarcrm.sugar.VoodooControl click
INFO: Clicking &lt;a name=&quot;login_button&quot; /&gt;.
Dec 18, 2013 5:02:29 PM com.sugarcrm.sugar.VoodooControl waitForElement
INFO: Find took 13ms.
Dec 18, 2013 5:02:29 PM com.sugarcrm.sugar.VoodooControl waitForElement
INFO: Find took 6ms.
Dec 18, 2013 5:02:29 PM com.sugarcrm.candybean.automation.control.VControl isDisplayed
INFO: Selenium: determining if control is visible: VControl(VHook(NAME,login_button))
Dec 18, 2013 5:02:29 PM com.sugarcrm.sugar.VoodooControl waitForElement
INFO: Find took 6ms.
Dec 18, 2013 5:02:29 PM com.sugarcrm.candybean.automation.control.VControl isDisplayed
INFO: Selenium: determining if control is visible: VControl(VHook(NAME,login_button))
Dec 18, 2013 5:02:29 PM com.sugarcrm.sugar.VoodooControl waitForVisible
INFO: &lt;a name=&quot;login_button&quot; /&gt; became visible in 51ms.
Dec 18, 2013 5:02:29 PM com.sugarcrm.candybean.automation.control.VControl click
INFO: Selenium: clicking on control: VControl(VHook(NAME,login_button))
Dec 18, 2013 5:02:29 PM com.sugarcrm.sugar.VoodooControl waitForElement
INFO: Find took 14ms.
Dec 18, 2013 5:02:29 PM com.sugarcrm.candybean.automation.control.VControl isDisplayed
INFO: Selenium: determining if control is visible: VControl(VHook(CSS,#alerts))
Dec 18, 2013 5:02:29 PM com.sugarcrm.candybean.automation.VInterface pause
INFO: Pausing for 250ms via thread sleep.
Dec 18, 2013 5:02:29 PM com.sugarcrm.sugar.VoodooControl waitForElement
INFO: Find took 5ms.
Dec 18, 2013 5:02:29 PM com.sugarcrm.candybean.automation.control.VControl isDisplayed
INFO: Selenium: determining if control is visible: VControl(VHook(CSS,#alerts))
Dec 18, 2013 5:02:29 PM com.sugarcrm.candybean.automation.VInterface pause
INFO: Pausing for 250ms via thread sleep.
Dec 18, 2013 5:02:29 PM com.sugarcrm.sugar.VoodooControl waitForElement
INFO: Find took 6ms.
Dec 18, 2013 5:02:29 PM com.sugarcrm.candybean.automation.control.VControl isDisplayed
INFO: Selenium: determining if control is visible: VControl(VHook(CSS,#alerts))
Dec 18, 2013 5:02:29 PM com.sugarcrm.candybean.automation.VInterface pause
INFO: Pausing for 250ms via thread sleep.
Dec 18, 2013 5:02:30 PM com.sugarcrm.sugar.VoodooControl waitForElement
INFO: Find took 5ms.
Dec 18, 2013 5:02:30 PM com.sugarcrm.candybean.automation.control.VControl isDisplayed
INFO: Selenium: determining if control is visible: VControl(VHook(CSS,#alerts))
Dec 18, 2013 5:02:30 PM com.sugarcrm.candybean.automation.VInterface pause
INFO: Pausing for 250ms via thread sleep.
Dec 18, 2013 5:02:30 PM com.sugarcrm.sugar.VoodooControl waitForElement
INFO: Find took 7ms.
Dec 18, 2013 5:02:30 PM com.sugarcrm.candybean.automation.control.VControl isDisplayed
INFO: Selenium: determining if control is visible: VControl(VHook(CSS,#alerts))
Dec 18, 2013 5:02:30 PM com.sugarcrm.candybean.automation.VInterface pause
INFO: Pausing for 250ms via thread sleep.
Dec 18, 2013 5:02:30 PM com.sugarcrm.sugar.VoodooControl waitForElement
INFO: Find took 6ms.
Dec 18, 2013 5:02:30 PM com.sugarcrm.candybean.automation.control.VControl isDisplayed
INFO: Selenium: determining if control is visible: VControl(VHook(CSS,#alerts))
Dec 18, 2013 5:02:30 PM com.sugarcrm.candybean.automation.VInterface pause
INFO: Pausing for 250ms via thread sleep.
Dec 18, 2013 5:02:30 PM com.sugarcrm.sugar.VoodooControl waitForElement
INFO: Find took 6ms.
Dec 18, 2013 5:02:30 PM com.sugarcrm.candybean.automation.control.VControl isDisplayed
INFO: Selenium: determining if control is visible: VControl(VHook(CSS,#alerts))
Dec 18, 2013 5:02:30 PM com.sugarcrm.candybean.automation.VInterface pause
INFO: Pausing for 250ms via thread sleep.
Dec 18, 2013 5:02:31 PM com.sugarcrm.sugar.VoodooControl waitForElement
INFO: Find took 10ms.
Dec 18, 2013 5:02:31 PM com.sugarcrm.candybean.automation.control.VControl isDisplayed
INFO: Selenium: determining if control is visible: VControl(VHook(CSS,#alerts))
Dec 18, 2013 5:02:31 PM com.sugarcrm.candybean.automation.VInterface pause
INFO: Pausing for 250ms via thread sleep.
Dec 18, 2013 5:02:31 PM com.sugarcrm.sugar.VoodooControl waitForElement
INFO: Find took 308ms.
Dec 18, 2013 5:02:31 PM com.sugarcrm.candybean.automation.control.VControl isDisplayed
INFO: Selenium: determining if control is visible: VControl(VHook(CSS,#alerts))
Dec 18, 2013 5:02:31 PM com.sugarcrm.candybean.automation.VInterface pause
INFO: Pausing for 250ms via thread sleep.
Dec 18, 2013 5:02:32 PM com.sugarcrm.sugar.VoodooControl waitForElement
INFO: Find took 6ms.
Dec 18, 2013 5:02:32 PM com.sugarcrm.candybean.automation.control.VControl isDisplayed
INFO: Selenium: determining if control is visible: VControl(VHook(CSS,#alerts))
Dec 18, 2013 5:02:32 PM com.sugarcrm.candybean.automation.VInterface pause
INFO: Pausing for 250ms via thread sleep.
Dec 18, 2013 5:02:32 PM com.sugarcrm.sugar.VoodooControl waitForElement
INFO: Find took 6ms.
Dec 18, 2013 5:02:32 PM com.sugarcrm.candybean.automation.control.VControl isDisplayed
INFO: Selenium: determining if control is visible: VControl(VHook(CSS,#alerts))
Dec 18, 2013 5:02:32 PM com.sugarcrm.candybean.automation.VInterface pause
INFO: Pausing for 250ms via thread sleep.
Dec 18, 2013 5:02:32 PM com.sugarcrm.sugar.VoodooControl waitForElement
INFO: Find took 6ms.
Dec 18, 2013 5:02:32 PM com.sugarcrm.candybean.automation.control.VControl isDisplayed
INFO: Selenium: determining if control is visible: VControl(VHook(CSS,#alerts))
Dec 18, 2013 5:02:32 PM com.sugarcrm.candybean.automation.VInterface pause
INFO: Pausing for 250ms via thread sleep.
Dec 18, 2013 5:02:33 PM com.sugarcrm.sugar.VoodooControl waitForElement
INFO: Find took 329ms.
Dec 18, 2013 5:02:33 PM com.sugarcrm.candybean.automation.control.VControl isDisplayed
INFO: Selenium: determining if control is visible: VControl(VHook(CSS,#alerts))
Dec 18, 2013 5:02:33 PM com.sugarcrm.candybean.automation.VInterface pause
INFO: Pausing for 250ms via thread sleep.
Dec 18, 2013 5:02:33 PM com.sugarcrm.sugar.VoodooControl waitForElement
INFO: Find took 5ms.
Dec 18, 2013 5:02:33 PM com.sugarcrm.candybean.automation.control.VControl isDisplayed
INFO: Selenium: determining if control is visible: VControl(VHook(CSS,#alerts))
Dec 18, 2013 5:02:33 PM com.sugarcrm.candybean.automation.VInterface pause
INFO: Pausing for 250ms via thread sleep.
Dec 18, 2013 5:02:33 PM com.sugarcrm.sugar.VoodooControl waitForElement
INFO: Find took 6ms.
Dec 18, 2013 5:02:33 PM com.sugarcrm.candybean.automation.control.VControl isDisplayed
INFO: Selenium: determining if control is visible: VControl(VHook(CSS,#alerts))
Dec 18, 2013 5:02:33 PM com.sugarcrm.candybean.automation.VInterface pause
INFO: Pausing for 250ms via thread sleep.
Dec 18, 2013 5:02:34 PM com.sugarcrm.sugar.VoodooControl waitForElement
INFO: Find took 6ms.
Dec 18, 2013 5:02:34 PM com.sugarcrm.candybean.automation.control.VControl isDisplayed
INFO: Selenium: determining if control is visible: VControl(VHook(CSS,#alerts))
Dec 18, 2013 5:02:34 PM com.sugarcrm.candybean.automation.VInterface pause
INFO: Pausing for 250ms via thread sleep.
Dec 18, 2013 5:02:34 PM com.sugarcrm.sugar.VoodooControl waitForElement
INFO: Find took 5ms.
Dec 18, 2013 5:02:34 PM com.sugarcrm.candybean.automation.control.VControl isDisplayed
INFO: Selenium: determining if control is visible: VControl(VHook(CSS,#alerts))
Dec 18, 2013 5:02:34 PM com.sugarcrm.candybean.automation.VInterface pause
INFO: Pausing for 250ms via thread sleep.
Dec 18, 2013 5:02:34 PM com.sugarcrm.sugar.VoodooControl waitForElement
INFO: Find took 6ms.
Dec 18, 2013 5:02:34 PM com.sugarcrm.candybean.automation.control.VControl isDisplayed
INFO: Selenium: determining if control is visible: VControl(VHook(CSS,#alerts))
Dec 18, 2013 5:02:34 PM com.sugarcrm.candybean.automation.VInterface pause
INFO: Pausing for 250ms via thread sleep.
Dec 18, 2013 5:02:34 PM com.sugarcrm.sugar.VoodooControl waitForElement
INFO: Find took 5ms.
Dec 18, 2013 5:02:34 PM com.sugarcrm.candybean.automation.control.VControl isDisplayed
INFO: Selenium: determining if control is visible: VControl(VHook(CSS,#alerts))
Dec 18, 2013 5:02:34 PM com.sugarcrm.candybean.automation.VInterface pause
INFO: Pausing for 250ms via thread sleep.
Dec 18, 2013 5:02:35 PM com.sugarcrm.sugar.VoodooControl waitForElement
INFO: Find took 6ms.
Dec 18, 2013 5:02:35 PM com.sugarcrm.candybean.automation.control.VControl isDisplayed
INFO: Selenium: determining if control is visible: VControl(VHook(CSS,#alerts))
Dec 18, 2013 5:02:35 PM com.sugarcrm.candybean.automation.VInterface pause
INFO: Pausing for 250ms via thread sleep.
Dec 18, 2013 5:02:35 PM com.sugarcrm.sugar.VoodooControl waitForElement
INFO: Find took 6ms.
Dec 18, 2013 5:02:35 PM com.sugarcrm.candybean.automation.control.VControl isDisplayed
INFO: Selenium: determining if control is visible: VControl(VHook(CSS,#alerts))
Dec 18, 2013 5:02:35 PM com.sugarcrm.candybean.automation.VInterface pause
INFO: Pausing for 250ms via thread sleep.
Dec 18, 2013 5:02:35 PM com.sugarcrm.sugar.VoodooControl waitForElement
INFO: Find took 5ms.
Dec 18, 2013 5:02:35 PM com.sugarcrm.candybean.automation.control.VControl isDisplayed
INFO: Selenium: determining if control is visible: VControl(VHook(CSS,#alerts))
Dec 18, 2013 5:02:35 PM com.sugarcrm.candybean.automation.VInterface pause
INFO: Pausing for 250ms via thread sleep.
Dec 18, 2013 5:02:35 PM com.sugarcrm.sugar.VoodooControl waitForElement
INFO: Find took 5ms.
Dec 18, 2013 5:02:35 PM com.sugarcrm.candybean.automation.control.VControl isDisplayed
INFO: Selenium: determining if control is visible: VControl(VHook(CSS,#alerts))
Dec 18, 2013 5:02:35 PM com.sugarcrm.candybean.automation.VInterface pause
INFO: Pausing for 250ms via thread sleep.
Dec 18, 2013 5:02:36 PM com.sugarcrm.sugar.VoodooControl waitForElement
INFO: Find took 10ms.
Dec 18, 2013 5:02:36 PM com.sugarcrm.candybean.automation.control.VControl isDisplayed
INFO: Selenium: determining if control is visible: VControl(VHook(CSS,#alerts))
Dec 18, 2013 5:02:36 PM com.sugarcrm.candybean.automation.VInterface pause
INFO: Pausing for 250ms via thread sleep.
Dec 18, 2013 5:02:36 PM com.sugarcrm.sugar.VoodooControl waitForElement
INFO: Find took 13ms.
Dec 18, 2013 5:02:36 PM com.sugarcrm.candybean.automation.control.VControl isDisplayed
INFO: Selenium: determining if control is visible: VControl(VHook(CSS,#alerts))
Dec 18, 2013 5:02:36 PM com.sugarcrm.candybean.automation.VInterface pause
INFO: Pausing for 250ms via thread sleep.
Dec 18, 2013 5:02:36 PM com.sugarcrm.sugar.VoodooControl waitForElement
INFO: Find took 11ms.
Dec 18, 2013 5:02:36 PM com.sugarcrm.candybean.automation.control.VControl isDisplayed
INFO: Selenium: determining if control is visible: VControl(VHook(CSS,#alerts))
Dec 18, 2013 5:02:36 PM com.sugarcrm.candybean.automation.VInterface pause
INFO: Pausing for 250ms via thread sleep.
Dec 18, 2013 5:02:37 PM com.sugarcrm.sugar.VoodooControl waitForElement
INFO: Find took 11ms.
Dec 18, 2013 5:02:37 PM com.sugarcrm.candybean.automation.control.VControl isDisplayed
INFO: Selenium: determining if control is visible: VControl(VHook(CSS,#alerts))
Dec 18, 2013 5:02:37 PM com.sugarcrm.candybean.automation.VInterface pause
INFO: Pausing for 250ms via thread sleep.
Dec 18, 2013 5:02:37 PM com.sugarcrm.sugar.VoodooControl waitForElement
INFO: Find took 11ms.
Dec 18, 2013 5:02:37 PM com.sugarcrm.candybean.automation.control.VControl isDisplayed
INFO: Selenium: determining if control is visible: VControl(VHook(CSS,#alerts))
Dec 18, 2013 5:02:37 PM com.sugarcrm.candybean.automation.VInterface pause
INFO: Pausing for 250ms via thread sleep.
Dec 18, 2013 5:02:37 PM com.sugarcrm.sugar.VoodooControl waitForElement
INFO: Find took 12ms.
Dec 18, 2013 5:02:37 PM com.sugarcrm.candybean.automation.control.VControl isDisplayed
INFO: Selenium: determining if control is visible: VControl(VHook(CSS,#alerts))
Dec 18, 2013 5:02:37 PM com.sugarcrm.candybean.automation.VInterface pause
INFO: Pausing for 250ms via thread sleep.
Dec 18, 2013 5:02:37 PM com.sugarcrm.sugar.VoodooControl waitForElement
INFO: Find took 13ms.
Dec 18, 2013 5:02:37 PM com.sugarcrm.candybean.automation.control.VControl isDisplayed
INFO: Selenium: determining if control is visible: VControl(VHook(CSS,#alerts))
Dec 18, 2013 5:02:37 PM com.sugarcrm.candybean.automation.VInterface pause
INFO: Pausing for 250ms via thread sleep.
Dec 18, 2013 5:02:38 PM com.sugarcrm.sugar.VoodooControl waitForElement
INFO: Find took 12ms.
Dec 18, 2013 5:02:38 PM com.sugarcrm.candybean.automation.control.VControl isDisplayed
INFO: Selenium: determining if control is visible: VControl(VHook(CSS,#alerts))
Dec 18, 2013 5:02:38 PM com.sugarcrm.candybean.automation.VInterface pause
INFO: Pausing for 250ms via thread sleep.
Dec 18, 2013 5:02:38 PM com.sugarcrm.sugar.VoodooControl waitForElement
INFO: Find took 5ms.
Dec 18, 2013 5:02:38 PM com.sugarcrm.candybean.automation.control.VControl isDisplayed
INFO: Selenium: determining if control is visible: VControl(VHook(CSS,#alerts))
Dec 18, 2013 5:02:38 PM com.sugarcrm.candybean.automation.VInterface pause
INFO: Pausing for 250ms via thread sleep.
Dec 18, 2013 5:02:38 PM com.sugarcrm.sugar.VoodooControl waitForElement
INFO: Find took 6ms.
Dec 18, 2013 5:02:38 PM com.sugarcrm.candybean.automation.control.VControl isDisplayed
INFO: Selenium: determining if control is visible: VControl(VHook(CSS,#alerts))
Dec 18, 2013 5:02:38 PM com.sugarcrm.candybean.automation.VInterface pause
INFO: Pausing for 250ms via thread sleep.
Dec 18, 2013 5:02:38 PM com.sugarcrm.sugar.VoodooControl waitForElement
INFO: Find took 5ms.
Dec 18, 2013 5:02:38 PM com.sugarcrm.candybean.automation.control.VControl isDisplayed
INFO: Selenium: determining if control is visible: VControl(VHook(CSS,#alerts))
Dec 18, 2013 5:02:38 PM com.sugarcrm.candybean.automation.VInterface pause
INFO: Pausing for 250ms via thread sleep.
Dec 18, 2013 5:02:39 PM com.sugarcrm.sugar.VoodooControl waitForElement
INFO: Find took 5ms.
Dec 18, 2013 5:02:39 PM com.sugarcrm.candybean.automation.control.VControl isDisplayed
INFO: Selenium: determining if control is visible: VControl(VHook(CSS,#alerts))
Dec 18, 2013 5:02:39 PM com.sugarcrm.candybean.automation.VInterface pause
INFO: Pausing for 250ms via thread sleep.
Dec 18, 2013 5:02:39 PM com.sugarcrm.sugar.VoodooControl waitForElement
INFO: Find took 5ms.
Dec 18, 2013 5:02:39 PM com.sugarcrm.candybean.automation.control.VControl isDisplayed
INFO: Selenium: determining if control is visible: VControl(VHook(CSS,#alerts))
Dec 18, 2013 5:02:39 PM com.sugarcrm.candybean.automation.VInterface pause
INFO: Pausing for 250ms via thread sleep.
Dec 18, 2013 5:02:39 PM com.sugarcrm.sugar.VoodooControl waitForElement
INFO: Find took 6ms.
Dec 18, 2013 5:02:39 PM com.sugarcrm.candybean.automation.control.VControl isDisplayed
INFO: Selenium: determining if control is visible: VControl(VHook(CSS,#alerts))
Dec 18, 2013 5:02:39 PM com.sugarcrm.candybean.automation.VInterface pause
INFO: Pausing for 250ms via thread sleep.
Dec 18, 2013 5:02:39 PM com.sugarcrm.sugar.VoodooControl waitForElement
INFO: Find took 5ms.
Dec 18, 2013 5:02:39 PM com.sugarcrm.candybean.automation.control.VControl isDisplayed
INFO: Selenium: determining if control is visible: VControl(VHook(CSS,#alerts))
Dec 18, 2013 5:02:39 PM com.sugarcrm.candybean.automation.VInterface pause
INFO: Pausing for 250ms via thread sleep.
Dec 18, 2013 5:02:40 PM com.sugarcrm.sugar.VoodooControl waitForElement
INFO: Find took 6ms.
Dec 18, 2013 5:02:40 PM com.sugarcrm.candybean.automation.control.VControl isDisplayed
INFO: Selenium: determining if control is visible: VControl(VHook(CSS,#alerts))
Dec 18, 2013 5:02:40 PM com.sugarcrm.candybean.automation.VInterface pause
INFO: Pausing for 250ms via thread sleep.
Dec 18, 2013 5:02:40 PM com.sugarcrm.sugar.VoodooControl waitForElement
INFO: Find took 5ms.
Dec 18, 2013 5:02:40 PM com.sugarcrm.candybean.automation.control.VControl isDisplayed
INFO: Selenium: determining if control is visible: VControl(VHook(CSS,#alerts))
Dec 18, 2013 5:02:40 PM com.sugarcrm.candybean.automation.VInterface pause
INFO: Pausing for 250ms via thread sleep.
Dec 18, 2013 5:02:40 PM com.sugarcrm.sugar.VoodooControl waitForElement
INFO: Find took 6ms.
Dec 18, 2013 5:02:40 PM com.sugarcrm.candybean.automation.control.VControl isDisplayed
INFO: Selenium: determining if control is visible: VControl(VHook(CSS,#alerts))
Dec 18, 2013 5:02:40 PM com.sugarcrm.candybean.automation.VInterface pause
INFO: Pausing for 250ms via thread sleep.
Dec 18, 2013 5:02:41 PM com.sugarcrm.sugar.VoodooControl waitForElement
INFO: Find took 5ms.
Dec 18, 2013 5:02:41 PM com.sugarcrm.candybean.automation.control.VControl isDisplayed
INFO: Selenium: determining if control is visible: VControl(VHook(CSS,#alerts))
Dec 18, 2013 5:02:41 PM com.sugarcrm.candybean.automation.VInterface pause
INFO: Pausing for 250ms via thread sleep.
Dec 18, 2013 5:02:41 PM com.sugarcrm.sugar.VoodooControl waitForElement
INFO: Find took 5ms.
Dec 18, 2013 5:02:41 PM com.sugarcrm.candybean.automation.control.VControl isDisplayed
INFO: Selenium: determining if control is visible: VControl(VHook(CSS,#alerts))
Dec 18, 2013 5:02:41 PM com.sugarcrm.candybean.automation.VInterface pause
INFO: Pausing for 250ms via thread sleep.
Dec 18, 2013 5:02:41 PM com.sugarcrm.sugar.VoodooControl waitForElement
INFO: Find took 5ms.
Dec 18, 2013 5:02:41 PM com.sugarcrm.candybean.automation.control.VControl isDisplayed
INFO: Selenium: determining if control is visible: VControl(VHook(CSS,#alerts))
Dec 18, 2013 5:02:41 PM com.sugarcrm.candybean.automation.VInterface pause
INFO: Pausing for 250ms via thread sleep.
Dec 18, 2013 5:02:41 PM com.sugarcrm.sugar.VoodooControl waitForElement
INFO: Find took 12ms.
Dec 18, 2013 5:02:41 PM com.sugarcrm.candybean.automation.control.VControl isDisplayed
INFO: Selenium: determining if control is visible: VControl(VHook(CSS,#alerts))
Dec 18, 2013 5:02:41 PM com.sugarcrm.candybean.automation.VInterface pause
INFO: Pausing for 250ms via thread sleep.
Dec 18, 2013 5:02:42 PM com.sugarcrm.sugar.VoodooControl waitForElement
INFO: Find took 5ms.
Dec 18, 2013 5:02:42 PM com.sugarcrm.candybean.automation.control.VControl isDisplayed
INFO: Selenium: determining if control is visible: VControl(VHook(CSS,#alerts))
Dec 18, 2013 5:02:42 PM com.sugarcrm.candybean.automation.VInterface pause
INFO: Pausing for 250ms via thread sleep.
Dec 18, 2013 5:02:42 PM com.sugarcrm.sugar.VoodooControl waitForElement
INFO: Find took 6ms.
Dec 18, 2013 5:02:42 PM com.sugarcrm.candybean.automation.control.VControl isDisplayed
INFO: Selenium: determining if control is visible: VControl(VHook(CSS,#alerts))
Dec 18, 2013 5:02:42 PM com.sugarcrm.candybean.automation.VInterface pause
INFO: Pausing for 250ms via thread sleep.
Dec 18, 2013 5:02:42 PM com.sugarcrm.sugar.VoodooControl waitForElement
INFO: Find took 5ms.
Dec 18, 2013 5:02:42 PM com.sugarcrm.candybean.automation.control.VControl isDisplayed
INFO: Selenium: determining if control is visible: VControl(VHook(CSS,#alerts))
Dec 18, 2013 5:02:42 PM com.sugarcrm.candybean.automation.VInterface pause
INFO: Pausing for 250ms via thread sleep.
Dec 18, 2013 5:02:42 PM com.sugarcrm.sugar.VoodooControl waitForElement
INFO: Find took 5ms.
Dec 18, 2013 5:02:42 PM com.sugarcrm.candybean.automation.control.VControl isDisplayed
INFO: Selenium: determining if control is visible: VControl(VHook(CSS,#alerts))
Dec 18, 2013 5:02:42 PM com.sugarcrm.candybean.automation.VInterface pause
INFO: Pausing for 250ms via thread sleep.
Dec 18, 2013 5:02:43 PM com.sugarcrm.sugar.VoodooControl waitForElement
INFO: Find took 6ms.
Dec 18, 2013 5:02:43 PM com.sugarcrm.candybean.automation.control.VControl isDisplayed
INFO: Selenium: determining if control is visible: VControl(VHook(CSS,#alerts))
Dec 18, 2013 5:02:43 PM com.sugarcrm.candybean.automation.VInterface pause
INFO: Pausing for 250ms via thread sleep.
Dec 18, 2013 5:02:43 PM com.sugarcrm.sugar.VoodooControl waitForElement
INFO: Find took 5ms.
Dec 18, 2013 5:02:43 PM com.sugarcrm.candybean.automation.control.VControl isDisplayed
INFO: Selenium: determining if control is visible: VControl(VHook(CSS,#alerts))
Dec 18, 2013 5:02:43 PM com.sugarcrm.candybean.automation.VInterface pause
INFO: Pausing for 250ms via thread sleep.
Dec 18, 2013 5:02:43 PM com.sugarcrm.sugar.VoodooControl waitForElement
INFO: Find took 5ms.
Dec 18, 2013 5:02:43 PM com.sugarcrm.candybean.automation.control.VControl isDisplayed
INFO: Selenium: determining if control is visible: VControl(VHook(CSS,#alerts))
Dec 18, 2013 5:02:43 PM com.sugarcrm.candybean.automation.VInterface pause
INFO: Pausing for 250ms via thread sleep.
Dec 18, 2013 5:02:43 PM com.sugarcrm.sugar.VoodooControl waitForElement
INFO: Find took 6ms.
Dec 18, 2013 5:02:43 PM com.sugarcrm.candybean.automation.control.VControl isDisplayed
INFO: Selenium: determining if control is visible: VControl(VHook(CSS,#alerts))
Dec 18, 2013 5:02:43 PM com.sugarcrm.candybean.automation.VInterface pause
INFO: Pausing for 250ms via thread sleep.
Dec 18, 2013 5:02:44 PM com.sugarcrm.sugar.VoodooControl waitForElement
INFO: Find took 5ms.
Dec 18, 2013 5:02:44 PM com.sugarcrm.candybean.automation.control.VControl isDisplayed
INFO: Selenium: determining if control is visible: VControl(VHook(CSS,#alerts))
Dec 18, 2013 5:02:44 PM com.sugarcrm.candybean.automation.VInterface pause
INFO: Pausing for 250ms via thread sleep.
Dec 18, 2013 5:02:44 PM com.sugarcrm.sugar.VoodooControl waitForElement
INFO: Find took 6ms.
Dec 18, 2013 5:02:44 PM com.sugarcrm.candybean.automation.control.VControl isDisplayed
INFO: Selenium: determining if control is visible: VControl(VHook(CSS,#alerts))
Dec 18, 2013 5:02:44 PM com.sugarcrm.candybean.automation.VInterface pause
INFO: Pausing for 250ms via thread sleep.
Dec 18, 2013 5:02:44 PM com.sugarcrm.sugar.VoodooControl waitForElement
INFO: Find took 5ms.
Dec 18, 2013 5:02:44 PM com.sugarcrm.candybean.automation.control.VControl isDisplayed
INFO: Selenium: determining if control is visible: VControl(VHook(CSS,#alerts))
Dec 18, 2013 5:02:44 PM com.sugarcrm.candybean.automation.VInterface pause
INFO: Pausing for 250ms via thread sleep.
Dec 18, 2013 5:02:44 PM com.sugarcrm.sugar.VoodooControl waitForElement
INFO: Find took 5ms.
Dec 18, 2013 5:02:44 PM com.sugarcrm.candybean.automation.control.VControl isDisplayed
INFO: Selenium: determining if control is visible: VControl(VHook(CSS,#alerts))
Dec 18, 2013 5:02:44 PM com.sugarcrm.candybean.automation.VInterface pause
INFO: Pausing for 250ms via thread sleep.
Dec 18, 2013 5:02:45 PM com.sugarcrm.sugar.VoodooControl waitForElement
INFO: Find took 5ms.
Dec 18, 2013 5:02:45 PM com.sugarcrm.candybean.automation.control.VControl isDisplayed
INFO: Selenium: determining if control is visible: VControl(VHook(CSS,#alerts))
Dec 18, 2013 5:02:45 PM com.sugarcrm.candybean.automation.VInterface pause
INFO: Pausing for 250ms via thread sleep.
Dec 18, 2013 5:02:45 PM com.sugarcrm.sugar.VoodooControl waitForElement
INFO: Find took 5ms.
Dec 18, 2013 5:02:45 PM com.sugarcrm.candybean.automation.control.VControl isDisplayed
INFO: Selenium: determining if control is visible: VControl(VHook(CSS,#alerts))
Dec 18, 2013 5:02:45 PM com.sugarcrm.candybean.automation.VInterface pause
INFO: Pausing for 250ms via thread sleep.
Dec 18, 2013 5:02:45 PM com.sugarcrm.sugar.VoodooControl waitForElement
INFO: Find took 7ms.
Dec 18, 2013 5:02:45 PM com.sugarcrm.candybean.automation.control.VControl isDisplayed
INFO: Selenium: determining if control is visible: VControl(VHook(CSS,#alerts))
Dec 18, 2013 5:02:45 PM com.sugarcrm.candybean.automation.VInterface pause
INFO: Pausing for 250ms via thread sleep.
Dec 18, 2013 5:02:45 PM com.sugarcrm.sugar.VoodooControl waitForElement
INFO: Find took 6ms.
Dec 18, 2013 5:02:45 PM com.sugarcrm.candybean.automation.control.VControl isDisplayed
INFO: Selenium: determining if control is visible: VControl(VHook(CSS,#alerts))
Dec 18, 2013 5:02:45 PM com.sugarcrm.candybean.automation.VInterface pause
INFO: Pausing for 250ms via thread sleep.
Dec 18, 2013 5:02:46 PM com.sugarcrm.sugar.VoodooControl waitForElement
INFO: Find took 6ms.
Dec 18, 2013 5:02:46 PM com.sugarcrm.candybean.automation.control.VControl isDisplayed
INFO: Selenium: determining if control is visible: VControl(VHook(CSS,#alerts))
Dec 18, 2013 5:02:46 PM com.sugarcrm.candybean.automation.VInterface pause
INFO: Pausing for 250ms via thread sleep.
Dec 18, 2013 5:02:46 PM com.sugarcrm.sugar.VoodooControl waitForElement
INFO: Find took 5ms.
Dec 18, 2013 5:02:46 PM com.sugarcrm.candybean.automation.control.VControl isDisplayed
INFO: Selenium: determining if control is visible: VControl(VHook(CSS,#alerts))
Dec 18, 2013 5:02:46 PM com.sugarcrm.candybean.automation.VInterface pause
INFO: Pausing for 250ms via thread sleep.
Dec 18, 2013 5:02:46 PM com.sugarcrm.sugar.VoodooControl waitForElement
INFO: Find took 6ms.
Dec 18, 2013 5:02:46 PM com.sugarcrm.candybean.automation.control.VControl isDisplayed
INFO: Selenium: determining if control is visible: VControl(VHook(CSS,#alerts))
Dec 18, 2013 5:02:46 PM com.sugarcrm.candybean.automation.VInterface pause
INFO: Pausing for 250ms via thread sleep.
Dec 18, 2013 5:02:47 PM com.sugarcrm.sugar.VoodooControl waitForElement
INFO: Find took 5ms.
Dec 18, 2013 5:02:47 PM com.sugarcrm.candybean.automation.control.VControl isDisplayed
INFO: Selenium: determining if control is visible: VControl(VHook(CSS,#alerts))
Dec 18, 2013 5:02:47 PM com.sugarcrm.candybean.automation.VInterface pause
INFO: Pausing for 250ms via thread sleep.
Dec 18, 2013 5:02:47 PM com.sugarcrm.sugar.VoodooControl waitForElement
INFO: Find took 5ms.
Dec 18, 2013 5:02:47 PM com.sugarcrm.candybean.automation.control.VControl isDisplayed
INFO: Selenium: determining if control is visible: VControl(VHook(CSS,#alerts))
Dec 18, 2013 5:02:47 PM com.sugarcrm.candybean.automation.VInterface pause
INFO: Pausing for 250ms via thread sleep.
Dec 18, 2013 5:02:47 PM com.sugarcrm.sugar.VoodooControl waitForElement
INFO: Find took 5ms.
Dec 18, 2013 5:02:47 PM com.sugarcrm.candybean.automation.control.VControl isDisplayed
INFO: Selenium: determining if control is visible: VControl(VHook(CSS,#alerts))
Dec 18, 2013 5:02:47 PM com.sugarcrm.candybean.automation.VInterface pause
INFO: Pausing for 250ms via thread sleep.
Dec 18, 2013 5:02:47 PM com.sugarcrm.sugar.VoodooControl waitForElement
INFO: Find took 6ms.
Dec 18, 2013 5:02:47 PM com.sugarcrm.candybean.automation.control.VControl isDisplayed
INFO: Selenium: determining if control is visible: VControl(VHook(CSS,#alerts))
Dec 18, 2013 5:02:47 PM com.sugarcrm.candybean.automation.VInterface pause
INFO: Pausing for 250ms via thread sleep.
Dec 18, 2013 5:02:48 PM com.sugarcrm.sugar.VoodooControl waitForElement
INFO: Find took 5ms.
Dec 18, 2013 5:02:48 PM com.sugarcrm.candybean.automation.control.VControl isDisplayed
INFO: Selenium: determining if control is visible: VControl(VHook(CSS,#alerts))
Dec 18, 2013 5:02:48 PM com.sugarcrm.candybean.automation.VInterface pause
INFO: Pausing for 250ms via thread sleep.
Dec 18, 2013 5:02:48 PM com.sugarcrm.sugar.VoodooControl waitForElement
INFO: Find took 7ms.
Dec 18, 2013 5:02:48 PM com.sugarcrm.candybean.automation.control.VControl isDisplayed
INFO: Selenium: determining if control is visible: VControl(VHook(CSS,#alerts))
Dec 18, 2013 5:02:48 PM com.sugarcrm.candybean.automation.VInterface pause
INFO: Pausing for 250ms via thread sleep.
Dec 18, 2013 5:02:48 PM com.sugarcrm.sugar.VoodooControl waitForElement
INFO: Find took 6ms.
Dec 18, 2013 5:02:48 PM com.sugarcrm.candybean.automation.control.VControl isDisplayed
INFO: Selenium: determining if control is visible: VControl(VHook(CSS,#alerts))
Dec 18, 2013 5:02:48 PM com.sugarcrm.candybean.automation.VInterface pause
INFO: Pausing for 250ms via thread sleep.
Dec 18, 2013 5:02:48 PM com.sugarcrm.sugar.VoodooControl waitForElement
INFO: Find took 5ms.
Dec 18, 2013 5:02:48 PM com.sugarcrm.candybean.automation.control.VControl isDisplayed
INFO: Selenium: determining if control is visible: VControl(VHook(CSS,#alerts))
Dec 18, 2013 5:02:48 PM com.sugarcrm.candybean.automation.VInterface pause
INFO: Pausing for 250ms via thread sleep.
Dec 18, 2013 5:02:49 PM com.sugarcrm.sugar.VoodooControl waitForElement
INFO: Find took 5ms.
Dec 18, 2013 5:02:49 PM com.sugarcrm.candybean.automation.control.VControl isDisplayed
INFO: Selenium: determining if control is visible: VControl(VHook(CSS,#alerts))
Dec 18, 2013 5:02:49 PM com.sugarcrm.candybean.automation.VInterface pause
INFO: Pausing for 250ms via thread sleep.
Dec 18, 2013 5:02:49 PM com.sugarcrm.sugar.VoodooControl waitForElement
INFO: Find took 5ms.
Dec 18, 2013 5:02:49 PM com.sugarcrm.candybean.automation.control.VControl isDisplayed
INFO: Selenium: determining if control is visible: VControl(VHook(CSS,#alerts))
Dec 18, 2013 5:02:49 PM com.sugarcrm.candybean.automation.VInterface pause
INFO: Pausing for 250ms via thread sleep.
Dec 18, 2013 5:02:49 PM com.sugarcrm.sugar.VoodooControl waitForElement
INFO: Find took 7ms.
Dec 18, 2013 5:02:49 PM com.sugarcrm.candybean.automation.control.VControl isDisplayed
INFO: Selenium: determining if control is visible: VControl(VHook(CSS,#alerts))
Dec 18, 2013 5:02:49 PM com.sugarcrm.candybean.automation.VInterface pause
INFO: Pausing for 250ms via thread sleep.
Dec 18, 2013 5:02:49 PM com.sugarcrm.sugar.VoodooControl waitForElement
INFO: Find took 5ms.
Dec 18, 2013 5:02:49 PM com.sugarcrm.candybean.automation.control.VControl isDisplayed
INFO: Selenium: determining if control is visible: VControl(VHook(CSS,#alerts))
Dec 18, 2013 5:02:49 PM com.sugarcrm.candybean.automation.VInterface pause
INFO: Pausing for 250ms via thread sleep.
Dec 18, 2013 5:02:50 PM com.sugarcrm.sugar.VoodooControl waitForElement
INFO: Find took 6ms.
Dec 18, 2013 5:02:50 PM com.sugarcrm.candybean.automation.control.VControl isDisplayed
INFO: Selenium: determining if control is visible: VControl(VHook(CSS,#alerts))
Dec 18, 2013 5:02:50 PM com.sugarcrm.candybean.automation.VInterface pause
INFO: Pausing for 250ms via thread sleep.
Dec 18, 2013 5:02:50 PM com.sugarcrm.sugar.VoodooControl waitForElement
INFO: Find took 5ms.
Dec 18, 2013 5:02:50 PM com.sugarcrm.candybean.automation.control.VControl isDisplayed
INFO: Selenium: determining if control is visible: VControl(VHook(CSS,#alerts))
Dec 18, 2013 5:02:50 PM com.sugarcrm.candybean.automation.VInterface pause
INFO: Pausing for 250ms via thread sleep.
Dec 18, 2013 5:02:50 PM com.sugarcrm.sugar.VoodooControl waitForElement
INFO: Find took 6ms.
Dec 18, 2013 5:02:50 PM com.sugarcrm.candybean.automation.control.VControl isDisplayed
INFO: Selenium: determining if control is visible: VControl(VHook(CSS,#alerts))
Dec 18, 2013 5:02:50 PM com.sugarcrm.candybean.automation.VInterface pause
INFO: Pausing for 250ms via thread sleep.
Dec 18, 2013 5:02:50 PM com.sugarcrm.sugar.VoodooControl waitForElement
INFO: Find took 7ms.
Dec 18, 2013 5:02:50 PM com.sugarcrm.candybean.automation.control.VControl isDisplayed
INFO: Selenium: determining if control is visible: VControl(VHook(CSS,#alerts))
Dec 18, 2013 5:02:50 PM com.sugarcrm.candybean.automation.VInterface pause
INFO: Pausing for 250ms via thread sleep.
Dec 18, 2013 5:02:51 PM com.sugarcrm.sugar.VoodooControl waitForElement
INFO: Find took 5ms.
Dec 18, 2013 5:02:51 PM com.sugarcrm.candybean.automation.control.VControl isDisplayed
INFO: Selenium: determining if control is visible: VControl(VHook(CSS,#alerts))
Dec 18, 2013 5:02:51 PM com.sugarcrm.candybean.automation.VInterface pause
INFO: Pausing for 250ms via thread sleep.
Dec 18, 2013 5:02:51 PM com.sugarcrm.sugar.VoodooControl waitForElement
INFO: Find took 6ms.
Dec 18, 2013 5:02:51 PM com.sugarcrm.candybean.automation.control.VControl isDisplayed
INFO: Selenium: determining if control is visible: VControl(VHook(CSS,#alerts))
Dec 18, 2013 5:02:51 PM com.sugarcrm.candybean.automation.VInterface pause
INFO: Pausing for 250ms via thread sleep.
Dec 18, 2013 5:02:51 PM com.sugarcrm.sugar.VoodooControl waitForElement
INFO: Find took 6ms.
Dec 18, 2013 5:02:51 PM com.sugarcrm.candybean.automation.control.VControl isDisplayed
INFO: Selenium: determining if control is visible: VControl(VHook(CSS,#alerts))
Dec 18, 2013 5:02:51 PM com.sugarcrm.candybean.automation.VInterface pause
INFO: Pausing for 250ms via thread sleep.
Dec 18, 2013 5:02:51 PM com.sugarcrm.sugar.VoodooControl waitForElement
INFO: Find took 6ms.
Dec 18, 2013 5:02:51 PM com.sugarcrm.candybean.automation.control.VControl isDisplayed
INFO: Selenium: determining if control is visible: VControl(VHook(CSS,#alerts))
Dec 18, 2013 5:02:51 PM com.sugarcrm.candybean.automation.VInterface pause
INFO: Pausing for 250ms via thread sleep.
Dec 18, 2013 5:02:52 PM com.sugarcrm.sugar.VoodooControl waitForElement
INFO: Find took 6ms.
Dec 18, 2013 5:02:52 PM com.sugarcrm.candybean.automation.control.VControl isDisplayed
INFO: Selenium: determining if control is visible: VControl(VHook(CSS,#alerts))
Dec 18, 2013 5:02:52 PM com.sugarcrm.candybean.automation.VInterface pause
INFO: Pausing for 250ms via thread sleep.
Dec 18, 2013 5:02:52 PM com.sugarcrm.sugar.VoodooControl waitForElement
INFO: Find took 5ms.
Dec 18, 2013 5:02:52 PM com.sugarcrm.candybean.automation.control.VControl isDisplayed
INFO: Selenium: determining if control is visible: VControl(VHook(CSS,#alerts))
Dec 18, 2013 5:02:52 PM com.sugarcrm.candybean.automation.VInterface pause
INFO: Pausing for 250ms via thread sleep.
Dec 18, 2013 5:02:52 PM com.sugarcrm.sugar.VoodooControl waitForElement
INFO: Find took 5ms.
Dec 18, 2013 5:02:52 PM com.sugarcrm.candybean.automation.control.VControl isDisplayed
INFO: Selenium: determining if control is visible: VControl(VHook(CSS,#alerts))
Dec 18, 2013 5:02:52 PM com.sugarcrm.candybean.automation.VInterface pause
INFO: Pausing for 250ms via thread sleep.
Dec 18, 2013 5:02:53 PM com.sugarcrm.sugar.VoodooControl waitForElement
INFO: Find took 6ms.
Dec 18, 2013 5:02:53 PM com.sugarcrm.candybean.automation.control.VControl isDisplayed
INFO: Selenium: determining if control is visible: VControl(VHook(CSS,#alerts))
Dec 18, 2013 5:02:53 PM com.sugarcrm.candybean.automation.VInterface pause
INFO: Pausing for 250ms via thread sleep.
Dec 18, 2013 5:02:53 PM com.sugarcrm.sugar.VoodooControl waitForElement
INFO: Find took 5ms.
Dec 18, 2013 5:02:53 PM com.sugarcrm.candybean.automation.control.VControl isDisplayed
INFO: Selenium: determining if control is visible: VControl(VHook(CSS,#alerts))
Dec 18, 2013 5:02:53 PM com.sugarcrm.candybean.automation.VInterface pause
INFO: Pausing for 250ms via thread sleep.
Dec 18, 2013 5:02:53 PM com.sugarcrm.sugar.VoodooControl waitForElement
INFO: Find took 5ms.
Dec 18, 2013 5:02:53 PM com.sugarcrm.candybean.automation.control.VControl isDisplayed
INFO: Selenium: determining if control is visible: VControl(VHook(CSS,#alerts))
Dec 18, 2013 5:02:53 PM com.sugarcrm.candybean.automation.VInterface pause
INFO: Pausing for 250ms via thread sleep.
Dec 18, 2013 5:02:53 PM com.sugarcrm.sugar.VoodooControl waitForElement
INFO: Find took 5ms.
Dec 18, 2013 5:02:53 PM com.sugarcrm.candybean.automation.control.VControl isDisplayed
INFO: Selenium: determining if control is visible: VControl(VHook(CSS,#alerts))
Dec 18, 2013 5:02:53 PM com.sugarcrm.candybean.automation.VInterface pause
INFO: Pausing for 250ms via thread sleep.
Dec 18, 2013 5:02:54 PM com.sugarcrm.sugar.VoodooControl waitForElement
INFO: Find took 6ms.
Dec 18, 2013 5:02:54 PM com.sugarcrm.candybean.automation.control.VControl isDisplayed
INFO: Selenium: determining if control is visible: VControl(VHook(CSS,#alerts))
Dec 18, 2013 5:02:54 PM com.sugarcrm.candybean.automation.VInterface pause
INFO: Pausing for 250ms via thread sleep.
Dec 18, 2013 5:02:54 PM com.sugarcrm.sugar.VoodooControl waitForElement
INFO: Find took 6ms.
Dec 18, 2013 5:02:54 PM com.sugarcrm.candybean.automation.control.VControl isDisplayed
INFO: Selenium: determining if control is visible: VControl(VHook(CSS,#alerts))
Dec 18, 2013 5:02:54 PM com.sugarcrm.candybean.automation.VInterface pause
INFO: Pausing for 250ms via thread sleep.
Dec 18, 2013 5:02:54 PM com.sugarcrm.sugar.VoodooControl waitForElement
INFO: Find took 6ms.
Dec 18, 2013 5:02:54 PM com.sugarcrm.candybean.automation.control.VControl isDisplayed
INFO: Selenium: determining if control is visible: VControl(VHook(CSS,#alerts))
Dec 18, 2013 5:02:54 PM com.sugarcrm.candybean.automation.VInterface pause
INFO: Pausing for 250ms via thread sleep.
Dec 18, 2013 5:02:54 PM com.sugarcrm.sugar.VoodooControl waitForElement
INFO: Find took 5ms.
Dec 18, 2013 5:02:54 PM com.sugarcrm.candybean.automation.control.VControl isDisplayed
INFO: Selenium: determining if control is visible: VControl(VHook(CSS,#alerts))
Dec 18, 2013 5:02:54 PM com.sugarcrm.candybean.automation.VInterface pause
INFO: Pausing for 250ms via thread sleep.
Dec 18, 2013 5:02:55 PM com.sugarcrm.sugar.VoodooControl waitForElement
INFO: Find took 5ms.
Dec 18, 2013 5:02:55 PM com.sugarcrm.candybean.automation.control.VControl isDisplayed
INFO: Selenium: determining if control is visible: VControl(VHook(CSS,#alerts))
Dec 18, 2013 5:02:55 PM com.sugarcrm.candybean.automation.VInterface pause
INFO: Pausing for 250ms via thread sleep.
Dec 18, 2013 5:02:55 PM com.sugarcrm.sugar.VoodooControl waitForElement
INFO: Find took 6ms.
Dec 18, 2013 5:02:55 PM com.sugarcrm.candybean.automation.control.VControl isDisplayed
INFO: Selenium: determining if control is visible: VControl(VHook(CSS,#alerts))
Dec 18, 2013 5:02:55 PM com.sugarcrm.candybean.automation.VInterface pause
INFO: Pausing for 250ms via thread sleep.
Dec 18, 2013 5:02:55 PM com.sugarcrm.sugar.VoodooControl waitForElement
INFO: Find took 5ms.
Dec 18, 2013 5:02:55 PM com.sugarcrm.candybean.automation.control.VControl isDisplayed
INFO: Selenium: determining if control is visible: VControl(VHook(CSS,#alerts))
Dec 18, 2013 5:02:55 PM com.sugarcrm.candybean.automation.VInterface pause
INFO: Pausing for 250ms via thread sleep.
Dec 18, 2013 5:02:55 PM com.sugarcrm.sugar.VoodooControl waitForElement
INFO: Find took 5ms.
Dec 18, 2013 5:02:55 PM com.sugarcrm.candybean.automation.control.VControl isDisplayed
INFO: Selenium: determining if control is visible: VControl(VHook(CSS,#alerts))
Dec 18, 2013 5:02:55 PM com.sugarcrm.candybean.automation.VInterface pause
INFO: Pausing for 250ms via thread sleep.
Dec 18, 2013 5:02:56 PM com.sugarcrm.sugar.VoodooControl waitForElement
INFO: Find took 6ms.
Dec 18, 2013 5:02:56 PM com.sugarcrm.candybean.automation.control.VControl isDisplayed
INFO: Selenium: determining if control is visible: VControl(VHook(CSS,#alerts))
Dec 18, 2013 5:02:56 PM com.sugarcrm.candybean.automation.VInterface pause
INFO: Pausing for 250ms via thread sleep.
Dec 18, 2013 5:02:56 PM com.sugarcrm.sugar.VoodooControl waitForElement
INFO: Find took 5ms.
Dec 18, 2013 5:02:56 PM com.sugarcrm.candybean.automation.control.VControl isDisplayed
INFO: Selenium: determining if control is visible: VControl(VHook(CSS,#alerts))
Dec 18, 2013 5:02:56 PM com.sugarcrm.candybean.automation.VInterface pause
INFO: Pausing for 250ms via thread sleep.
Dec 18, 2013 5:02:56 PM com.sugarcrm.sugar.VoodooControl waitForElement
INFO: Find took 6ms.
Dec 18, 2013 5:02:56 PM com.sugarcrm.candybean.automation.control.VControl isDisplayed
INFO: Selenium: determining if control is visible: VControl(VHook(CSS,#alerts))
Dec 18, 2013 5:02:56 PM com.sugarcrm.candybean.automation.VInterface pause
INFO: Pausing for 250ms via thread sleep.
Dec 18, 2013 5:02:56 PM com.sugarcrm.sugar.VoodooControl waitForElement
INFO: Find took 6ms.
Dec 18, 2013 5:02:56 PM com.sugarcrm.candybean.automation.control.VControl isDisplayed
INFO: Selenium: determining if control is visible: VControl(VHook(CSS,#alerts))
Dec 18, 2013 5:02:56 PM com.sugarcrm.candybean.automation.VInterface pause
INFO: Pausing for 250ms via thread sleep.
Dec 18, 2013 5:02:57 PM com.sugarcrm.sugar.VoodooControl waitForElement
INFO: Find took 5ms.
Dec 18, 2013 5:02:57 PM com.sugarcrm.candybean.automation.control.VControl isDisplayed
INFO: Selenium: determining if control is visible: VControl(VHook(CSS,#alerts))
Dec 18, 2013 5:02:57 PM com.sugarcrm.candybean.automation.VInterface pause
INFO: Pausing for 250ms via thread sleep.
Dec 18, 2013 5:02:57 PM com.sugarcrm.sugar.VoodooControl waitForElement
INFO: Find took 6ms.
Dec 18, 2013 5:02:57 PM com.sugarcrm.candybean.automation.control.VControl isDisplayed
INFO: Selenium: determining if control is visible: VControl(VHook(CSS,#alerts))
Dec 18, 2013 5:02:57 PM com.sugarcrm.candybean.automation.VInterface pause
INFO: Pausing for 250ms via thread sleep.
Dec 18, 2013 5:02:57 PM com.sugarcrm.sugar.VoodooControl waitForElement
INFO: Find took 6ms.
Dec 18, 2013 5:02:57 PM com.sugarcrm.candybean.automation.control.VControl isDisplayed
INFO: Selenium: determining if control is visible: VControl(VHook(CSS,#alerts))
Dec 18, 2013 5:02:57 PM com.sugarcrm.candybean.automation.VInterface pause
INFO: Pausing for 250ms via thread sleep.
Dec 18, 2013 5:02:57 PM com.sugarcrm.sugar.VoodooControl waitForElement
INFO: Find took 6ms.
Dec 18, 2013 5:02:57 PM com.sugarcrm.candybean.automation.control.VControl isDisplayed
INFO: Selenium: determining if control is visible: VControl(VHook(CSS,#alerts))
Dec 18, 2013 5:02:58 PM com.sugarcrm.candybean.automation.VInterface pause
INFO: Pausing for 250ms via thread sleep.
Dec 18, 2013 5:02:58 PM com.sugarcrm.sugar.VoodooControl waitForElement
INFO: Find took 6ms.
Dec 18, 2013 5:02:58 PM com.sugarcrm.candybean.automation.control.VControl isDisplayed
INFO: Selenium: determining if control is visible: VControl(VHook(CSS,#alerts))
Dec 18, 2013 5:02:58 PM com.sugarcrm.candybean.automation.VInterface pause
INFO: Pausing for 250ms via thread sleep.
Dec 18, 2013 5:02:58 PM com.sugarcrm.sugar.VoodooControl waitForElement
INFO: Find took 5ms.
Dec 18, 2013 5:02:58 PM com.sugarcrm.candybean.automation.control.VControl isDisplayed
INFO: Selenium: determining if control is visible: VControl(VHook(CSS,#alerts))
Dec 18, 2013 5:02:58 PM com.sugarcrm.candybean.automation.VInterface pause
INFO: Pausing for 250ms via thread sleep.
Dec 18, 2013 5:02:58 PM com.sugarcrm.sugar.VoodooControl waitForElement
INFO: Find took 5ms.
Dec 18, 2013 5:02:58 PM com.sugarcrm.candybean.automation.control.VControl isDisplayed
INFO: Selenium: determining if control is visible: VControl(VHook(CSS,#alerts))
Dec 18, 2013 5:02:58 PM com.sugarcrm.candybean.automation.VInterface pause
INFO: Pausing for 250ms via thread sleep.
Dec 18, 2013 5:02:59 PM com.sugarcrm.sugar.VoodooControl waitForElement
INFO: Find took 5ms.
Dec 18, 2013 5:02:59 PM com.sugarcrm.candybean.automation.control.VControl isDisplayed
INFO: Selenium: determining if control is visible: VControl(VHook(CSS,#alerts))
Dec 18, 2013 5:02:59 PM com.sugarcrm.candybean.automation.VInterface pause
INFO: Pausing for 250ms via thread sleep.
Dec 18, 2013 5:02:59 PM com.sugarcrm.sugar.VoodooControl waitForElement
INFO: Find took 6ms.
Dec 18, 2013 5:02:59 PM com.sugarcrm.candybean.automation.control.VControl isDisplayed
INFO: Selenium: determining if control is visible: VControl(VHook(CSS,#alerts))
Dec 18, 2013 5:02:59 PM com.sugarcrm.candybean.automation.VInterface pause
INFO: Pausing for 250ms via thread sleep.
Dec 18, 2013 5:02:59 PM com.sugarcrm.sugar.VoodooControl waitForElement
INFO: Find took 6ms.
Dec 18, 2013 5:02:59 PM com.sugarcrm.candybean.automation.control.VControl isDisplayed
INFO: Selenium: determining if control is visible: VControl(VHook(CSS,#alerts))
Dec 18, 2013 5:03:04 PM com.sugarcrm.sugar.VoodooControl waitForElement
INFO: Waited 5036ms, 5036ms elapsed so far.
Dec 18, 2013 5:03:09 PM com.sugarcrm.sugar.VoodooControl waitForElement
INFO: Waited 5040ms, 10076ms elapsed so far.
Dec 18, 2013 5:03:14 PM com.sugarcrm.sugar.VoodooControl waitForElement
INFO: Waited 5009ms, 15086ms elapsed so far.
Dec 18, 2013 5:03:14 PM com.sugarcrm.sugar.VoodooControl waitForElement
INFO: Waited 15086ms for &lt;div css=&quot;#alerts .cancel&quot; /&gt;.
Dec 18, 2013 5:03:14 PM com.sugarcrm.sugar.VoodooControl waitForElement
INFO: Find took 13ms.
Dec 18, 2013 5:03:14 PM com.sugarcrm.candybean.automation.control.VControl isDisplayed
INFO: Selenium: determining if control is visible: VControl(VHook(CSS,#alerts .close))
Dec 18, 2013 5:03:14 PM com.sugarcrm.sugar.VoodooControl click
INFO: Clicking &lt;a css=&quot;#alerts .close&quot; /&gt;.
Dec 18, 2013 5:03:14 PM com.sugarcrm.sugar.VoodooControl waitForElement
INFO: Find took 6ms.
Dec 18, 2013 5:03:14 PM com.sugarcrm.sugar.VoodooControl waitForElement
INFO: Find took 5ms.
Dec 18, 2013 5:03:14 PM com.sugarcrm.candybean.automation.control.VControl isDisplayed
INFO: Selenium: determining if control is visible: VControl(VHook(CSS,#alerts .close))
Dec 18, 2013 5:03:14 PM com.sugarcrm.sugar.VoodooControl waitForElement
INFO: Find took 4ms.
Dec 18, 2013 5:03:14 PM com.sugarcrm.candybean.automation.control.VControl isDisplayed
INFO: Selenium: determining if control is visible: VControl(VHook(CSS,#alerts .close))
Dec 18, 2013 5:03:14 PM com.sugarcrm.sugar.VoodooControl waitForVisible
INFO: &lt;a css=&quot;#alerts .close&quot; /&gt; became visible in 34ms.
Dec 18, 2013 5:03:14 PM com.sugarcrm.candybean.automation.control.VControl click
INFO: Selenium: clicking on control: VControl(VHook(CSS,#alerts .close))
Dec 18, 2013 5:03:14 PM com.sugarcrm.candybean.automation.VInterface pause
INFO: Pausing for 500ms via thread sleep.
Dec 18, 2013 5:03:15 PM com.sugarcrm.sugar.VoodooControl waitForElement
INFO: Find took 6ms.
Dec 18, 2013 5:03:15 PM com.sugarcrm.candybean.automation.control.VControl isDisplayed
INFO: Selenium: determining if control is visible: VControl(VHook(CSS,#alerts))
Dec 18, 2013 5:03:15 PM com.sugarcrm.sugar.VoodooControl waitForElement
INFO: Find took 5ms.
Dec 18, 2013 5:03:15 PM com.sugarcrm.candybean.automation.control.VControl isDisplayed
INFO: Selenium: determining if control is visible: VControl(VHook(CSS,#alerts))
Dec 18, 2013 5:03:15 PM com.sugarcrm.sugar.VoodooControl waitForElement
INFO: Find took 12ms.
Dec 18, 2013 5:03:15 PM com.sugarcrm.sugar.VoodooControl waitForElement
INFO: Find took 5ms.
Dec 18, 2013 5:03:15 PM com.sugarcrm.candybean.automation.control.VControl isDisplayed
INFO: Selenium: determining if control is visible: VControl(VHook(XPATH,//a[@data-original-title = &apos;Quick Create&apos;]))
Dec 18, 2013 5:03:15 PM com.sugarcrm.sugar.VoodooControl waitForElement
INFO: Find took 5ms.
Dec 18, 2013 5:03:15 PM com.sugarcrm.candybean.automation.control.VControl isDisplayed
INFO: Selenium: determining if control is visible: VControl(VHook(XPATH,//a[@data-original-title = &apos;Quick Create&apos;]))
Dec 18, 2013 5:03:15 PM com.sugarcrm.sugar.VoodooControl waitForVisible
INFO: &lt;a xpath=&quot;//a[@data-original-title = &apos;Quick Create&apos;]&quot; /&gt; became visible in 42ms.
Dec 18, 2013 5:03:15 PM com.sugarcrm.sugar.VoodooControl waitForElement
INFO: Find took 12ms.
Dec 18, 2013 5:03:15 PM com.sugarcrm.sugar.VoodooControl waitForElement
INFO: Find took 5ms.
Dec 18, 2013 5:03:15 PM com.sugarcrm.candybean.automation.control.VControl isDisplayed
INFO: Selenium: determining if control is visible: VControl(VHook(CSS,.headerpane))
Dec 18, 2013 5:03:15 PM com.sugarcrm.sugar.VoodooControl waitForElement
INFO: Find took 5ms.
Dec 18, 2013 5:03:15 PM com.sugarcrm.candybean.automation.control.VControl isDisplayed
INFO: Selenium: determining if control is visible: VControl(VHook(CSS,.headerpane))
Dec 18, 2013 5:03:15 PM com.sugarcrm.sugar.VoodooControl waitForVisible
INFO: &lt;div css=&quot;.headerpane&quot; /&gt; became visible in 43ms.
Dec 18, 2013 5:03:15 PM com.sugarcrm.candybean.automation.VInterface pause
INFO: Pausing for 3000ms via thread sleep.
Dec 18, 2013 5:03:19 PM com.sugarcrm.sugar.modules.RecordsModule$Api create
INFO: Before create: totalCount = null
Dec 18, 2013 5:03:19 PM com.sugarcrm.sugar.modules.RecordsModule$Api create
INFO: After create: totalCount = null
Dec 18, 2013 5:03:19 PM com.sugarcrm.test.SugarTest baseSetup
INFO: Accounts_17289 setup complete.
Dec 18, 2013 5:03:19 PM com.sugarcrm.test.SugarTest baseSetup
INFO: SugarTest setup complete.
Dec 18, 2013 5:03:19 PM com.sugarcrm.test.accounts.Accounts_17289 execute
INFO: Running Accounts_17289...
Dec 18, 2013 5:03:19 PM com.sugarcrm.sugar.modules.RecordsModule navToListView
INFO: Navigating to Clients module ListView...
Dec 18, 2013 5:03:19 PM com.sugarcrm.sugar.VoodooControl waitForElement
INFO: Find took 15ms.
Dec 18, 2013 5:03:19 PM com.sugarcrm.candybean.automation.control.VControl isDisplayed
INFO: Selenium: determining if control is visible: VControl(VHook(ID,moreDrop))
Dec 18, 2013 5:03:19 PM com.sugarcrm.sugar.VoodooControl click
INFO: Clicking &lt;a xpath=&quot;//div[@class = &apos;btn-group&apos;]/a[contains(text(),&apos;Clients&apos;)]&quot; /&gt;.
Dec 18, 2013 5:03:19 PM com.sugarcrm.sugar.VoodooControl waitForElement
INFO: Find took 12ms.
Dec 18, 2013 5:03:19 PM com.sugarcrm.sugar.VoodooControl waitForElement
INFO: Find took 5ms.
Dec 18, 2013 5:03:19 PM com.sugarcrm.candybean.automation.control.VControl isDisplayed
INFO: Selenium: determining if control is visible: VControl(VHook(XPATH,//div[@class = &apos;btn-group&apos;]/a[contains(text(),&apos;Clients&apos;)]))
Dec 18, 2013 5:03:19 PM com.sugarcrm.sugar.VoodooControl waitForElement
INFO: Find took 5ms.
Dec 18, 2013 5:03:19 PM com.sugarcrm.candybean.automation.control.VControl isDisplayed
INFO: Selenium: determining if control is visible: VControl(VHook(XPATH,//div[@class = &apos;btn-group&apos;]/a[contains(text(),&apos;Clients&apos;)]))
Dec 18, 2013 5:03:19 PM com.sugarcrm.sugar.VoodooControl waitForVisible
INFO: &lt;a xpath=&quot;//div[@class = &apos;btn-group&apos;]/a[contains(text(),&apos;Clients&apos;)]&quot; /&gt; became visible in 43ms.
Dec 18, 2013 5:03:19 PM com.sugarcrm.candybean.automation.control.VControl click
INFO: Selenium: clicking on control: VControl(VHook(XPATH,//div[@class = &apos;btn-group&apos;]/a[contains(text(),&apos;Clients&apos;)]))
Dec 18, 2013 5:03:20 PM com.sugarcrm.candybean.automation.VInterface pause
INFO: Pausing for 3000ms via thread sleep.
Dec 18, 2013 5:03:23 PM com.sugarcrm.sugar.VoodooControl waitForElement
INFO: Find took 7ms.
Dec 18, 2013 5:03:23 PM com.sugarcrm.candybean.automation.control.VControl isDisplayed
INFO: Selenium: determining if control is visible: VControl(VHook(CSS,#alerts))
Dec 18, 2013 5:03:23 PM com.sugarcrm.sugar.VoodooControl click
INFO: Clicking &lt;i css=&quot;div[data-voodoo-name=&apos;recordlist&apos;] tbody tr:nth-of-type(1) .icon-favorite&quot; /&gt;.
Dec 18, 2013 5:03:28 PM com.sugarcrm.sugar.VoodooControl waitForElement
INFO: Waited 5033ms, 5033ms elapsed so far.
Dec 18, 2013 5:03:33 PM com.sugarcrm.sugar.VoodooControl waitForElement
INFO: Waited 5036ms, 10069ms elapsed so far.
Dec 18, 2013 5:03:38 PM com.sugarcrm.sugar.VoodooControl waitForElement
INFO: Waited 5065ms, 15134ms elapsed so far.
Dec 18, 2013 5:03:38 PM com.sugarcrm.sugar.VoodooControl waitForElement
INFO: Waited 15134ms for &lt;i css=&quot;div[data-voodoo-name=&apos;recordlist&apos;] tbody tr:nth-of-type(1) .icon-favorite&quot; /&gt;.
Dec 18, 2013 5:03:38 PM com.sugarcrm.test.SugarTest baseCleanup
INFO: Cleaning up SugarTest...
Dec 18, 2013 5:03:38 PM com.sugarcrm.test.SugarTest baseCleanup
INFO: Cleaning up Accounts_17289...
Dec 18, 2013 5:03:39 PM com.sugarcrm.sugar.VoodooControl click
INFO: Clicking &lt;a css=&quot;span[data-voodoo-name=&apos;filter-filter-dropdown&apos;] .select2-choice-type&quot; /&gt;.
Dec 18, 2013 5:03:44 PM com.sugarcrm.sugar.VoodooControl waitForElement
INFO: Waited 5043ms, 5043ms elapsed so far.
Dec 18, 2013 5:03:49 PM com.sugarcrm.sugar.VoodooControl waitForElement
INFO: Waited 5036ms, 10080ms elapsed so far.
Dec 18, 2013 5:03:54 PM com.sugarcrm.sugar.VoodooControl waitForElement
INFO: Waited 5001ms, 15082ms elapsed so far.
Dec 18, 2013 5:03:54 PM com.sugarcrm.sugar.VoodooControl waitForElement
INFO: Waited 15082ms for &lt;a css=&quot;span[data-voodoo-name=&apos;filter-filter-dropdown&apos;] .select2-choice-type&quot; /&gt;.
</system-err>
  </testcase>
  <testcase time="103.776" classname="com.sugarcrm.test.accounts.Accounts_17289" name="execute">
    <error type="com.sugarcrm.sugar.UnfoundElementException">com.sugarcrm.sugar.UnfoundElementException
	at com.sugarcrm.sugar.VoodooControl.waitForElement(VoodooControl.java:138)
	at com.sugarcrm.sugar.VoodooControl.waitForElement(VoodooControl.java:79)
	at com.sugarcrm.sugar.VoodooControl.waitForVisible(VoodooControl.java:181)
	at com.sugarcrm.sugar.VoodooControl.waitForVisible(VoodooControl.java:150)
	at com.sugarcrm.sugar.VoodooControl.click(VoodooControl.java:327)
	at com.sugarcrm.sugar.views.ListView.openFilterDropdown(ListView.java:395)
	at com.sugarcrm.test.accounts.Accounts_17289.cleanup(Accounts_17289.java:50)
	at com.sugarcrm.test.SugarTest.baseCleanup(SugarTest.java:70)
	at sun.reflect.NativeMethodAccessorImpl.invoke0(Native Method)
	at sun.reflect.NativeMethodAccessorImpl.invoke(NativeMethodAccessorImpl.java:57)
	at sun.reflect.DelegatingMethodAccessorImpl.invoke(DelegatingMethodAccessorImpl.java:43)
	at java.lang.reflect.Method.invoke(Method.java:606)
	at org.junit.runners.model.FrameworkMethod$1.runReflectiveCall(FrameworkMethod.java:44)
	at org.junit.internal.runners.model.ReflectiveCallable.run(ReflectiveCallable.java:15)
	at org.junit.runners.model.FrameworkMethod.invokeExplosively(FrameworkMethod.java:41)
	at org.junit.internal.runners.statements.RunAfters.evaluate(RunAfters.java:37)
	at org.junit.runners.BlockJUnit4ClassRunner.runChild(BlockJUnit4ClassRunner.java:76)
	at org.junit.runners.BlockJUnit4ClassRunner.runChild(BlockJUnit4ClassRunner.java:50)
	at org.junit.runners.ParentRunner$3.run(ParentRunner.java:193)
	at org.junit.runners.ParentRunner$1.schedule(ParentRunner.java:52)
	at org.junit.runners.ParentRunner.runChildren(ParentRunner.java:191)
	at org.junit.runners.ParentRunner.access$000(ParentRunner.java:42)
	at org.junit.runners.ParentRunner$2.evaluate(ParentRunner.java:184)
	at org.junit.internal.runners.statements.RunBefores.evaluate(RunBefores.java:28)
	at org.junit.internal.runners.statements.RunAfters.evaluate(RunAfters.java:31)
	at org.junit.runners.ParentRunner.run(ParentRunner.java:236)
	at org.apache.maven.surefire.junit4.JUnit4Provider.execute(JUnit4Provider.java:252)
	at org.apache.maven.surefire.junit4.JUnit4Provider.executeTestSet(JUnit4Provider.java:141)
	at org.apache.maven.surefire.junit4.JUnit4Provider.invoke(JUnit4Provider.java:112)
	at sun.reflect.NativeMethodAccessorImpl.invoke0(Native Method)
	at sun.reflect.NativeMethodAccessorImpl.invoke(NativeMethodAccessorImpl.java:57)
	at sun.reflect.DelegatingMethodAccessorImpl.invoke(DelegatingMethodAccessorImpl.java:43)
	at java.lang.reflect.Method.invoke(Method.java:606)
	at org.apache.maven.surefire.util.ReflectionUtils.invokeMethodWithArray(ReflectionUtils.java:189)
	at org.apache.maven.surefire.booter.ProviderFactory$ProviderProxy.invoke(ProviderFactory.java:165)
	at org.apache.maven.surefire.booter.ProviderFactory.invokeProvider(ProviderFactory.java:85)
	at org.apache.maven.surefire.booter.ForkedBooter.runSuitesInProcess(ForkedBooter.java:115)
	at org.apache.maven.surefire.booter.ForkedBooter.main(ForkedBooter.java:75)
</error>
  </testcase>
</testsuite>